162.038006, 15 
162.03812, 15 
162.041139, 15 
162.057082, 15 
162.072973, 15 
162.073012, 15 
162.096851, 15 
162.096875, 15 
162.112847, 15 
162.128775, 15 
162.128847, 15 
162.128853, 15 
162.140824, 15 
162.140832, 15 
162.1567, 15 
162.176792, 15 
162.192614, 15 
162.197608, 15 
162.209155, 15 
162.209234, 15 
162.232873, 15 
162.232894, 15 
162.253629, 15 
162.272841, 15 
162.292702, 15 
162.325254, 15 
162.325409, 15 
162.344773, 15 
162.349242, 15 
162.349259, 15 
162.369335, 15 
162.369388, 15 
162.388908, 15 
162.388973, 15 
162.40462, 15 
162.409163, 15 
162.428803, 15 
162.428837, 15 
162.433017, 15 
162.449027, 15 
162.476655, 15 
162.476735, 15 
162.496836, 15 
162.516789, 15 
162.516827, 15 
162.516916, 15 
162.536802, 15 
162.536842, 15 
162.560667, 15 
162.588663, 15 
162.592611, 15 
162.592711, 15 
162.600735, 15 
162.60075, 15 
162.624645, 15 
162.645082, 15 
162.652687, 15 
162.676678, 15 
162.681194, 15 
162.697307, 15 
162.697415, 15 
162.716957, 15 
162.717041, 15 
162.737275, 15 
162.757222, 15 
162.772699, 15 
162.772748, 15 
162.793089, 15 
162.808783, 15 
162.813003, 15 
162.813084, 15 
162.833009, 15 
162.833035, 15 
162.856889, 15 
162.8768, 15 
162.876852, 15 
162.892659, 15 
162.908779, 15 
162.908878, 15 
162.928748, 15 
162.940835, 15 
162.961013, 15 
162.961041, 15 
162.976954, 15 
162.996679, 15 
162.996705, 15 
163.020709, 15 
163.020788, 15 
163.025499, 15 
163.037379, 15 
163.057456, 15 
163.057478, 15 
163.077358, 15 
163.084682, 15 
163.089345, 15 
163.105189, 15 
163.105265, 15 
163.105308, 15 
163.124636, 16 
163.124679, 16 
163.12918, 16 
163.144661, 16 
163.161113, 16 
163.164758, 16 
163.16484, 16 
163.192751, 16 
163.201065, 16 
163.201101, 16 
163.212694, 16 
163.216977, 16 
163.228729, 16 
163.228754, 16 
163.244684, 16 
163.268795, 16 
163.272773, 16 
163.288655, 16 
163.292728, 16 
163.304634, 16 
163.304731, 16 
163.316671, 16 
163.316716, 16 
163.336697, 16 
163.348707, 16 
163.348727, 16 
163.373512, 16 
163.389003, 16 
163.389111, 16 
163.393435, 16 
163.412894, 16 
163.425447, 16 
163.425479, 16 
163.436545, 16 
163.436637, 16 
163.453271, 16 
163.453289, 16 
163.473235, 16 
163.484753, 16 
163.484794, 16 
163.502232, 16 
163.50473, 16 
163.504792, 16 
163.52118, 16 
163.521193, 16 
163.541149, 16 
163.541179, 16 
163.557896, 16 
163.557971, 16 
163.560993, 16 
163.585291, 16 
163.601731, 16 
163.601874, 16 
163.620913, 16 
163.636648, 16 
163.636675, 16 
163.653485, 16 
163.653973, 16 
163.656806, 16 
163.668827, 16 
163.682885, 16 
163.682899, 16 
163.682929, 16 
163.688717, 16 
163.709672, 16 
163.729176, 16 
163.729228, 16 
163.729288, 16 
163.745546, 16 
163.761235, 16 
163.761257, 16 
163.772762, 16 
163.792723, 16 
163.792756, 16 
163.808649, 16 
163.81948, 16 
163.81959, 16 
163.820873, 16 
163.833598, 16 
163.833694, 16 
163.853248, 16 
163.853269, 16 
163.873179, 16 
163.884677, 16 
163.884706, 16 
163.888879, 16 
163.908955, 16 
163.920724, 16 
163.925018, 16 
163.939831, 16 
163.940846, 16 
163.960921, 16 
163.960954, 16 
163.97924, 16 
163.979318, 16 
163.992818, 16 
164.004852, 16 
164.004883, 16 
164.024888, 16 
164.044703, 16 
164.056681, 16 
164.0567, 16 
164.072669, 16 
164.072734, 16 
164.084867, 16 
164.089569, 16 
164.109527, 16 
164.128792, 16 
164.128891, 16 
164.145346, 16 
164.145353, 16 
164.161119, 16 
164.165745, 16 
164.181081, 16 
164.185554, 16 
164.204662, 16 
164.209261, 16 
164.22873, 16 
164.245186, 16 
164.24521, 16 
164.261332, 16 
164.261396, 16 
164.27312, 16 
164.288679, 16 
164.309046, 16 
164.30907, 16 
164.319703, 16 
164.352387, 16 
164.352411, 16 
164.377251, 16 
164.381008, 16 
164.384861, 16 
164.404757, 16 
164.420026, 16 
164.420119, 16 
164.420178, 16 
164.448762, 16 
164.448799, 16 
164.46899, 16 
164.471513, 16 
164.471775, 16 
164.492853, 16 
164.509943, 16 
164.52982, 16 
164.529973, 16 
164.54929, 16 
164.549373, 16 
164.565003, 16 
164.567487, 16 
164.567557, 16 
164.593128, 16 
164.617302, 16 
164.617449, 16 
164.636799, 16 
164.636926, 16 
164.652228, 16 
164.654142, 16 
164.669307, 16 
164.673281, 16 
164.697003, 16 
164.697161, 16 
164.713803, 16 
164.728474, 16 
164.734066, 16 
164.753079, 16 
164.765546, 16 
164.781034, 16 
164.784953, 16 
164.804957, 16 
164.805126, 16 
164.836696, 16 
164.836749, 16 
164.862345, 16 
164.869324, 16 
164.869875, 16 
164.889122, 16 
164.889655, 16 
164.926054, 16 
164.926123, 16 
164.959577, 16 
164.985003, 16 
164.985303, 16 
165.014055, 16 
165.014398, 16 
165.026558, 16 
165.049503, 16 
165.068826, 16 
165.069021, 16 
165.093414, 16 
165.118084, 16 
165.134294, 16 
165.156202, 16 
165.162667, 16 
165.189757, 16 
165.189765, 16 
165.196386, 16 
165.229906, 16 
165.259893, 16 
165.260242, 16 
165.285414, 16 
165.30037, 16 
165.300529, 16 
165.301058, 16 
165.328696, 16 
165.328771, 16 
165.352945, 16 
165.382332, 16 
165.392973, 16 
165.393002, 16 
165.404868, 16 
165.40999, 16 
165.436698, 16 
165.440909, 16 
165.460712, 16 
165.481394, 16 
165.481429, 16 
165.500715, 16 
165.500743, 16 
165.518581, 16 
165.518661, 16 
165.540797, 16 
165.556767, 16 
165.556816, 16 
165.572742, 16 
165.592723, 16 
165.597676, 16 
165.612926, 16 
165.634386, 16 
165.634465, 16 
165.641343, 16 
165.661185, 16 
165.664948, 16 
165.684878, 16 
165.700878, 16 
165.700902, 16 
165.713124, 16 
165.728655, 16 
165.733135, 16 
165.746619, 16 
165.746682, 16 
165.748633, 16 
165.760782, 16 
165.773037, 16 
165.77306, 16 
165.787984, 16 
165.81265, 16 
165.817201, 16 
165.836691, 16 
165.852634, 16 
165.852663, 16 
165.871448, 16 
165.872639, 16 
165.891692, 16 
165.891713, 16 
165.90461, 16 
165.909519, 16 
165.925486, 16 
165.945492, 16 
165.945527, 16 
165.966656, 16 
165.968651, 16 
165.973378, 16 
165.99263, 16 
165.997942, 16 
166.024723, 16 
166.042777, 16 
166.045221, 16 
166.064635, 16 
166.086706, 16 
166.086774, 16 
166.089062, 16 
166.109114, 16 
166.109154, 16 
166.129601, 16 
166.129653, 16 
166.152661, 16 
166.156954, 16 
166.172883, 16 
166.188882, 16 
166.189043, 16 
166.19284, 16 
166.221354, 16 
166.224759, 16 
166.248649, 16 
166.261679, 16 
166.280661, 16 
166.280686, 16 
166.297059, 16 
166.297131, 16 
166.312786, 16 
166.312809, 16 
166.325464, 16 
166.347437, 16 
166.347467, 16 
166.360807, 16 
166.385343, 16 
166.38536, 16 
166.405191, 16 
166.420813, 16 
166.420854, 16 
166.425211, 16 
166.428858, 16 
166.449141, 16 
166.464702, 16 
166.464752, 16 
166.480987, 16 
166.48497, 16 
166.508609, 16 
166.513015, 16 
166.520877, 16 
166.544636, 16 
166.544657, 16 
166.568684, 16 
166.572819, 16 
166.592715, 16 
166.592856, 16 
166.600719, 16 
166.620685, 16 
166.640664, 16 
166.645648, 16 
166.669186, 16 
166.700831, 16 
166.700906, 16 
166.705488, 16 
166.724658, 16 
166.732914, 16 
166.756704, 16 
166.756853, 16 
166.760647, 16 
166.780611, 16 
166.78528, 16 
166.805203, 16 
166.824653, 16 
166.829083, 16 
166.844643, 16 
166.849024, 16 
166.849086, 16 
166.868998, 16 
166.89296, 16 
166.892981, 16 
166.912925, 16 
166.932635, 16 
166.932652, 16 
166.952763, 16 
166.977073, 16 
166.977347, 16 
166.980674, 16 
167.000686, 16 
167.000691, 16 
167.016644, 16 
167.021646, 16 
167.044874, 16 
167.048601, 16 
167.061477, 16 
167.061495, 16 
167.076637, 16 
167.092722, 16 
167.092803, 16 
167.092816, 16 
167.112648, 16 
167.136658, 16 
167.141292, 16 
167.165256, 16 
167.165349, 16 
167.165356, 16 
167.184624, 16 
167.189121, 16 
167.208617, 16 
167.22916, 16 
167.229201, 16 
167.250489, 16 
167.256983, 16 
167.257063, 16 
167.272631, 16 
167.284654, 16 
167.288916, 16 
167.304623, 16 
167.308797, 16 
167.340755, 16 
167.360642, 16 
167.360673, 16 
167.36071, 16 
167.380694, 16 
167.405569, 16 
167.4056, 16 
167.424637, 16 
167.424677, 16 
167.429569, 16 
167.453396, 16 
167.473379, 16 
167.473387, 16 
167.473463, 16 
167.493339, 16 
167.493362, 16 
167.513252, 16 
167.537521, 16 
167.537603, 16 
167.561233, 16 
167.579399, 16 
167.579448, 16 
167.57952, 16 
167.604674, 16 
167.617032, 16 
167.621046, 16 
167.648996, 16 
167.649032, 16 
167.6744, 16 
167.698732, 16 
167.698757, 16 
167.698806, 16 
167.725698, 16 
167.748776, 16 
167.752665, 16 
167.771851, 16 
167.771927, 16 
167.773414, 16 
167.793514, 16 
167.816977, 16 
167.832705, 16 
167.834634, 16 
167.834788, 16 
167.859908, 16 
167.876715, 16 
167.876734, 16 
167.893301, 16 
167.905104, 16 
167.905281, 16 
167.925195, 16 
167.937145, 16 
167.94114, 16 
167.957157, 16 
167.973374, 16 
167.973407, 16 
167.984745, 16 
168.001248, 16 
168.003133, 16 
168.032775, 16 
168.050484, 16 
168.050534, 16 
168.052852, 16 
168.068831, 16 
168.084712, 16 
168.089861, 16 
168.089913, 16 
168.108717, 16 
168.112735, 16 
168.132622, 16 
168.132649, 16 
168.13271, 16 
168.148752, 16 
168.162741, 16 
168.185584, 16 
168.185614, 16 
168.204703, 16 
168.208773, 16 
168.241015, 16 
168.259571, 16 
168.259715, 16 
168.280868, 16 
168.280903, 16 
168.304644, 16 
168.309143, 16 
168.32115, 16 
168.340917, 16 
168.344635, 16 
168.360632, 16 
168.360704, 16 
168.388706, 16 
168.392956, 16 
168.408646, 16 
168.413175, 16 
168.413316, 16 
168.416661, 16 
168.436851, 16 
168.460737, 16 
168.460773, 16 
168.46084, 16 
168.481126, 16 
168.500663, 16 
168.505606, 16 
168.516683, 16 
168.53354, 16 
168.533574, 16 
168.553921, 16 
168.564479, 16 
168.564562, 16 
168.56518, 16 
168.585422, 16 
168.605361, 16 
168.605392, 16 
168.628676, 16 
168.628707, 16 
168.648698, 16 
168.66612, 16 
168.666172, 16 
168.673229, 16 
168.693195, 16 
168.693234, 16 
168.714893, 16 
168.714942, 16 
168.73732, 16 
168.741009, 16 
168.75667, 16 
168.771009, 16 
168.771083, 16 
168.776876, 16 
168.792653, 16 
168.794127, 16 
168.82066, 16 
168.824754, 16 
168.848673, 16 
168.864625, 16 
168.865091, 16 
168.865156, 16 
168.888671, 16 
168.904712, 16 
168.904728, 16 
168.929589, 16 
168.929617, 16 
168.945505, 16 
168.961433, 16 
168.970623, 16 
168.9707, 16 
168.973372, 16 
168.992675, 16 
168.997343, 16 
169.009294, 16 
169.020826, 16 
169.020858, 16 
169.036118, 16 
169.036133, 16 
169.036188, 16 
169.064838, 16 
169.069208, 16 
169.069218, 16 
169.085985, 16 
169.089069, 16 
169.105058, 16 
169.120651, 16 
169.121716, 16 
169.121786, 16 
169.137026, 16 
169.15712, 16 
169.157127, 16 
169.180701, 16 
169.204788, 16 
169.204848, 16 
169.224739, 16 
169.22548, 16 
169.225663, 16 
169.256676, 16 
169.277573, 16 
169.281192, 16 
169.301108, 16 
169.317465, 16 
169.333498, 16 
169.353616, 16 
169.35366, 16 
169.353841, 16 
169.373345, 16 
169.385326, 16 
169.401344, 16 
169.412169, 16 
169.413134, 16 
169.42928, 16 
169.444639, 16 
169.46354, 16 
169.463745, 16 
169.468894, 16 
169.481061, 16 
169.497058, 16 
169.497111, 16 
169.509021, 16 
169.532714, 16 
169.532734, 16 
169.55116, 16 
169.551238, 16 
169.572673, 16 
169.576865, 16 
169.592711, 16 
169.612735, 16 
169.624706, 16 
169.624731, 16 
169.641636, 16 
169.669575, 16 
169.669656, 16 
169.669663, 16 
169.689425, 16 
169.70864, 16 
169.708659, 16 
169.737005, 16 
169.740696, 16 
169.761265, 16 
169.784691, 16 
169.784757, 16 
169.789252, 16 
169.808664, 16 
169.833033, 16 
169.833217, 16 
169.833361, 16 
169.853085, 16 
169.853454, 16 
169.873015, 16 
169.888736, 16 
169.888805, 16 
169.892898, 16 
169.908642, 16 
169.920641, 16 
169.924855, 16 
169.940861, 16 
169.96466, 16 
169.969471, 16 
169.984709, 16 
169.984808, 16 
170.00468, 16 
170.00864, 16 
170.029541, 16 
170.044635, 16 
170.048633, 16 
170.072656, 16 
170.07661, 16 
170.101383, 16 
170.101456, 16 
170.121321, 16 
170.121341, 16 
170.145193, 16 
170.164754, 16 
170.1692, 16 
170.19263, 16 
170.19709, 16 
170.220649, 16 
170.220764, 16 
170.244647, 16 
170.249026, 16 
170.268963, 16 
170.268988, 16 
170.292843, 16 
170.309091, 16 
170.309157, 16 
170.332726, 16 
170.33284, 16 
170.352675, 16 
170.356644, 16 
170.373409, 16 
170.389666, 16 
170.408911, 16 
170.429542, 16 
170.429678, 16 
170.449489, 16 
170.449584, 16 
170.449594, 16 
170.468753, 16 
170.493376, 16 
170.493405, 16 
170.493464, 16 
170.512612, 16 
170.512637, 16 
170.541284, 16 
170.56944, 16 
170.569726, 16 
170.569737, 16 
170.588683, 16 
170.609025, 16 
170.609048, 16 
170.633047, 16 
170.652647, 16 
170.656687, 16 
170.676845, 16 
170.680873, 16 
170.700688, 16 
170.728684, 16 
170.732673, 16 
170.744635, 16 
170.749681, 16 
170.772647, 16 
170.776647, 16 
170.776752, 16 
170.804856, 16 
170.804893, 16 
170.820903, 16 
170.832214, 16 
170.83346, 16 
170.833475, 16 
170.872642, 16 
170.876641, 16 
170.892192, 16 
170.893205, 16 
170.893216, 16 
170.908712, 16 
170.913278, 16 
170.929489, 16 
170.949149, 16 
170.949167, 16 
170.968668, 16 
170.992958, 16 
170.993041, 16 
170.993046, 16 
171.005082, 16 
171.020969, 16 
171.020986, 16 
171.036943, 16 
171.056814, 16 
171.056976, 16 
171.068846, 16 
171.06889, 16 
171.080912, 16 
171.081011, 16 
171.108626, 16 
171.112741, 16 
171.112778, 16 
171.128888, 16 
171.148643, 16 
171.148669, 16 
171.169497, 16 
171.180626, 16 
171.185429, 16 
171.1855, 16 
171.192735, 16 
171.192768, 16 
171.209074, 16 
171.22484, 16 
171.229511, 16 
171.244811, 16 
171.260903, 16 
171.260965, 16 
171.261106, 16 
171.289026, 16 
171.28907, 16 
171.321124, 16 
171.32115, 16 
171.345097, 16 
171.360972, 16 
171.364934, 16 
171.381879, 16 
171.385316, 16 
171.385345, 16 
171.404939, 16 
171.420807, 16 
171.421368, 16 
171.424879, 16 
171.444826, 16 
171.468924, 16 
171.469021, 16 
171.492281, 16 
171.492622, 16 
171.496684, 16 
171.51309, 16 
171.532723, 16 
171.536818, 16 
171.549475, 16 
171.556605, 16 
171.573438, 16 
171.592963, 16 
171.59674, 16 
171.596777, 16 
171.6208, 16 
171.624629, 16 
171.637927, 16 
171.653197, 16 
171.660295, 16 
171.661139, 16 
171.672622, 16 
171.685182, 16 
171.701231, 16 
171.706267, 16 
171.709059, 16 
171.70907, 16 
171.721025, 16 
171.740763, 16 
171.75292, 16 
171.765429, 16 
171.769145, 16 
171.769172, 16 
171.788975, 16 
171.804878, 16 
171.808815, 16 
171.820758, 16 
171.836703, 16 
171.836709, 16 
171.859151, 16 
171.860634, 16 
171.860652, 16 
171.8727, 16 
171.888605, 16 
171.890248, 16 
171.904611, 16 
171.904629, 16 
171.923761, 16 
171.9456, 16 
171.948719, 16 
171.948737, 16 
171.965714, 16 
171.984239, 16 
171.984372, 16 
171.984609, 16 
172.008951, 16 
172.008976, 16 
172.024814, 16 
172.024828, 16 
172.028776, 16 
172.040714, 16 
172.056703, 16 
172.056719, 16 
172.07717, 16 
172.092779, 16 
172.092801, 16 
172.113069, 16 
172.127579, 16 
172.128902, 16 
172.12891, 16 
172.144774, 16 
172.148884, 16 
172.156843, 16 
172.172824, 16 
172.172845, 16 
172.191844, 16 
172.219521, 16 
172.220662, 16 
172.220672, 16 
172.236736, 16 
172.236769, 16 
172.253441, 16 
172.256664, 16 
172.273282, 16 
172.273306, 16 
172.28894, 16 
172.288984, 16 
172.289042, 16 
172.313523, 16 
172.313555, 16 
172.337435, 16 
172.340877, 16 
172.365357, 16 
172.389245, 16 
172.401014, 16 
172.421105, 16 
172.421208, 16 
172.421216, 16 
172.433136, 16 
172.444884, 16 
172.457162, 16 
172.465053, 16 
172.484837, 16 
172.492671, 16 
172.504769, 16 
172.504907, 16 
172.508959, 16 
172.532927, 16 
172.552845, 16 
172.552895, 16 
172.576778, 16 
172.5768, 16 
172.593043, 16 
172.606057, 16 
172.608689, 16 
172.608722, 16 
172.628656, 16 
172.628678, 16 
172.644628, 16 
172.665521, 16 
172.665538, 16 
172.688681, 16 
172.692376, 16 
172.692641, 16 
172.716626, 16 
172.737577, 16 
172.737661, 16 
172.764638, 16 
172.788805, 16 
172.788863, 16 
172.816627, 16 
172.818968, 16 
172.821154, 16 
172.845115, 16 
172.845124, 16 
172.869023, 16 
172.884672, 16 
172.888651, 16 
172.912638, 16 
172.920838, 16 
172.944146, 16 
172.944622, 16 
172.948634, 16 
172.972741, 16 
172.996652, 16 
173.000696, 16 
173.019596, 16 
173.021018, 16 
173.028936, 16 
173.044674, 16 
173.049473, 16 
173.064856, 16 
173.085677, 16 
173.100867, 16 
173.115697, 16 
173.116953, 16 
173.116969, 16 
173.137236, 16 
173.149051, 16 
173.159785, 16 
173.1599, 16 
173.181092, 16 
173.185085, 16 
173.205123, 16 
173.220639, 16 
173.22469, 16 
173.241025, 16 
173.252764, 16 
173.254344, 16 
173.254436, 16 
173.276899, 16 
173.276922, 16 
173.296917, 16 
173.312791, 16 
173.312817, 16 
173.332779, 16 
173.332802, 16 
173.352504, 16 
173.352567, 16 
173.376936, 16 
173.376953, 16 
173.396204, 16 
173.39624, 16 
173.396288, 16 
173.416689, 16 
173.432683, 16 
173.437528, 16 
173.45541, 16 
173.455515, 16 
173.461391, 16 
173.47909, 16 
173.500822, 16 
173.505637, 16 
173.524834, 16 
173.524862, 16 
173.535804, 16 
173.554073, 16 
173.557255, 16 
173.573132, 16 
173.573151, 16 
173.593086, 16 
173.593125, 16 
173.61299, 16 
173.631438, 16 
173.632665, 16 
173.653948, 16 
173.657396, 16 
173.657508, 16 
173.680859, 16 
173.680871, 16 
173.700124, 16 
173.700166, 16 
173.71675, 16 
173.728756, 16 
173.728779, 16 
173.756175, 16 
173.756297, 16 
173.781601, 16 
173.781644, 16 
173.804811, 16 
173.825111, 16 
173.825136, 16 
173.845444, 16 
173.845462, 16 
173.860061, 16 
173.860157, 16 
173.865701, 16 
173.88539, 16 
173.912853, 16 
173.912914, 16 
173.936728, 16 
173.956707, 16 
173.958247, 16 
173.977724, 16 
173.977787, 16 
173.993016, 16 
173.993051, 16 
174.008978, 16 
174.029958, 16 
174.030042, 16 
174.032912, 16 
174.052846, 16 
174.064735, 16 
174.065482, 16 
174.065518, 16 
174.084756, 16 
174.08478, 16 
174.107637, 16 
174.128743, 16 
174.130834, 16 
174.130878, 16 
174.153015, 16 
174.168679, 16 
174.16871, 16 
174.182801, 16 
174.182862, 16 
174.184794, 16 
174.201424, 16 
174.215452, 16 
174.216746, 16 
174.21682, 16 
174.23336, 16 
174.249357, 16 
174.249393, 16 
174.269287, 16 
174.289218, 16 
174.289251, 16 
174.307369, 16 
174.307398, 16 
174.307507, 16 
174.329217, 16 
174.348668, 16 
174.364766, 16 
174.364793, 16 
174.385031, 16 
174.385054, 16 
174.404859, 16 
174.421256, 16 
174.421326, 16 
174.424921, 16 
174.44072, 16 
174.444963, 16 
174.462611, 16 
174.462687, 16 
174.484667, 16 
174.4847, 16 
174.504654, 16 
174.507124, 16 
174.529613, 16 
174.544908, 16 
174.54503, 16 
174.5609, 16 
174.585551, 16 
174.585569, 16 
174.600816, 16 
174.614405, 16 
174.617432, 16 
174.637159, 16 
174.637228, 16 
174.660749, 16 
174.681587, 16 
174.685151, 16 
174.699237, 16 
174.720113, 16 
174.72024, 16 
174.729021, 16 
174.7493, 16 
174.75274, 16 
174.773882, 16 
174.773938, 16 
174.776638, 16 
174.796885, 16 
174.81238, 16 
174.812401, 16 
174.813229, 16 
174.828908, 16 
174.828915, 16 
174.848877, 16 
174.864659, 16 
174.868661, 16 
174.892802, 16 
174.892842, 16 
174.906835, 16 
174.906907, 16 
174.924609, 16 
174.929456, 16 
174.941477, 16 
174.96061, 16 
174.965389, 16 
174.984611, 16 
174.98928, 16 
175.003302, 16 
175.004702, 16 
175.009815, 16 
175.028862, 16 
175.028892, 16 
175.04855, 16 
175.048705, 16 
175.065207, 16 
175.065237, 16 
175.081104, 16 
175.095541, 16 
175.095637, 16 
175.117053, 16 
175.128721, 16 
175.128754, 16 
175.148877, 16 
175.16884, 16 
175.168862, 16 
175.188877, 16 
175.20881, 16 
175.212809, 16 
175.212841, 16 
175.220722, 16 
175.240719, 16 
175.240741, 16 
175.256669, 16 
175.273629, 16 
175.27365, 16 
175.288649, 16 
175.291424, 16 
175.308624, 16 
175.31218, 16 
175.32465, 16 
175.328718, 16 
175.345442, 16 
175.360704, 16 
175.365377, 16 
175.379442, 16 
175.379558, 16 
175.380631, 16 
175.40069, 16 
175.420704, 16 
175.425238, 16 
175.439628, 16 
175.441192, 16 
175.456632, 16 
175.468411, 16 
175.468526, 16 
175.489054, 16 
175.489071, 16 
175.508648, 16 
175.524903, 16 
175.524926, 16 
175.544622, 16 
175.560644, 16 
175.561748, 16 
175.561843, 16 
175.584728, 16 
175.588734, 16 
175.608755, 16 
175.624942, 16 
175.62558, 16 
175.644659, 16 
175.644687, 16 
175.662712, 16 
175.662785, 16 
175.68945, 16 
175.697433, 16 
175.697463, 16 
175.716706, 16 
175.72142, 16 
175.740662, 16 
175.763183, 16 
175.763221, 16 
175.76326, 16 
175.7812, 16 
175.781223, 16 
175.796669, 16 
175.812006, 16 
175.812072, 16 
175.816853, 16 
175.829343, 16 
175.829378, 16 
175.847788, 16 
175.849257, 16 
175.864613, 16 
175.869047, 16 
175.888909, 16 
175.888931, 16 
175.904975, 16 
175.920903, 16 
175.920933, 16 
175.935981, 16 
175.936659, 16 
175.940832, 16 
175.956742, 16 
175.972774, 16 
175.972818, 16 
175.988715, 16 
175.994429, 16 
176.012668, 16 
176.036377, 16 
176.036605, 16 
176.041569, 16 
176.05755, 16 
176.057569, 17 
176.076399, 17 
176.076759, 17 
176.097331, 17 
176.09735, 17 
176.113315, 17 
176.129704, 17 
176.133411, 17 
176.133457, 17 
176.146257, 17 
176.149296, 17 
176.17325, 17 
176.189167, 17 
176.189193, 17 
176.208619, 17 
176.228665, 17 
176.232987, 17 
176.2486, 17 
176.252991, 17 
176.269017, 17 
176.269023, 17 
176.282861, 17 
176.284813, 17 
176.301285, 17 
176.304895, 17 
176.316626, 17 
176.321124, 17 
176.336819, 17 
176.352435, 17 
176.35263, 17 
176.356708, 17 
176.372718, 17 
176.384244, 17 
176.384263, 17 
176.384702, 17 
176.412662, 17 
176.417321, 17 
176.440772, 17 
176.461242, 17 
176.461271, 17 
176.472664, 17 
176.493341, 17 
176.493387, 17 
176.493455, 17 
176.513279, 17 
176.529263, 17 
176.529292, 17 
176.557154, 17 
176.568849, 17 
176.573091, 17 
176.597071, 17 
176.625282, 17 
176.6254, 17 
176.625418, 17 
176.652766, 17 
176.661016, 17 
176.684747, 17 
176.684827, 17 
176.708707, 17 
176.712819, 17 
176.736667, 17 
176.740735, 17 
176.740868, 17 
176.76508, 17 
176.777786, 17 
176.777871, 17 
176.8055, 17 
176.80551, 17 
176.820702, 17 
176.844779, 17 
176.844816, 17 
176.844912, 17 
176.864635, 17 
176.869355, 17 
176.889333, 17 
176.904633, 17 
176.909258, 17 
176.929175, 17 
176.9418, 17 
176.941841, 17 
176.941913, 17 
176.961159, 17 
176.973132, 17 
176.989149, 17 
177.004685, 17 
177.00899, 17 
177.028672, 17 
177.032962, 17 
177.063269, 17 
177.063467, 17 
177.084728, 17 
177.084737, 17 
177.100408, 17 
177.100433, 17 
177.124869, 17 
177.144796, 17 
177.149649, 17 
177.168715, 17 
177.168818, 17 
177.172658, 17 
177.188697, 17 
177.193905, 17 
177.213469, 17 
177.236671, 17 
177.241348, 17 
177.261337, 17 
177.281238, 17 
177.28134, 17 
177.281356, 17 
177.30917, 17 
177.309195, 17 
177.328836, 17 
177.341018, 17 
177.341042, 17 
177.365035, 17 
177.384676, 17 
177.388729, 17 
177.388748, 17 
177.400694, 17 
177.400703, 17 
177.420835, 17 
177.440631, 17 
177.444782, 17 
177.468657, 17 
177.468697, 17 
177.468782, 17 
177.484761, 17 
177.505613, 17 
177.508709, 17 
177.524991, 17 
177.528996, 17 
177.545064, 17 
177.545076, 17 
177.56893, 17 
177.569052, 17 
177.584698, 17 
177.588796, 17 
177.609366, 17 
177.620905, 17 
177.620953, 17 
177.639754, 17 
177.644661, 17 
177.658362, 17 
177.658486, 17 
177.680702, 17 
177.697168, 17 
177.709195, 17 
177.709224, 17 
177.72072, 17 
177.725029, 17 
177.748563, 17 
177.748588, 17 
177.748628, 17 
177.760677, 17 
177.780941, 17 
177.780964, 17 
177.793495, 17 
177.793541, 17 
177.796886, 17 
177.816797, 17 
177.83279, 17 
177.846566, 17 
177.846656, 17 
177.848924, 17 
177.864709, 17 
177.888885, 17 
177.888909, 17 
177.901614, 17 
177.919039, 17 
177.920842, 17 
177.934614, 17 
177.934696, 17 
177.937461, 17 
177.956905, 17 
177.976808, 17 
177.976815, 17 
178.000703, 17 
178.029212, 17 
178.029236, 17 
178.046004, 17 
178.046063, 17 
178.049227, 17 
178.065155, 17 
178.084137, 17 
178.084184, 17 
178.084225, 17 
178.101086, 17 
178.120745, 17 
178.125023, 17 
178.137589, 17 
178.141181, 17 
178.141292, 17 
178.161074, 17 
178.161133, 17 
178.185015, 17 
178.204626, 17 
178.204701, 17 
178.224743, 17 
178.248922, 17 
178.249286, 17 
178.252699, 17 
178.281573, 17 
178.304634, 17 
178.308668, 17 
178.332645, 17 
178.337475, 17 
178.361043, 17 
178.361057, 17 
178.361924, 17 
178.380901, 17 
178.401101, 17 
178.424851, 17 
178.429377, 17 
178.42953, 17 
178.449359, 17 
178.449396, 17 
178.476645, 17 
178.501091, 17 
178.501358, 17 
178.504648, 17 
178.532899, 17 
178.552676, 17 
178.556651, 17 
178.576723, 17 
178.576805, 17 
178.584805, 17 
178.60471, 17 
178.632662, 17 
178.636982, 17 
178.637098, 17 
178.66082, 17 
178.660884, 17 
178.672931, 17 
178.688679, 17 
178.704694, 17 
178.709802, 17 
178.71667, 17 
178.716693, 17 
178.721407, 17 
178.737319, 17 
178.756757, 17 
178.756783, 17 
178.775779, 17 
178.80464, 17 
178.809641, 17 
178.809683, 17 
178.829116, 17 
178.829144, 17 
178.845347, 17 
178.849105, 17 
178.849123, 17 
178.868958, 17 
178.880431, 17 
178.880454, 17 
178.880689, 17 
178.904679, 17 
178.932805, 17 
178.932846, 17 
178.95281, 17 
178.95283, 17 
178.97264, 17 
178.976941, 17 
178.994096, 17 
178.996842, 17 
179.017646, 17 
179.020619, 17 
179.044626, 17 
179.049453, 17 
179.073521, 17 
179.085466, 17 
179.085488, 17 
179.10125, 17 
179.1054, 17 
179.121323, 17 
179.121343, 17 
179.133249, 17 
179.149243, 17 
179.149267, 17 
179.164617, 17 
179.164624, 17 
179.180077, 17 
179.180593, 17 
179.209116, 17 
179.209197, 17 
179.21319, 17 
179.236057, 17 
179.236113, 17 
179.252978, 17 
179.253003, 17 
179.2687, 17 
179.284541, 17 
179.284616, 17 
179.288946, 17 
179.304836, 17 
179.324633, 17 
179.324656, 17 
179.340868, 17 
179.352759, 17 
179.364717, 17 
179.378507, 17 
179.380688, 17 
179.380705, 17 
179.396652, 17 
179.412884, 17 
179.412914, 17 
179.424876, 17 
179.444362, 17 
179.445051, 17 
179.462214, 17 
179.465451, 17 
179.480686, 17 
179.480728, 17 
179.495796, 17 
179.495822, 17 
179.497353, 17 
179.513379, 17 
179.513387, 17 
179.540819, 17 
179.540942, 17 
179.545262, 17 
179.569188, 17 
179.569223, 17 
179.588619, 17 
179.608637, 17 
179.628999, 17 
179.629026, 17 
179.65297, 17 
179.66478, 17 
179.664816, 17 
179.664888, 17 
179.684857, 17 
179.69665, 17 
179.696699, 17 
179.716746, 17 
179.716766, 17 
179.733874, 17 
179.736663, 17 
179.759751, 17 
179.759842, 17 
179.780968, 17 
179.784701, 17 
179.808918, 17 
179.828727, 17 
179.82881, 17 
179.832722, 17 
179.8527, 17 
179.857476, 17 
179.877316, 17 
179.896646, 17 
179.896675, 17 
179.917138, 17 
179.917298, 17 
179.936672, 17 
179.95667, 17 
179.962851, 17 
179.964788, 17 
179.9648, 17 
179.984894, 17 
179.984902, 17 
179.995813, 17 
179.995915, 17 
180.016843, 17 
180.01688, 17 
180.036952, 17 
180.05283, 17 
180.052923, 17 
180.064622, 17 
180.067715, 17 
180.084822, 17 
180.084954, 17 
180.096743, 17 
180.096772, 17 
180.112652, 17 
180.112672, 17 
180.132727, 17 
180.156671, 17 
180.161526, 17 
180.181569, 17 
180.18165, 17 
180.197546, 17 
180.197568, 17 
180.220782, 17 
180.220789, 17 
180.241319, 17 
180.260837, 17 
180.260869, 17 
180.27358, 17 
180.273669, 17 
180.27727, 17 
180.288667, 17 
180.304622, 17 
180.306644, 17 
180.324635, 17 
180.324659, 17 
180.344938, 17 
180.369414, 17 
180.369685, 17 
180.372991, 17 
180.389004, 17 
180.408649, 17 
180.412918, 17 
180.432877, 17 
180.444865, 17 
180.444883, 17 
180.460745, 17 
180.464745, 17 
180.464823, 17 
180.480678, 17 
180.500695, 17 
180.521641, 17 
180.521663, 17 
180.537605, 17 
180.548833, 17 
180.551494, 17 
180.551562, 17 
180.55285, 17 
180.568931, 17 
180.584812, 17 
180.596489, 17 
180.596554, 17 
180.616685, 17 
180.636445, 17 
180.636469, 17 
180.63653, 17 
180.657269, 17 
180.657328, 17 
180.677285, 17 
180.693219, 17 
180.693241, 17 
180.708647, 17 
180.713283, 17 
180.726303, 17 
180.726395, 17 
180.744494, 17 
180.749448, 17 
180.765125, 17 
180.782453, 17 
180.782483, 17 
180.80084, 17 
180.800865, 17 
180.821364, 17 
180.821445, 17 
180.824882, 17 
180.840788, 17 
180.861721, 17 
180.861748, 17 
180.880624, 17 
180.88467, 17 
180.913696, 17 
180.92235, 17 
180.92241, 17 
180.925515, 17 
180.941505, 17 
180.95663, 17 
180.957428, 17 
180.957459, 17 
180.973395, 17 
180.973422, 17 
180.993429, 17 
181.004374, 17 
181.004458, 17 
181.021018, 17 
181.024729, 17 
181.040689, 17 
181.056563, 17 
181.076697, 17 
181.076728, 17 
181.101203, 17 
181.114291, 17 
181.114411, 17 
181.11681, 17 
181.13709, 17 
181.161145, 17 
181.168926, 17 
181.188953, 17 
181.20363, 17 
181.208827, 17 
181.231156, 17 
181.231401, 17 
181.23668, 17 
181.256677, 17 
181.256712, 17 
181.280815, 17 
181.284994, 17 
181.285028, 17 
181.308904, 17 
181.323147, 17 
181.323181, 17 
181.323261, 17 
181.34942, 17 
181.360791, 17 
181.364847, 17 
181.380674, 17 
181.380727, 17 
181.396925, 17 
181.412651, 17 
181.423401, 17 
181.42349, 17 
181.445177, 17 
181.445207, 17 
181.463898, 17 
181.464062, 17 
181.481152, 17 
181.501134, 17 
181.50492, 17 
181.524136, 17 
181.524656, 17 
181.536821, 17 
181.546037, 17 
181.548628, 17 
181.548642, 17 
181.560773, 17 
181.572689, 17 
181.573375, 17 
181.576769, 17 
181.588688, 17 
181.608746, 17 
181.608792, 17 
181.620791, 17 
181.624696, 17 
181.642886, 17 
181.642893, 17 
181.669591, 17 
181.693413, 17 
181.693449, 17 
181.712616, 17 
181.735324, 17 
181.735331, 17 
181.737374, 17 
181.75663, 17 
181.761301, 17 
181.781202, 17 
181.797142, 17 
181.797163, 17 
181.82083, 17 
181.82086, 17 
181.839541, 17 
181.839624, 17 
181.852991, 17 
181.869046, 17 
181.869075, 17 
181.889667, 17 
181.892978, 17 
181.892991, 17 
181.908876, 17 
181.920896, 17 
181.936802, 17 
181.936828, 17 
181.956741, 17 
181.960816, 17 
181.981078, 17 
181.984698, 17 
182.004767, 17 
182.00487, 17 
182.020725, 17 
182.033374, 17 
182.052939, 17 
182.061522, 17 
182.062109, 17 
182.062185, 17 
182.07677, 17 
182.093409, 17 
182.108663, 17 
182.108691, 17 
182.125303, 17 
182.125336, 17 
182.141241, 17 
182.153054, 17 
182.153126, 17 
182.15315, 17 
182.164643, 17 
182.177153, 17 
182.189094, 17 
182.200954, 17 
182.220653, 17 
182.224645, 17 
182.240717, 17 
182.240785, 17 
182.245052, 17 
182.260924, 17 
182.260966, 17 
182.276973, 17 
182.276995, 17 
182.293525, 17 
182.312896, 17 
182.312953, 17 
182.312959, 17 
182.328715, 17 
182.328742, 17 
182.344707, 17 
182.344784, 17 
182.34479, 17 
182.3607, 17 
182.373695, 17 
182.373724, 17 
182.388705, 17 
182.388712, 17 
182.416834, 17 
182.419685, 17 
182.419756, 17 
182.44146, 17 
182.449449, 17 
182.464704, 17 
182.481436, 17 
182.491019, 17 
182.493568, 17 
182.509029, 17 
182.519093, 17 
182.519152, 17 
182.521319, 17 
182.549126, 17 
182.57136, 17 
182.571445, 17 
182.571526, 17 
182.60467, 17 
182.608848, 17 
182.633093, 17 
182.646789, 17 
182.646903, 17 
182.652973, 17 
182.672688, 17 
182.676828, 17 
182.692807, 17 
182.716817, 17 
182.716827, 17 
182.732718, 17 
182.73405, 17 
182.73416, 17 
182.761623, 17 
182.77667, 17 
182.781609, 17 
182.800699, 17 
182.805597, 17 
182.837125, 17 
182.837242, 17 
182.857332, 17 
182.857401, 17 
182.857409, 17 
182.86867, 17 
182.8847, 17 
182.884722, 17 
182.884772, 17 
182.909319, 17 
182.909349, 17 
182.928663, 17 
182.93325, 17 
182.949389, 17 
182.9612, 17 
182.973059, 17 
182.990638, 17 
182.990715, 17 
182.993001, 17 
183.012991, 17 
183.02866, 17 
183.029491, 17 
183.029631, 17 
183.048859, 17 
183.068642, 17 
183.068672, 17 
183.080702, 17 
183.080709, 17 
183.100665, 17 
183.116648, 17 
183.11667, 17 
183.116994, 17 
183.137567, 17 
183.156738, 17 
183.156768, 17 
183.165939, 17 
183.165975, 17 
183.180762, 17 
183.180792, 17 
183.196717, 17 
183.209703, 17 
183.209768, 17 
183.229433, 17 
183.229458, 17 
183.240742, 17 
183.257708, 17 
183.268257, 17 
183.269184, 17 
183.289002, 17 
183.293216, 17 
183.293245, 17 
183.309169, 17 
183.325276, 17 
183.341366, 17 
183.356725, 17 
183.367222, 17 
183.367308, 17 
183.368996, 17 
183.388026, 17 
183.404044, 17 
183.406138, 17 
183.424873, 17 
183.440831, 17 
183.440852, 17 
183.45439, 17 
183.456632, 17 
183.460781, 17 
183.47675, 17 
183.496928, 17 
183.497006, 17 
183.517595, 17 
183.542357, 17 
183.545497, 17 
183.561587, 17 
183.565538, 17 
183.581455, 17 
183.581481, 17 
183.601327, 17 
183.616083, 17 
183.616613, 17 
183.621302, 17 
183.640834, 17 
183.644654, 17 
183.660255, 17 
183.660318, 17 
183.673233, 17 
183.673263, 17 
183.692222, 17 
183.713253, 17 
183.729024, 17 
183.729046, 17 
183.745015, 17 
183.765749, 17 
183.765855, 17 
183.768954, 17 
183.788853, 17 
183.788867, 17 
183.808799, 17 
183.824688, 17 
183.828773, 17 
183.848687, 17 
183.863895, 17 
183.86401, 17 
183.864627, 17 
183.885642, 17 
183.904665, 17 
183.908758, 17 
183.941565, 17 
183.941603, 17 
183.957922, 17 
183.963342, 17 
183.963438, 17 
183.985381, 17 
183.9854, 17 
184.004913, 17 
184.00931, 17 
184.021581, 17 
184.021605, 17 
184.041231, 17 
184.053396, 17 
184.053452, 17 
184.057198, 17 
184.068667, 17 
184.068673, 17 
184.08505, 17 
184.104744, 17 
184.109105, 17 
184.132985, 17 
184.154855, 17 
184.154921, 17 
184.160958, 17 
184.180908, 17 
184.180936, 17 
184.200734, 17 
184.220785, 17 
184.220816, 17 
184.241077, 17 
184.250636, 17 
184.250718, 17 
184.251942, 17 
184.277604, 17 
184.277622, 17 
184.298433, 17 
184.301474, 17 
184.320632, 17 
184.341808, 17 
184.342049, 17 
184.352664, 17 
184.380622, 17 
184.387221, 17 
184.387285, 17 
184.392752, 17 
184.397275, 17 
184.41719, 17 
184.429254, 17 
184.440491, 17 
184.440622, 17 
184.441233, 17 
184.452795, 17 
184.461051, 17 
184.473017, 17 
184.49308, 17 
184.500971, 17 
184.5087, 17 
184.509633, 17 
184.509759, 17 
184.532921, 17 
184.552794, 17 
184.552821, 17 
184.57969, 17 
184.580764, 17 
184.600714, 17 
184.604697, 17 
184.623858, 17 
184.62398, 17 
184.644946, 17 
184.644968, 17 
184.660687, 17 
184.680646, 17 
184.680682, 17 
184.696839, 17 
184.715229, 17 
184.715253, 17 
184.715353, 17 
184.740727, 17 
184.740735, 17 
184.765306, 17 
184.780724, 17 
184.785286, 17 
184.800665, 17 
184.804958, 17 
184.81841, 17 
184.82063, 17 
184.833106, 17 
184.833137, 17 
184.852634, 17 
184.856801, 17 
184.867847, 17 
184.880614, 17 
184.899929, 17 
184.899952, 17 
184.900933, 17 
184.912629, 17 
184.916883, 17 
184.932616, 17 
184.950538, 17 
184.952665, 17 
184.952686, 17 
184.97686, 17 
184.994989, 17 
184.995012, 17 
184.996624, 17 
185.012641, 17 
185.035721, 17 
185.035743, 17 
185.053549, 17 
185.065519, 17 
185.076743, 17 
185.080837, 17 
185.081735, 17 
185.081802, 17 
185.097422, 17 
185.116822, 17 
185.120667, 17 
185.140682, 17 
185.159931, 17 
185.160786, 17 
185.183708, 17 
185.18373, 17 
185.18519, 17 
185.205134, 17 
185.22888, 17 
185.228915, 17 
185.241376, 17 
185.241432, 17 
185.24147, 17 
185.257026, 17 
185.272913, 17 
185.272945, 17 
185.27694, 17 
185.288852, 17 
185.308907, 17 
185.312984, 17 
185.333113, 17 
185.352914, 17 
185.360633, 17 
185.381839, 17 
185.382089, 17 
185.384675, 17 
185.409512, 17 
185.424706, 17 
185.428747, 17 
185.452693, 17 
185.457404, 17 
185.479195, 17 
185.504675, 17 
185.507677, 17 
185.507747, 17 
185.525301, 17 
185.541247, 17 
185.558552, 17 
185.558577, 17 
185.558632, 17 
185.580718, 17 
185.581615, 17 
185.58168, 17 
185.602441, 17 
185.602484, 17 
185.624702, 17 
185.625477, 17 
185.625522, 17 
185.646828, 17 
185.646873, 17 
185.646921, 17 
185.660858, 17 
185.684859, 17 
185.70089, 17 
185.71671, 17 
185.72093, 17 
185.740814, 17 
185.744695, 17 
185.744761, 17 
185.769611, 17 
185.789671, 17 
185.789678, 17 
185.800691, 17 
185.800759, 17 
185.805448, 17 
185.821059, 17 
185.845381, 17 
185.845404, 17 
185.861406, 17 
185.861428, 17 
185.877385, 17 
185.893412, 17 
185.89349, 17 
185.912655, 17 
185.917233, 17 
185.932656, 17 
185.937176, 17 
185.952667, 17 
185.957281, 17 
185.957356, 17 
185.972686, 17 
185.972715, 17 
185.997058, 17 
186.012633, 17 
186.012662, 17 
186.016845, 17 
186.032955, 17 
186.03301, 17 
186.033022, 17 
186.044657, 17 
186.048837, 17 
186.068859, 17 
186.068894, 17 
186.084719, 17 
186.102444, 17 
186.104748, 17 
186.12079, 17 
186.120889, 17 
186.151118, 17 
186.151173, 17 
186.16468, 17 
186.169586, 17 
186.16963, 17 
186.197283, 17 
186.21666, 17 
186.216674, 17 
186.240699, 17 
186.240782, 17 
186.240789, 17 
186.260653, 17 
186.264711, 17 
186.281263, 17 
186.296668, 17 
186.301224, 17 
186.317131, 17 
186.317145, 17 
186.317227, 17 
186.337088, 17 
186.353045, 17 
186.353066, 17 
186.372673, 17 
186.377022, 17 
186.388931, 17 
186.412923, 17 
186.413031, 17 
186.413068, 17 
186.428846, 17 
186.436834, 17 
186.452983, 17 
186.472714, 17 
186.472782, 17 
186.47279, 17 
186.488694, 17 
186.504688, 17 
186.504714, 17 
186.504789, 17 
186.529611, 17 
186.529634, 17 
186.557505, 17 
186.557539, 17 
186.577551, 17 
186.597356, 17 
186.597386, 17 
186.608717, 17 
186.608806, 17 
186.633323, 17 
186.633378, 17 
186.648657, 17 
186.653651, 17 
186.669242, 17 
186.66925, 17 
186.693256, 17 
186.713152, 17 
186.713163, 17 
186.728744, 17 
186.728794, 17 
186.745315, 17 
186.745321, 17 
186.760995, 17 
186.768659, 17 
186.768705, 17 
186.768716, 17 
186.788935, 17 
186.800916, 17 
186.800949, 17 
186.801001, 17 
186.820809, 17 
186.844655, 17 
186.848684, 17 
186.864664, 17 
186.880649, 17 
186.880675, 17 
186.900672, 17 
186.928724, 17 
186.933433, 17 
186.94405, 17 
186.944064, 17 
186.944586, 17 
186.965545, 17 
186.978134, 17 
186.978156, 17 
186.992783, 17 
187.008047, 17 
187.008089, 17 
187.013305, 17 
187.02929, 17 
187.047745, 17 
187.04777, 17 
187.047799, 17 
187.07316, 17 
187.073191, 17 
187.085944, 17 
187.085962, 17 
187.088961, 17 
187.105028, 17 
187.112767, 17 
187.112786, 17 
187.125143, 17 
187.148959, 17 
187.14899, 17 
187.168904, 17 
187.179644, 17 
187.180685, 17 
187.180703, 17 
187.200712, 17 
187.220742, 17 
187.220784, 17 
187.236656, 17 
187.268572, 17 
187.272857, 17 
187.294361, 17 
187.296636, 17 
187.301562, 17 
187.321506, 17 
187.340657, 17 
187.341256, 17 
187.345405, 17 
187.360947, 17 
187.380654, 17 
187.384714, 17 
187.401273, 17 
187.413182, 17 
187.424636, 17 
187.426299, 17 
187.426379, 17 
187.445153, 17 
187.445175, 17 
187.460602, 17 
187.4607, 17 
187.489058, 17 
187.508624, 17 
187.512927, 17 
187.528933, 17 
187.528959, 17 
187.552889, 17 
187.562823, 17 
187.5629, 17 
187.564766, 17 
187.578816, 17 
187.600859, 17 
187.600879, 17 
187.623126, 17 
187.62316, 17 
187.623189, 17 
187.641173, 17 
187.652716, 17 
187.652759, 17 
187.678167, 17 
187.67849, 17 
187.712775, 17 
187.712822, 17 
187.737317, 17 
187.741334, 17 
187.772688, 17 
187.80121, 17 
187.816154, 17 
187.816178, 17 
187.816706, 17 
187.837559, 17 
187.85308, 17 
187.864744, 17 
187.864752, 17 
187.888969, 17 
187.900833, 17 
187.900861, 17 
187.918004, 17 
187.9181, 17 
187.939004, 17 
187.940755, 17 
187.956667, 17 
187.968704, 17 
187.972689, 17 
187.984796, 17 
188.000854, 17 
188.012351, 17 
188.012428, 17 
188.012929, 17 
188.028635, 17 
188.040718, 17 
188.059128, 17 
188.059148, 17 
188.076993, 17 
188.093442, 17 
188.09347, 17 
188.097431, 17 
188.112675, 17 
188.117373, 17 
188.129312, 17 
188.158005, 17 
188.161265, 17 
188.181181, 17 
188.181222, 17 
188.196985, 17 
188.19712, 17 
188.220662, 17 
188.224785, 17 
188.248917, 17 
188.268864, 17 
188.268996, 17 
188.288667, 17 
188.29294, 17 
188.312897, 17 
188.332838, 17 
188.332865, 17 
188.348699, 17 
188.348906, 17 
188.368911, 17 
188.372661, 17 
188.390816, 17 
188.392804, 17 
188.408756, 17 
188.425545, 17 
188.425581, 17 
188.42956, 17 
188.441453, 17 
188.441469, 17 
188.456873, 17 
188.473409, 17 
188.473433, 17 
188.48932, 17 
188.489396, 17 
188.493481, 17 
188.512884, 17 
188.532774, 17 
188.537249, 17 
188.55332, 17 
188.557229, 17 
188.576796, 17 
188.59864, 17 
188.600745, 17 
188.600792, 17 
188.628979, 17 
188.629034, 18 
188.64901, 18 
188.664893, 18 
188.688792, 18 
188.693275, 18 
188.720676, 18 
188.72477, 18 
188.744709, 18 
188.746442, 18 
188.748688, 18 
188.773006, 18 
188.797781, 18 
188.797856, 18 
188.82501, 18 
188.825104, 18 
188.825123, 18 
188.836729, 18 
188.853343, 18 
188.872876, 18 
188.872884, 18 
188.893281, 18 
188.893318, 18 
188.905377, 18 
188.92528, 18 
188.925366, 18 
188.925385, 18 
188.941107, 18 
188.945202, 18 
188.961025, 18 
188.985255, 18 
188.985283, 18 
189.016909, 18 
189.020727, 18 
189.024875, 18 
189.028931, 18 
189.052918, 18 
189.06922, 18 
189.069299, 18 
189.084775, 18 
189.100824, 18 
189.100844, 18 
189.100922, 18 
189.117645, 18 
189.128727, 18 
189.144942, 18 
189.144963, 18 
189.157134, 18 
189.157149, 18 
189.173441, 18 
189.192784, 18 
189.192863, 18 
189.196609, 18 
189.213462, 18 
189.213489, 18 
189.232776, 18 
189.232797, 18 
189.252684, 18 
189.25269, 18 
189.26906, 18 
189.269335, 18 
189.284877, 18 
189.284889, 18 
189.31271, 18 
189.316705, 18 
189.345082, 18 
189.361031, 18 
189.361051, 18 
189.381043, 18 
189.381117, 18 
189.400907, 18 
189.400936, 18 
189.416821, 18 
189.440856, 18 
189.440884, 18 
189.452893, 18 
189.452912, 18 
189.473159, 18 
189.47319, 18 
189.473256, 18 
189.500683, 18 
189.504765, 18 
189.51696, 18 
189.540936, 18 
189.540959, 18 
189.552857, 18 
189.57735, 18 
189.577423, 18 
189.577429, 18 
189.597424, 18 
189.613412, 18 
189.61344, 18 
189.637347, 18 
189.637376, 18 
189.661213, 18 
189.672623, 18 
189.6727, 18 
189.677158, 18 
189.693108, 18 
189.709119, 18 
189.709165, 18 
189.726612, 18 
189.745051, 18 
189.745076, 18 
189.767046, 18 
189.767099, 18 
189.768986, 18 
189.788685, 18 
189.807959, 18 
189.807987, 18 
189.808024, 18 
189.824866, 18 
189.84075, 18 
189.840786, 18 
189.85829, 18 
189.858364, 18 
189.876654, 18 
189.880668, 18 
189.892674, 18 
189.896664, 18 
189.904693, 18 
189.929601, 18 
189.929623, 18 
189.941069, 18 
189.94114, 18 
189.964699, 18 
189.969467, 18 
189.969482, 18 
189.997305, 18 
189.997358, 18 
190.009262, 18 
190.028683, 18 
190.029658, 18 
190.029705, 18 
190.052768, 18 
190.073159, 18 
190.073193, 18 
190.092467, 18 
190.092568, 18 
190.113069, 18 
190.129022, 18 
190.148957, 18 
190.148983, 18 
190.168863, 18 
190.185153, 18 
190.189002, 18 
190.189037, 18 
190.192805, 18 
190.205107, 18 
190.220683, 18 
190.224696, 18 
190.240714, 18 
190.240743, 18 
190.249087, 18 
190.25265, 18 
190.272637, 18 
190.273234, 18 
190.292605, 18 
190.295087, 18 
190.297573, 18 
190.313518, 18 
190.335138, 18 
190.335165, 18 
190.337453, 18 
190.348652, 18 
190.368616, 18 
190.368648, 18 
190.389361, 18 
190.404939, 18 
190.404971, 18 
190.424884, 18 
190.424907, 18 
190.424984, 18 
190.449116, 18 
190.46504, 18 
190.465056, 18 
190.484753, 18 
190.504754, 18 
190.504787, 18 
190.527569, 18 
190.527626, 18 
190.527756, 18 
190.556795, 18 
190.560854, 18 
190.580716, 18 
190.600692, 18 
190.604721, 18 
190.625608, 18 
190.640656, 18 
190.642591, 18 
190.642675, 18 
190.660699, 18 
190.665504, 18 
190.68868, 18 
190.708445, 18 
190.708545, 18 
190.721948, 18 
190.725328, 18 
190.740682, 18 
190.745584, 18 
190.762624, 18 
190.762719, 18 
190.772778, 18 
190.777434, 18 
190.793226, 18 
190.809289, 18 
190.809297, 18 
190.82867, 18 
190.830501, 18 
190.830559, 18 
190.848687, 18 
190.869094, 18 
190.869114, 18 
190.888919, 18 
190.900866, 18 
190.904938, 18 
190.920658, 18 
190.933981, 18 
190.936745, 18 
190.936756, 18 
190.952811, 18 
190.971528, 18 
190.971547, 18 
190.972744, 18 
190.992735, 18 
190.992755, 18 
191.008798, 18 
191.025106, 18 
191.025182, 18 
191.025188, 18 
191.04867, 18 
191.064629, 18 
191.06948, 18 
191.085453, 18 
191.085484, 18 
191.105336, 18 
191.125374, 18 
191.125449, 18 
191.125461, 18 
191.125492, 18 
191.15274, 18 
191.161307, 18 
191.193249, 18 
191.212922, 18 
191.213025, 18 
191.217053, 18 
191.232766, 18 
191.249063, 18 
191.2491, 18 
191.272701, 18 
191.272817, 18 
191.288735, 18 
191.292837, 18 
191.30876, 18 
191.312831, 18 
191.328728, 18 
191.332836, 18 
191.352638, 18 
191.352744, 18 
191.352753, 18 
191.372765, 18 
191.389748, 18 
191.389818, 18 
191.417527, 18 
191.432659, 18 
191.436644, 18 
191.456895, 18 
191.461488, 18 
191.481317, 18 
191.500658, 18 
191.504629, 18 
191.524295, 18 
191.524323, 18 
191.542354, 18 
191.563349, 18 
191.564614, 18 
191.569074, 18 
191.585112, 18 
191.600774, 18 
191.600794, 18 
191.60498, 18 
191.617276, 18 
191.640924, 18 
191.640963, 18 
191.65664, 18 
191.660693, 18 
191.660713, 18 
191.676873, 18 
191.700773, 18 
191.700801, 18 
191.720649, 18 
191.740707, 18 
191.740733, 18 
191.758546, 18 
191.760721, 18 
191.764785, 18 
191.785568, 18 
191.805494, 18 
191.805528, 18 
191.828917, 18 
191.84464, 18 
191.847069, 18 
191.865612, 18 
191.86939, 18 
191.86941, 18 
191.884632, 18 
191.90065, 18 
191.900685, 18 
191.917274, 18 
191.932923, 18 
191.937169, 18 
191.937178, 18 
191.957324, 18 
191.957372, 18 
191.977063, 18 
191.992649, 18 
191.997033, 18 
192.012686, 18 
192.016505, 18 
192.0169, 18 
192.036676, 18 
192.056807, 18 
192.056853, 18 
192.068632, 18 
192.084685, 18 
192.088709, 18 
192.100634, 18 
192.102042, 18 
192.104607, 18 
192.116647, 18 
192.120631, 18 
192.137567, 18 
192.149014, 18 
192.149046, 18 
192.169557, 18 
192.182703, 18 
192.182729, 18 
192.184847, 18 
192.200834, 18 
192.200863, 18 
192.224888, 18 
192.245304, 18 
192.260656, 18 
192.265574, 18 
192.284931, 18 
192.285427, 18 
192.285493, 18 
192.309349, 18 
192.309358, 18 
192.324925, 18 
192.341074, 18 
192.341113, 18 
192.34112, 18 
192.361002, 18 
192.385026, 18 
192.385038, 18 
192.385139, 18 
192.408853, 18 
192.408883, 18 
192.440797, 18 
192.468863, 18 
192.468944, 18 
192.484655, 18 
192.508699, 18 
192.508732, 18 
192.530587, 18 
192.532989, 18 
192.544671, 18 
192.549523, 18 
192.569489, 18 
192.569513, 18 
192.596711, 18 
192.624685, 18 
192.630567, 18 
192.655565, 18 
192.680665, 18 
192.685134, 18 
192.706611, 18 
192.708712, 18 
192.713261, 18 
192.73744, 18 
192.748992, 18 
192.749035, 18 
192.749135, 18 
192.764922, 18 
192.784979, 18 
192.785082, 18 
192.800932, 18 
192.804808, 18 
192.816788, 18 
192.828911, 18 
192.832718, 18 
192.832834, 18 
192.852726, 18 
192.873768, 18 
192.873787, 18 
192.892816, 18 
192.90995, 18 
192.910106, 18 
192.910117, 18 
192.933514, 18 
192.944713, 18 
192.949491, 18 
192.949557, 18 
192.968816, 18 
192.989405, 18 
193.00068, 18 
193.000706, 18 
193.000806, 18 
193.013385, 18 
193.029266, 18 
193.044883, 18 
193.056724, 18 
193.073104, 18 
193.073245, 18 
193.08904, 18 
193.093095, 18 
193.108968, 18 
193.113009, 18 
193.124949, 18 
193.152868, 18 
193.152901, 18 
193.152994, 18 
193.168821, 18 
193.188713, 18 
193.188746, 18 
193.188774, 18 
193.217002, 18 
193.217041, 18 
193.248759, 18 
193.252701, 18 
193.27682, 18 
193.300642, 18 
193.300736, 18 
193.305543, 18 
193.324702, 18 
193.340702, 18 
193.358803, 18 
193.358919, 18 
193.364669, 18 
193.380729, 18 
193.380777, 18 
193.401271, 18 
193.420687, 18 
193.425226, 18 
193.44067, 18 
193.4425, 18 
193.442551, 18 
193.461175, 18 
193.472614, 18 
193.476874, 18 
193.495341, 18 
193.495379, 18 
193.516695, 18 
193.516733, 18 
193.527294, 18 
193.5273, 18 
193.527359, 18 
193.544936, 18 
193.560661, 18 
193.560668, 18 
193.572691, 18 
193.57666, 18 
193.596672, 18 
193.606374, 18 
193.606394, 18 
193.606454, 18 
193.624739, 18 
193.640666, 18 
193.640696, 18 
193.656652, 18 
193.683979, 18 
193.68405, 18 
193.700697, 18 
193.705486, 18 
193.725426, 18 
193.740671, 18 
193.744921, 18 
193.757905, 18 
193.758014, 18 
193.784927, 18 
193.789275, 18 
193.812835, 18 
193.833125, 18 
193.853448, 18 
193.853543, 18 
193.865148, 18 
193.884937, 18 
193.885175, 18 
193.89301, 18 
193.921364, 18 
193.924924, 18 
193.956827, 18 
193.980685, 18 
193.980725, 18 
194.008717, 18 
194.009304, 18 
194.009449, 18 
194.037002, 18 
194.053521, 18 
194.069184, 18 
194.089383, 18 
194.089427, 18 
194.100638, 18 
194.11731, 18 
194.137357, 18 
194.156689, 18 
194.156824, 18 
194.164788, 18 
194.189183, 18 
194.189255, 18 
194.189263, 18 
194.208644, 18 
194.232666, 18 
194.232696, 18 
194.252663, 18 
194.25694, 18 
194.276922, 18 
194.286945, 18 
194.287028, 18 
194.312664, 18 
194.316854, 18 
194.34075, 18 
194.364733, 18 
194.364774, 18 
194.384899, 18 
194.384926, 18 
194.403778, 18 
194.403889, 18 
194.425487, 18 
194.432875, 18 
194.449506, 18 
194.449542, 18 
194.464828, 18 
194.485807, 18 
194.485864, 18 
194.506939, 18 
194.507051, 18 
194.509311, 18 
194.533241, 18 
194.553186, 18 
194.553228, 18 
194.577191, 18 
194.59278, 18 
194.592801, 18 
194.616517, 18 
194.616604, 18 
194.640878, 18 
194.641056, 18 
194.657137, 18 
194.65715, 18 
194.673175, 18 
194.692626, 18 
194.696773, 18 
194.707242, 18 
194.707382, 18 
194.709004, 18 
194.732638, 18 
194.752837, 18 
194.752866, 18 
194.772698, 18 
194.772737, 18 
194.78468, 18 
194.797197, 18 
194.797295, 18 
194.8009, 18 
194.815812, 18 
194.8167, 18 
194.837373, 18 
194.851409, 18 
194.853411, 18 
194.870175, 18 
194.870241, 18 
194.870284, 18 
194.893329, 18 
194.913552, 18 
194.913663, 18 
194.925187, 18 
194.925392, 18 
194.948663, 18 
194.95308, 18 
194.969163, 18 
194.99088, 18 
194.990991, 18 
194.99265, 18 
195.02471, 18 
195.02885, 18 
195.052711, 18 
195.076687, 18 
195.076713, 18 
195.096661, 18 
195.098169, 18 
195.098249, 18 
195.129688, 18 
195.144787, 18 
195.157689, 18 
195.173553, 18 
195.180985, 18 
195.182669, 18 
195.205476, 18 
195.221345, 18 
195.234328, 18 
195.234394, 18 
195.236724, 18 
195.250611, 18 
195.250764, 18 
195.265373, 18 
195.265407, 18 
195.281273, 18 
195.283479, 18 
195.283523, 18 
195.301207, 18 
195.30123, 18 
195.315023, 18 
195.328932, 18 
195.329015, 18 
195.333052, 18 
195.348758, 18 
195.373463, 18 
195.373496, 18 
195.377031, 18 
195.388886, 18 
195.401211, 18 
195.420608, 18 
195.436791, 18 
195.436916, 18 
195.436936, 18 
195.464702, 18 
195.4807, 18 
195.484685, 18 
195.496892, 18 
195.512674, 18 
195.512709, 18 
195.536685, 18 
195.536776, 18 
195.556724, 18 
195.556806, 18 
195.580667, 18 
195.585399, 18 
195.597833, 18 
195.616655, 18 
195.616678, 18 
195.633522, 18 
195.63357, 18 
195.637255, 18 
195.653493, 18 
195.669573, 18 
195.669583, 18 
195.669668, 18 
195.68864, 18 
195.688663, 18 
195.70074, 18 
195.716764, 18 
195.71683, 18 
195.716847, 18 
195.741046, 18 
195.769459, 18 
195.773021, 18 
195.792673, 18 
195.797066, 18 
195.812654, 18 
195.836779, 18 
195.836922, 18 
195.84074, 18 
195.864677, 18 
195.864728, 18 
195.888767, 18 
195.912789, 18 
195.917599, 18 
195.936796, 18 
195.94154, 18 
195.941682, 18 
195.969401, 18 
195.969431, 18 
195.984845, 18 
196.000724, 18 
196.000752, 18 
196.021297, 18 
196.021936, 18 
196.049177, 18 
196.049292, 18 
196.064693, 18 
196.068719, 18 
196.092655, 18 
196.097097, 18 
196.117046, 18 
196.13272, 18 
196.137207, 18 
196.148824, 18 
196.152844, 18 
196.168665, 18 
196.172818, 18 
196.188873, 18 
196.200735, 18 
196.200765, 18 
196.228731, 18 
196.228737, 18 
196.248716, 18 
196.248796, 18 
196.269592, 18 
196.269664, 18 
196.289556, 18 
196.289583, 18 
196.308888, 18 
196.328701, 18 
196.332682, 18 
196.352767, 18 
196.352927, 18 
196.35294, 18 
196.377434, 18 
196.37747, 18 
196.396781, 18 
196.41664, 18 
196.41671, 18 
196.437125, 18 
196.448687, 18 
196.448744, 18 
196.452789, 18 
196.453191, 18 
196.468996, 18 
196.485122, 18 
196.485152, 18 
196.500703, 18 
196.512928, 18 
196.512969, 18 
196.53293, 18 
196.552768, 18 
196.552862, 18 
196.568731, 18 
196.572766, 18 
196.572786, 18 
196.588693, 18 
196.604744, 18 
196.604764, 18 
196.604801, 18 
196.620784, 18 
196.641789, 18 
196.641813, 18 
196.656686, 18 
196.661521, 18 
196.661541, 18 
196.680856, 18 
196.696714, 18 
196.696721, 18 
196.716657, 18 
196.729378, 18 
196.729384, 18 
196.744614, 18 
196.744644, 18 
196.744705, 18 
196.769253, 18 
196.785007, 18 
196.789241, 18 
196.808825, 18 
196.808858, 18 
196.832633, 18 
196.832692, 18 
196.848619, 18 
196.852959, 18 
196.86879, 18 
196.888672, 18 
196.888818, 18 
196.892904, 18 
196.912856, 18 
196.916852, 18 
196.936837, 18 
196.956661, 18 
196.960729, 18 
196.976727, 18 
196.992743, 18 
196.992844, 18 
196.992901, 18 
197.012829, 18 
197.017628, 18 
197.032656, 18 
197.052631, 18 
197.057534, 18 
197.073561, 18 
197.09264, 18 
197.097418, 18 
197.097445, 18 
197.113364, 18 
197.132636, 18 
197.132668, 18 
197.152934, 18 
197.168695, 18 
197.173318, 18 
197.192006, 18 
197.192144, 18 
197.196641, 18 
197.209162, 18 
197.225264, 18 
197.225289, 18 
197.239317, 18 
197.239332, 18 
197.239415, 18 
197.249016, 18 
197.268641, 18 
197.284808, 18 
197.28897, 18 
197.312879, 18 
197.312903, 18 
197.331769, 18 
197.333015, 18 
197.333079, 18 
197.356773, 18 
197.368684, 18 
197.368708, 18 
197.392642, 18 
197.412653, 18 
197.417634, 18 
197.434577, 18 
197.437494, 18 
197.460732, 18 
197.460763, 18 
197.473825, 18 
197.490276, 18 
197.490404, 18 
197.512821, 18 
197.512911, 18 
197.536635, 18 
197.537071, 18 
197.537142, 18 
197.557226, 18 
197.557248, 18 
197.572658, 18 
197.588023, 18 
197.588066, 18 
197.589162, 18 
197.605078, 18 
197.60511, 18 
197.625028, 18 
197.635096, 18 
197.637036, 18 
197.660981, 18 
197.677816, 18 
197.677905, 18 
197.680884, 18 
197.700831, 18 
197.700875, 18 
197.724878, 18 
197.752782, 18 
197.752809, 18 
197.776947, 18 
197.796048, 18 
197.796154, 18 
197.80156, 18 
197.82087, 18 
197.820916, 18 
197.846231, 18 
197.865321, 18 
197.865357, 18 
197.892677, 18 
197.892705, 18 
197.912718, 18 
197.932679, 18 
197.932711, 18 
197.953228, 18 
197.969978, 18 
197.970004, 18 
197.972602, 18 
197.989069, 18 
198.008398, 18 
198.008773, 18 
198.012936, 18 
198.032915, 18 
198.032942, 18 
198.067286, 18 
198.068642, 18 
198.088645, 18 
198.092662, 18 
198.112641, 18 
198.114707, 18 
198.116663, 18 
198.137044, 18 
198.148929, 18 
198.161062, 18 
198.168902, 18 
198.180748, 18 
198.19265, 18 
198.200766, 18 
198.200798, 18 
198.209452, 18 
198.224609, 18 
198.240674, 18 
198.244622, 18 
198.260881, 18 
198.265224, 18 
198.281403, 18 
198.281411, 18 
198.281518, 18 
198.300617, 18 
198.317235, 18 
198.317242, 18 
198.333126, 18 
198.333149, 18 
198.357066, 18 
198.376694, 18 
198.377535, 18 
198.377609, 18 
198.401407, 18 
198.401473, 18 
198.420846, 18 
198.420893, 18 
198.436765, 18 
198.456619, 18 
198.460752, 18 
198.472238, 18 
198.472343, 18 
198.476654, 18 
198.488768, 18 
198.508687, 18 
198.508722, 18 
198.529606, 18 
198.549499, 18 
198.549522, 18 
198.565687, 18 
198.565694, 18 
198.588629, 18 
198.601457, 18 
198.613918, 18 
198.613949, 18 
198.63048, 18 
198.633228, 18 
198.633245, 18 
198.648601, 18 
198.648723, 18 
198.668619, 18 
198.673194, 18 
198.691842, 18 
198.691878, 18 
198.693204, 18 
198.71269, 18 
198.728756, 18 
198.731234, 18 
198.752728, 18 
198.75698, 18 
198.756997, 18 
198.776927, 18 
198.805076, 18 
198.816912, 18 
198.833403, 18 
198.837442, 18 
198.861567, 18 
198.863397, 18 
198.863574, 18 
198.889605, 18 
198.921115, 18 
198.941988, 18 
198.96141, 18 
198.964997, 18 
198.993417, 18 
198.998027, 18 
199.018156, 18 
199.018226, 18 
199.021245, 18 
199.045165, 18 
199.062264, 18 
199.062285, 18 
199.062329, 18 
199.073435, 18 
199.073461, 18 
199.088828, 18 
199.098863, 18 
199.098981, 18 
199.116993, 18 
199.121038, 18 
199.14524, 18 
199.164842, 18 
199.164868, 18 
199.180846, 18 
199.201479, 18 
199.20151, 18 
199.20472, 18 
199.224722, 18 
199.240684, 18 
199.251859, 18 
199.252744, 18 
199.274655, 18 
199.276447, 18 
199.305191, 18 
199.321415, 18 
199.321424, 18 
199.345467, 18 
199.345521, 18 
199.364708, 18 
199.369347, 18 
199.388722, 18 
199.393384, 18 
199.424933, 18 
199.444698, 18 
199.452686, 18 
199.480704, 18 
199.512663, 18 
199.516926, 18 
199.517055, 18 
199.520618, 18 
199.54075, 18 
199.544961, 18 
199.564769, 18 
199.580654, 18 
199.584639, 18 
199.604676, 18 
199.624625, 18 
199.62474, 18 
199.628672, 18 
199.653484, 18 
199.653518, 18 
199.673557, 18 
199.673698, 18 
199.697419, 18 
199.716948, 18 
199.717055, 18 
199.72144, 18 
199.749288, 18 
199.74932, 18 
199.765241, 18 
199.784821, 18 
199.789186, 18 
199.805233, 18 
199.805254, 18 
199.821616, 18 
199.821708, 18 
199.825117, 18 
199.841246, 18 
199.857003, 18 
199.85703, 18 
199.880997, 18 
199.900899, 18 
199.908954, 18 
199.90897, 18 
199.920933, 18 
199.936803, 18 
199.936811, 18 
199.952709, 18 
199.969927, 18 
199.972673, 18 
199.988709, 18 
199.988739, 18 
200.008676, 18 
200.028126, 18 
200.02815, 18 
200.029566, 18 
200.044656, 18 
200.049484, 18 
200.065549, 18 
200.065611, 18 
200.085468, 18 
200.104671, 18 
200.10937, 18 
200.116688, 18 
200.121427, 18 
200.136648, 18 
200.139925, 18 
200.139933, 18 
200.139993, 18 
200.161275, 18 
200.169214, 18 
200.173196, 18 
200.196733, 18 
200.213195, 18 
200.228921, 18 
200.233025, 18 
200.257001, 18 
200.27376, 18 
200.276937, 18 
200.296815, 18 
200.296838, 18 
200.316584, 18 
200.316624, 18 
200.31672, 18 
200.332742, 18 
200.356648, 18 
200.360719, 18 
200.385967, 18 
200.396836, 18 
200.400837, 18 
200.400857, 18 
200.417519, 18 
200.433478, 18 
200.448799, 18 
200.448846, 18 
200.46473, 18 
200.480722, 18 
200.480729, 18 
200.480823, 18 
200.497247, 18 
200.517112, 18 
200.528846, 18 
200.545168, 18 
200.549186, 18 
200.569082, 18 
200.5847, 18 
200.584732, 18 
200.58908, 18 
200.604938, 18 
200.604964, 18 
200.616656, 18 
200.620859, 18 
200.620924, 18 
200.636939, 18 
200.63696, 18 
200.649073, 18 
200.664663, 18 
200.664765, 18 
200.668919, 18 
200.684788, 18 
200.6848, 18 
200.69681, 18 
200.696851, 18 
200.716753, 18 
200.732776, 18 
200.732808, 18 
200.732883, 18 
200.756725, 18 
200.756754, 18 
200.777651, 18 
200.792697, 18 
200.797642, 18 
200.82085, 18 
200.841402, 18 
200.850177, 18 
200.850221, 18 
200.853425, 18 
200.869457, 18 
200.888667, 18 
200.888693, 18 
200.888737, 18 
200.908701, 18 
200.928686, 18 
200.93344, 18 
200.940319, 18 
200.940408, 18 
200.960653, 18 
200.965097, 18 
200.965142, 18 
200.981075, 18 
201.001207, 18 
201.001353, 18 
201.024744, 18 
201.042243, 18 
201.042335, 18 
201.044854, 18 
201.068968, 18 
201.072782, 18 
201.0889, 18 
201.100693, 18 
201.10488, 18 
201.112709, 18 
201.133518, 18 
201.136761, 18 
201.149313, 18 
201.169771, 18 
201.180951, 18 
201.191199, 18 
201.192902, 18 
201.192922, 18 
201.200928, 18 
201.217433, 18 
201.233365, 18 
201.233449, 18 
201.25696, 18 
201.256991, 18 
201.276897, 18 
201.288647, 18 
201.29269, 18 
201.316884, 18 
201.316918, 18 
201.337305, 18 
201.337401, 18 
201.361007, 18 
201.361016, 18 
201.380767, 18 
201.392975, 18 
201.405415, 18 
201.424456, 18 
201.424984, 19 
201.444031, 19 
201.444091, 19 
201.464808, 19 
201.464844, 19 
201.491823, 19 
201.491837, 19 
201.491871, 19 
201.513677, 19 
201.529563, 19 
201.529582, 19 
201.547756, 19 
201.547843, 19 
201.565539, 19 
201.565557, 19 
201.581488, 19 
201.597347, 19 
201.597365, 19 
201.612637, 19 
201.617326, 19 
201.625345, 19 
201.625433, 19 
201.645234, 19 
201.645258, 19 
201.668715, 19 
201.668737, 19 
201.68064, 19 
201.685892, 19 
201.706775, 19 
201.724489, 19 
201.724538, 19 
201.729105, 19 
201.74115, 19 
201.758155, 19 
201.758179, 19 
201.769308, 19 
201.788924, 19 
201.788941, 19 
201.809549, 19 
201.80962, 19 
201.828624, 19 
201.832785, 19 
201.844693, 19 
201.868649, 19 
201.868668, 19 
201.884965, 19 
201.884992, 19 
201.906256, 19 
201.906324, 19 
201.920657, 19 
201.925437, 19 
201.944633, 19 
201.961491, 19 
201.961531, 19 
201.980719, 19 
201.985415, 19 
201.992759, 19 
201.99355, 19 
202.016924, 19 
202.01695, 19 
202.024616, 19 
202.041211, 19 
202.041226, 19 
202.05321, 19 
202.066312, 19 
202.066324, 19 
202.069154, 19 
202.093088, 19 
202.093146, 19 
202.120656, 19 
202.125022, 19 
202.148942, 19 
202.168809, 19 
202.168846, 19 
202.196808, 19 
202.200748, 19 
202.2008, 19 
202.220786, 19 
202.236665, 19 
202.248795, 19 
202.260683, 19 
202.265684, 19 
202.292942, 19 
202.295915, 19 
202.296002, 19 
202.314412, 19 
202.345459, 19 
202.345476, 19 
202.368738, 19 
202.373365, 19 
202.397318, 19 
202.39735, 19 
202.417194, 19 
202.436664, 19 
202.441124, 19 
202.459613, 19 
202.460255, 19 
202.4651, 19 
202.481345, 19 
202.50503, 19 
202.50505, 19 
202.519363, 19 
202.51942, 19 
202.525377, 19 
202.540938, 19 
202.556333, 19 
202.556369, 19 
202.556404, 19 
202.576733, 19 
202.593098, 19 
202.593145, 19 
202.604687, 19 
202.604765, 19 
202.632335, 19 
202.637646, 19 
202.653308, 19 
202.672758, 19 
202.672794, 19 
202.688814, 19 
202.688834, 19 
202.705233, 19 
202.724811, 19 
202.748431, 19 
202.74848, 19 
202.748515, 19 
202.769236, 19 
202.787902, 19 
202.78883, 19 
202.80479, 19 
202.804807, 19 
202.829593, 19 
202.845085, 19 
202.845141, 19 
202.845151, 19 
202.860965, 19 
202.877044, 19 
202.893251, 19 
202.909155, 19 
202.909283, 19 
202.909289, 19 
202.924935, 19 
202.936956, 19 
202.960728, 19 
202.960748, 19 
202.972778, 19 
202.988845, 19 
202.993001, 19 
203.021101, 19 
203.021116, 19 
203.044757, 19 
203.072661, 19 
203.076696, 19 
203.108719, 19 
203.108754, 19 
203.142276, 19 
203.145163, 19 
203.145177, 19 
203.169283, 19 
203.186422, 19 
203.186442, 19 
203.189097, 19 
203.208693, 19 
203.208737, 19 
203.229036, 19 
203.229062, 19 
203.229149, 19 
203.245061, 19 
203.269032, 19 
203.269082, 19 
203.288678, 19 
203.292919, 19 
203.308804, 19 
203.324835, 19 
203.324862, 19 
203.348676, 19 
203.352744, 19 
203.376668, 19 
203.404776, 19 
203.408788, 19 
203.436875, 19 
203.44066, 19 
203.445511, 19 
203.445639, 19 
203.4647, 19 
203.485309, 19 
203.485363, 19 
203.50579, 19 
203.50589, 19 
203.529269, 19 
203.53274, 19 
203.548986, 19 
203.564794, 19 
203.564834, 19 
203.581133, 19 
203.600642, 19 
203.60068, 19 
203.604625, 19 
203.616702, 19 
203.616732, 19 
203.64077, 19 
203.640814, 19 
203.640819, 19 
203.656878, 19 
203.67273, 19 
203.672754, 19 
203.677292, 19 
203.69264, 19 
203.696846, 19 
203.712649, 19 
203.724679, 19 
203.724711, 19 
203.744639, 19 
203.744714, 19 
203.74472, 19 
203.764695, 19 
203.781611, 19 
203.781629, 19 
203.800636, 19 
203.800706, 19 
203.805683, 19 
203.821455, 19 
203.836651, 19 
203.841846, 19 
203.860787, 19 
203.861233, 19 
203.876689, 19 
203.881361, 19 
203.881403, 19 
203.89733, 19 
203.920651, 19 
203.925298, 19 
203.94073, 19 
203.940798, 19 
203.96062, 19 
203.965015, 19 
203.985143, 19 
203.985156, 19 
203.985207, 19 
203.996983, 19 
204.012936, 19 
204.012956, 19 
204.028939, 19 
204.02896, 19 
204.04867, 19 
204.068655, 19 
204.072839, 19 
204.072946, 19 
204.088671, 19 
204.104704, 19 
204.108684, 19 
204.12962, 19 
204.144667, 19 
204.149611, 19 
204.164878, 19 
204.164907, 19 
204.164939, 19 
204.185515, 19 
204.185542, 19 
204.204666, 19 
204.216677, 19 
204.216708, 19 
204.232341, 19 
204.232413, 19 
204.237635, 19 
204.249359, 19 
204.269016, 19 
204.273285, 19 
204.292914, 19 
204.317877, 19 
204.317911, 19 
204.34141, 19 
204.34142, 19 
204.357066, 19 
204.37452, 19 
204.377059, 19 
204.377075, 19 
204.396741, 19 
204.411798, 19 
204.412658, 19 
204.416611, 19 
204.428916, 19 
204.448821, 19 
204.464711, 19 
204.464749, 19 
204.484782, 19 
204.498858, 19 
204.498882, 19 
204.498968, 19 
204.516894, 19 
204.529014, 19 
204.542474, 19 
204.544782, 19 
204.568648, 19 
204.573472, 19 
204.591016, 19 
204.6123, 19 
204.612366, 19 
204.617413, 19 
204.632658, 19 
204.637278, 19 
204.647451, 19 
204.647502, 19 
204.668795, 19 
204.668823, 19 
204.688625, 19 
204.702428, 19 
204.702497, 19 
204.705037, 19 
204.725075, 19 
204.74063, 19 
204.744954, 19 
204.764798, 19 
204.765205, 19 
204.784973, 19 
204.784994, 19 
204.785067, 19 
204.810331, 19 
204.828797, 19 
204.828869, 19 
204.844687, 19 
204.860649, 19 
204.864869, 19 
204.877624, 19 
204.888738, 19 
204.888767, 19 
204.904799, 19 
204.915322, 19 
204.915378, 19 
204.932673, 19 
204.94061, 19 
204.940639, 19 
204.961441, 19 
204.968896, 19 
204.97341, 19 
204.993362, 19 
204.997369, 19 
205.017496, 19 
205.032014, 19 
205.036813, 19 
205.053077, 19 
205.065926, 19 
205.06594, 19 
205.06599, 19 
205.084831, 19 
205.104682, 19 
205.104707, 19 
205.125634, 19 
205.125653, 19 
205.140927, 19 
205.160688, 19 
205.161234, 19 
205.161298, 19 
205.176813, 19 
205.188649, 19 
205.192832, 19 
205.204609, 19 
205.220753, 19 
205.220779, 19 
205.24064, 19 
205.244153, 19 
205.244221, 19 
205.248737, 19 
205.264685, 19 
205.264712, 19 
205.277166, 19 
205.293591, 19 
205.305577, 19 
205.317032, 19 
205.3294, 19 
205.33001, 19 
205.332845, 19 
205.341433, 19 
205.356771, 19 
205.369281, 19 
205.369299, 19 
205.384717, 19 
205.384731, 19 
205.400514, 19 
205.400584, 19 
205.421317, 19 
205.432773, 19 
205.445084, 19 
205.44511, 19 
205.452951, 19 
205.469127, 19 
205.472765, 19 
205.483202, 19 
205.483284, 19 
205.505015, 19 
205.505031, 19 
205.516766, 19 
205.532409, 19 
205.552923, 19 
205.553014, 19 
205.572814, 19 
205.592778, 19 
205.592827, 19 
205.592838, 19 
205.608644, 19 
205.62562, 19 
205.625653, 19 
205.625681, 19 
205.645069, 19 
205.645095, 19 
205.664825, 19 
205.681352, 19 
205.684877, 19 
205.684946, 19 
205.696392, 19 
205.717034, 19 
205.737473, 19 
205.737501, 19 
205.748614, 19 
205.760655, 19 
205.774247, 19 
205.774316, 19 
205.775046, 19 
205.791466, 19 
205.791508, 19 
205.817194, 19 
205.817239, 19 
205.844733, 19 
205.866831, 19 
205.866923, 19 
205.873066, 19 
205.896673, 19 
205.900944, 19 
205.926823, 19 
205.926926, 19 
205.95673, 19 
205.972799, 19 
205.972808, 19 
205.994127, 19 
205.994231, 19 
205.99668, 19 
206.016624, 19 
206.036658, 19 
206.040637, 19 
206.060737, 19 
206.064763, 19 
206.084664, 19 
206.089424, 19 
206.1049, 19 
206.123316, 19 
206.123352, 19 
206.123432, 19 
206.141215, 19 
206.153198, 19 
206.165274, 19 
206.181188, 19 
206.192817, 19 
206.197073, 19 
206.216699, 19 
206.216723, 19 
206.220854, 19 
206.239954, 19 
206.244964, 19 
206.269125, 19 
206.283692, 19 
206.283747, 19 
206.28461, 19 
206.304887, 19 
206.320642, 19 
206.322341, 19 
206.322417, 19 
206.344697, 19 
206.364897, 19 
206.364963, 19 
206.381591, 19 
206.381617, 19 
206.397078, 19 
206.413533, 19 
206.413566, 19 
206.413624, 19 
206.43253, 19 
206.456757, 19 
206.45679, 19 
206.476669, 19 
206.476689, 19 
206.492054, 19 
206.492606, 19 
206.512339, 19 
206.51239, 19 
206.529502, 19 
206.553228, 19 
206.553271, 19 
206.570448, 19 
206.570485, 19 
206.592662, 19 
206.592681, 19 
206.620647, 19 
206.621837, 19 
206.62192, 19 
206.644883, 19 
206.660735, 19 
206.660785, 19 
206.680951, 19 
206.69887, 19 
206.698911, 19 
206.724683, 19 
206.724702, 19 
206.728933, 19 
206.74475, 19 
206.769233, 19 
206.786229, 19 
206.80557, 19 
206.805606, 19 
206.82476, 19 
206.845007, 19 
206.864728, 19 
206.864811, 19 
206.88558, 19 
206.898536, 19 
206.901177, 19 
206.901207, 19 
206.924684, 19 
206.944687, 19 
206.948926, 19 
206.963258, 19 
206.963342, 19 
206.988736, 19 
206.98876, 19 
207.009533, 19 
207.040673, 19 
207.040707, 19 
207.061211, 19 
207.064827, 19 
207.088789, 19 
207.112655, 19 
207.116639, 19 
207.132898, 19 
207.137611, 19 
207.161572, 19 
207.161618, 19 
207.191393, 19 
207.214385, 19 
207.216769, 19 
207.221562, 19 
207.240716, 19 
207.265662, 19 
207.266813, 19 
207.268775, 19 
207.289168, 19 
207.289195, 19 
207.301204, 19 
207.320531, 19 
207.320697, 19 
207.324618, 19 
207.345013, 19 
207.345036, 19 
207.360637, 19 
207.365034, 19 
207.380632, 19 
207.385321, 19 
207.401531, 19 
207.404908, 19 
207.416655, 19 
207.420922, 19 
207.448762, 19 
207.48073, 19 
207.484687, 19 
207.509332, 19 
207.533634, 19 
207.53729, 19 
207.537364, 19 
207.565145, 19 
207.581442, 19 
207.585001, 19 
207.609327, 19 
207.609408, 19 
207.624823, 19 
207.648976, 19 
207.649003, 19 
207.673138, 19 
207.673246, 19 
207.673263, 19 
207.69308, 19 
207.709126, 19 
207.729108, 19 
207.729135, 19 
207.741035, 19 
207.752908, 19 
207.76115, 19 
207.761232, 19 
207.761238, 19 
207.780928, 19 
207.792885, 19 
207.804864, 19 
207.804885, 19 
207.812839, 19 
207.833058, 19 
207.840999, 19 
207.843358, 19 
207.84873, 19 
207.864824, 19 
207.864844, 19 
207.884662, 19 
207.902121, 19 
207.902491, 19 
207.912863, 19 
207.929454, 19 
207.930045, 19 
207.934121, 19 
207.949539, 19 
207.949567, 19 
207.967217, 19 
207.969408, 19 
207.984712, 19 
208.005904, 19 
208.005936, 19 
208.005996, 19 
208.025212, 19 
208.041187, 19 
208.041215, 19 
208.061433, 19 
208.061487, 19 
208.081119, 19 
208.081149, 19 
208.096685, 19 
208.096791, 19 
208.101034, 19 
208.120722, 19 
208.137466, 19 
208.149007, 19 
208.165257, 19 
208.181155, 19 
208.181217, 19 
208.197715, 19 
208.197794, 19 
208.200716, 19 
208.220717, 19 
208.240743, 19 
208.240765, 19 
208.257632, 19 
208.27272, 19 
208.27274, 19 
208.289611, 19 
208.289662, 19 
208.301908, 19 
208.301926, 19 
208.316708, 19 
208.321391, 19 
208.321429, 19 
208.333467, 19 
208.33349, 19 
208.353331, 19 
208.368674, 19 
208.368754, 19 
208.372696, 19 
208.372762, 19 
208.384965, 19 
208.389289, 19 
208.408663, 19 
208.42926, 19 
208.429282, 19 
208.452707, 19 
208.452713, 19 
208.468878, 19 
208.484819, 19 
208.485018, 19 
208.485025, 19 
208.505045, 19 
208.505105, 19 
208.524636, 19 
208.54477, 19 
208.548714, 19 
208.564715, 19 
208.588818, 19 
208.588904, 19 
208.588915, 19 
208.613045, 19 
208.613222, 19 
208.628662, 19 
208.644713, 19 
208.649595, 19 
208.665861, 19 
208.683072, 19 
208.683142, 19 
208.685694, 19 
208.704982, 19 
208.724021, 19 
208.724041, 19 
208.724078, 19 
208.74073, 19 
208.753332, 19 
208.760679, 19 
208.77684, 19 
208.780768, 19 
208.780786, 19 
208.789559, 19 
208.809121, 19 
208.816976, 19 
208.829139, 19 
208.829157, 19 
208.848637, 19 
208.858654, 19 
208.861037, 19 
208.87673, 19 
208.876764, 19 
208.892988, 19 
208.90881, 19 
208.913104, 19 
208.932746, 19 
208.936815, 19 
208.959383, 19 
208.959389, 19 
208.98463, 19 
208.99259, 19 
208.993526, 19 
208.993535, 19 
209.009565, 19 
209.025545, 19 
209.029514, 19 
209.044844, 19 
209.044934, 19 
209.049553, 19 
209.069491, 19 
209.0727, 19 
209.09347, 19 
209.116363, 19 
209.116422, 19 
209.143197, 19 
209.143213, 19 
209.143307, 19 
209.168696, 19 
209.17327, 19 
209.200742, 19 
209.220341, 19 
209.221129, 19 
209.225483, 19 
209.245109, 19 
209.264997, 19 
209.265036, 19 
209.284852, 19 
209.284881, 19 
209.299597, 19 
209.299637, 19 
209.299747, 19 
209.320863, 19 
209.320888, 19 
209.336733, 19 
209.35675, 19 
209.356783, 19 
209.380957, 19 
209.380993, 19 
209.401046, 19 
209.401232, 19 
209.404896, 19 
209.429525, 19 
209.448682, 19 
209.453481, 19 
209.472725, 19 
209.473735, 19 
209.473846, 19 
209.497414, 19 
209.512873, 19 
209.512895, 19 
209.529248, 19 
209.550174, 19 
209.550253, 19 
209.553196, 19 
209.57707, 19 
209.577087, 19 
209.593101, 19 
209.60909, 19 
209.609097, 19 
209.628646, 19 
209.629184, 19 
209.62924, 19 
209.648991, 19 
209.660589, 19 
209.660609, 19 
209.676864, 19 
209.696795, 19 
209.701181, 19 
209.719452, 19 
209.719477, 19 
209.719517, 19 
209.740786, 19 
209.748863, 19 
209.764639, 19 
209.765074, 19 
209.765108, 19 
209.784744, 19 
209.801678, 19 
209.812823, 19 
209.824199, 19 
209.824268, 19 
209.824717, 19 
209.840857, 19 
209.861413, 19 
209.861441, 19 
209.880661, 19 
209.896704, 19 
209.89673, 19 
209.910663, 19 
209.910742, 19 
209.912783, 19 
209.92524, 19 
209.945208, 19 
209.945244, 19 
209.961086, 19 
209.974097, 19 
209.977373, 19 
209.987999, 19 
209.988091, 19 
209.988891, 19 
210.004987, 19 
210.019684, 19 
210.019703, 19 
210.019733, 19 
210.036908, 19 
210.052889, 19 
210.052903, 19 
210.070995, 19 
210.071056, 19 
210.072731, 19 
210.092705, 19 
210.106317, 19 
210.10864, 19 
210.116736, 19 
210.137159, 19 
210.137267, 19 
210.157731, 19 
210.15781, 19 
210.176822, 19 
210.181448, 19 
210.196783, 19 
210.196805, 19 
210.213452, 19 
210.224664, 19 
210.240416, 19 
210.241176, 19 
210.241225, 19 
210.26126, 19 
210.272685, 19 
210.277286, 19 
210.287676, 19 
210.287741, 19 
210.309224, 19 
210.309264, 19 
210.325134, 19 
210.339973, 19 
210.340988, 19 
210.341005, 19 
210.356851, 19 
210.356865, 19 
210.376713, 19 
210.400757, 19 
210.400785, 19 
210.419513, 19 
210.419519, 19 
210.420886, 19 
210.440837, 19 
210.456738, 19 
210.456745, 19 
210.48467, 19 
210.496665, 19 
210.496672, 19 
210.520606, 19 
210.536294, 19 
210.536399, 19 
210.541583, 19 
210.55282, 19 
210.564771, 19 
210.564778, 19 
210.580616, 19 
210.600644, 19 
210.60473, 19 
210.620605, 19 
210.620688, 19 
210.625331, 19 
210.63677, 19 
210.636834, 19 
210.660713, 19 
210.676609, 19 
210.681167, 19 
210.697089, 19 
210.697132, 19 
210.697186, 19 
210.713017, 19 
210.728623, 19 
210.733042, 19 
210.752751, 19 
210.768948, 19 
210.769022, 19 
210.788613, 19 
210.788643, 19 
210.788698, 19 
210.808784, 19 
210.812848, 19 
210.832684, 19 
210.836952, 19 
210.860678, 19 
210.8607, 19 
210.877686, 19 
210.896697, 19 
210.896783, 19 
210.896789, 19 
210.916787, 19 
210.916803, 19 
210.92872, 19 
210.945567, 19 
210.945573, 19 
210.964602, 19 
210.976817, 19 
210.981376, 19 
210.989317, 19 
211.004662, 19 
211.009143, 19 
211.009614, 19 
211.029188, 19 
211.044638, 19 
211.044644, 19 
211.060631, 19 
211.060707, 19 
211.065074, 19 
211.081035, 19 
211.093086, 19 
211.093119, 19 
211.11274, 19 
211.137236, 19 
211.137318, 19 
211.156907, 19 
211.156996, 19 
211.176621, 19 
211.180769, 19 
211.200764, 19 
211.200789, 19 
211.216722, 19 
211.236622, 19 
211.240953, 19 
211.256615, 19 
211.285505, 19 
211.285529, 19 
211.30062, 19 
211.30557, 19 
211.317492, 19 
211.317564, 19 
211.337381, 19 
211.33742, 19 
211.349395, 19 
211.349418, 19 
211.365334, 19 
211.365394, 19 
211.388601, 19 
211.39322, 19 
211.417301, 19 
211.417325, 19 
211.432617, 19 
211.452637, 19 
211.457093, 19 
211.473155, 19 
211.473258, 19 
211.493099, 19 
211.493117, 19 
211.512986, 19 
211.513089, 19 
211.524983, 19 
211.544649, 19 
211.548844, 19 
211.560715, 19 
211.564742, 19 
211.58879, 19 
211.604867, 19 
211.608642, 19 
211.624679, 19 
211.63792, 19 
211.637986, 19 
211.667492, 19 
211.667684, 19 
211.668685, 19 
211.693523, 19 
211.71277, 19 
211.716712, 19 
211.744725, 19 
211.749506, 19 
211.765319, 19 
211.781033, 19 
211.781133, 19 
211.785231, 19 
211.80116, 19 
211.825068, 19 
211.825095, 19 
211.837107, 19 
211.853102, 19 
211.87667, 19 
211.8794, 19 
211.879493, 19 
211.90089, 19 
211.900914, 19 
211.916887, 19 
211.936814, 19 
211.936839, 19 
211.956722, 19 
211.95674, 19 
211.973695, 19 
211.976798, 19 
211.993663, 19 
211.993673, 19 
212.016631, 19 
212.036863, 19 
212.036892, 19 
212.056577, 19 
212.056618, 19 
212.077469, 19 
212.07759, 19 
212.096858, 19 
212.116735, 19 
212.129408, 19 
212.129434, 19 
212.144764, 19 
212.144835, 19 
212.173219, 19 
212.188947, 19 
212.188973, 19 
212.212697, 19 
212.212749, 19 
212.23305, 19 
212.253328, 19 
212.253439, 19 
212.268948, 19 
212.26905, 19 
212.28503, 19 
212.304798, 19 
212.320752, 19 
212.3208, 19 
212.344767, 19 
212.360677, 19 
212.360708, 19 
212.381006, 19 
212.381105, 19 
212.404844, 19 
212.408963, 19 
212.424971, 19 
212.449475, 19 
212.449504, 19 
212.464861, 19 
212.480768, 19 
212.494979, 19 
212.496383, 19 
212.517302, 19 
212.517337, 19 
212.53282, 19 
212.552628, 19 
212.55712, 19 
212.572644, 19 
212.577079, 19 
212.595681, 19 
212.596064, 19 
212.617489, 19 
212.621043, 19 
212.644679, 19 
212.660671, 19 
212.66892, 19 
212.688835, 19 
212.688857, 19 
212.704425, 19 
212.70455, 19 
212.720845, 19 
212.720875, 19 
212.740703, 19 
212.76163, 19 
212.761658, 19 
212.777629, 19 
212.79644, 19 
212.79646, 19 
212.796538, 19 
212.818821, 19 
212.825556, 19 
212.846989, 19 
212.847036, 19 
212.849439, 19 
212.87265, 19 
212.891703, 19 
212.891731, 19 
212.891763, 19 
212.909311, 19 
212.925157, 19 
212.925187, 19 
212.939885, 19 
212.939963, 19 
212.945041, 19 
212.959527, 19 
212.976657, 19 
212.98105, 19 
212.996993, 19 
213.020766, 19 
213.024888, 19 
213.049332, 19 
213.049454, 19 
213.052897, 19 
213.06904, 19 
213.097001, 19 
213.10088, 19 
213.117501, 19 
213.140981, 19 
213.14562, 19 
213.167077, 19 
213.167173, 19 
213.173541, 19 
213.188846, 19 
213.207752, 19 
213.207784, 19 
213.207849, 19 
213.232993, 19 
213.233006, 19 
213.25734, 19 
213.268751, 19 
213.268785, 19 
213.292826, 19 
213.310083, 19 
213.310182, 19 
213.312861, 19 
213.328714, 19 
213.328772, 19 
213.342666, 19 
213.349146, 19 
213.363193, 19 
213.363212, 19 
213.36326, 19 
213.381014, 19 
213.396753, 19 
213.400751, 19 
213.415636, 19 
213.415734, 19 
213.41671, 19 
213.430112, 19 
213.448749, 19 
213.452725, 19 
213.452739, 19 
213.464709, 19 
213.48217, 19 
213.482193, 19 
213.482255, 19 
213.501638, 19 
213.51664, 19 
213.516662, 19 
213.533573, 19 
213.548658, 19 
213.553557, 19 
213.568657, 19 
213.570929, 19 
213.570982, 19 
213.592709, 19 
213.612699, 19 
213.612721, 19 
213.63709, 19 
213.637172, 19 
213.641226, 19 
213.656678, 19 
213.680708, 19 
213.680773, 19 
213.685137, 19 
213.704907, 19 
213.705008, 19 
213.729292, 19 
213.741021, 19 
213.753659, 19 
213.753725, 19 
213.756989, 19 
213.770121, 19 
213.770179, 19 
213.772644, 19 
213.800812, 19 
213.816379, 19 
213.816403, 19 
213.816451, 19 
213.836736, 19 
213.836768, 19 
213.856638, 19 
213.870638, 19 
213.870764, 19 
213.872755, 19 
213.888703, 19 
213.908844, 19 
213.908918, 20 
213.932672, 20 
213.932703, 20 
213.954273, 20 
213.957909, 20 
213.961469, 20 
213.961479, 20 
213.977816, 20 
213.977902, 20 
213.995164, 20 
213.997347, 20 
214.012661, 20 
214.025378, 20 
214.0263, 20 
214.029372, 20 
214.044673, 20 
214.060651, 20 
214.06517, 20 
214.077339, 20 
214.077472, 20 
214.093112, 20 
214.107582, 20 
214.107598, 20 
214.108629, 20 
214.12875, 20 
214.152628, 20 
214.152658, 20 
214.172741, 20 
214.172749, 20 
214.188831, 20 
214.188852, 20 
214.214379, 20 
214.214873, 20 
214.232946, 20 
214.236885, 20 
214.24878, 20 
214.262642, 20 
214.262671, 20 
214.280797, 20 
214.280822, 20 
214.291186, 20 
214.291248, 20 
214.317488, 20 
214.333429, 20 
214.333465, 20 
214.357455, 20 
214.361359, 20 
214.372603, 20 
214.377639, 20 
214.393266, 20 
214.413927, 20 
214.417199, 20 
214.417211, 20 
214.441115, 20 
214.441153, 20 
214.460994, 20 
214.480993, 20 
214.481016, 20 
214.501, 20 
214.519739, 20 
214.519834, 20 
214.520643, 20 
214.537195, 20 
214.552956, 20 
214.560882, 20 
214.572733, 20 
214.588679, 20 
214.608752, 20 
214.620581, 20 
214.62123, 20 
214.621247, 20 
214.641564, 20 
214.652774, 20 
214.662458, 20 
214.664877, 20 
214.677694, 20 
214.677739, 20 
214.693435, 20 
214.700336, 20 
214.701491, 20 
214.701502, 20 
214.725417, 20 
214.725451, 20 
214.740639, 20 
214.745338, 20 
214.757262, 20 
214.771571, 20 
214.771609, 20 
214.772744, 20 
214.797216, 20 
214.813118, 20 
214.813142, 20 
214.829373, 20 
214.833083, 20 
214.849041, 20 
214.86869, 20 
214.870303, 20 
214.873088, 20 
214.896707, 20 
214.9247, 20 
214.924761, 20 
214.946939, 20 
214.948708, 20 
214.952781, 20 
214.976755, 20 
214.998019, 20 
214.998071, 20 
215.00067, 20 
215.02171, 20 
215.04066, 20 
215.040699, 20 
215.045915, 20 
215.064661, 20 
215.081439, 20 
215.088805, 20 
215.091834, 20 
215.093391, 20 
215.104626, 20 
215.126483, 20 
215.126506, 20 
215.141867, 20 
215.145528, 20 
215.145623, 20 
215.172732, 20 
215.19292, 20 
215.19715, 20 
215.217048, 20 
215.217092, 20 
215.240993, 20 
215.257283, 20 
215.260902, 20 
215.260932, 20 
215.276628, 20 
215.288793, 20 
215.292902, 20 
215.308654, 20 
215.312795, 20 
215.328748, 20 
215.352336, 20 
215.352607, 20 
215.356643, 20 
215.377985, 20 
215.404785, 20 
215.40481, 20 
215.408864, 20 
215.428623, 20 
215.428653, 20 
215.461387, 20 
215.461417, 20 
215.477414, 20 
215.489307, 20 
215.489357, 20 
215.508613, 20 
215.524633, 20 
215.529161, 20 
215.54518, 20 
215.567519, 20 
215.567634, 20 
215.567724, 20 
215.587456, 20 
215.587477, 20 
215.588669, 20 
215.593065, 20 
215.610394, 20 
215.620998, 20 
215.630766, 20 
215.630808, 20 
215.632975, 20 
215.652895, 20 
215.664843, 20 
215.669416, 20 
215.67292, 20 
215.672956, 20 
215.688758, 20 
215.692845, 20 
215.708787, 20 
215.724743, 20 
215.724767, 20 
215.744722, 20 
215.773226, 20 
215.781574, 20 
215.805873, 20 
215.805981, 20 
215.820628, 20 
215.840781, 20 
215.840814, 20 
215.866694, 20 
215.866738, 20 
215.869248, 20 
215.884699, 20 
215.905119, 20 
215.90517, 20 
215.929169, 20 
215.944766, 20 
215.949107, 20 
215.969092, 20 
215.969124, 20 
215.969172, 20 
215.985019, 20 
216.000957, 20 
216.000985, 20 
216.01678, 20 
216.016853, 20 
216.03294, 20 
216.032964, 20 
216.052835, 20 
216.076428, 20 
216.076656, 20 
216.081011, 20 
216.10065, 20 
216.124645, 20 
216.128686, 20 
216.148676, 20 
216.153579, 20 
216.169503, 20 
216.18467, 20 
216.18473, 20 
216.203346, 20 
216.205442, 20 
216.205461, 20 
216.225381, 20 
216.244753, 20 
216.253338, 20 
216.277205, 20 
216.277231, 20 
216.293002, 20 
216.31678, 20 
216.316901, 20 
216.320662, 20 
216.344696, 20 
216.344746, 20 
216.364715, 20 
216.388958, 20 
216.389002, 20 
216.408946, 20 
216.422771, 20 
216.422885, 20 
216.424797, 20 
216.444755, 20 
216.460687, 20 
216.460724, 20 
216.483663, 20 
216.483835, 20 
216.504687, 20 
216.509595, 20 
216.52473, 20 
216.529603, 20 
216.541474, 20 
216.541554, 20 
216.560683, 20 
216.563521, 20 
216.563548, 20 
216.593477, 20 
216.608473, 20 
216.608514, 20 
216.613392, 20 
216.630639, 20 
216.630707, 20 
216.64921, 20 
216.649232, 20 
216.664648, 20 
216.665234, 20 
216.665289, 20 
216.684674, 20 
216.689317, 20 
216.700644, 20 
216.721869, 20 
216.724626, 20 
216.744641, 20 
216.74877, 20 
216.764612, 20 
216.769046, 20 
216.784827, 20 
216.784855, 20 
216.808613, 20 
216.82864, 20 
216.832694, 20 
216.848615, 20 
216.848625, 20 
216.87282, 20 
216.872915, 20 
216.888743, 20 
216.888767, 20 
216.91362, 20 
216.913685, 20 
216.913695, 20 
216.933514, 20 
216.949044, 20 
216.965438, 20 
216.977412, 20 
216.99265, 20 
216.992678, 20 
217.005411, 20 
217.005436, 20 
217.024811, 20 
217.024833, 20 
217.041256, 20 
217.057253, 20 
217.05727, 20 
217.057323, 20 
217.076844, 20 
217.096646, 20 
217.096685, 20 
217.09669, 20 
217.117264, 20 
217.132694, 20 
217.132718, 20 
217.152705, 20 
217.157107, 20 
217.169145, 20 
217.176662, 20 
217.188782, 20 
217.196725, 20 
217.197041, 20 
217.200836, 20 
217.216693, 20 
217.236692, 20 
217.236715, 20 
217.248682, 20 
217.269966, 20 
217.270022, 20 
217.280607, 20 
217.282778, 20 
217.309503, 20 
217.30952, 20 
217.325958, 20 
217.344611, 20 
217.349382, 20 
217.372958, 20 
217.38144, 20 
217.389782, 20 
217.393355, 20 
217.393373, 20 
217.408789, 20 
217.421212, 20 
217.435517, 20 
217.4567, 20 
217.456724, 20 
217.469003, 20 
217.489039, 20 
217.508922, 20 
217.536743, 20 
217.536797, 20 
217.556874, 20 
217.58472, 20 
217.584753, 20 
217.58868, 20 
217.603976, 20 
217.603998, 20 
217.604037, 20 
217.628659, 20 
217.645642, 20 
217.645658, 20 
217.659093, 20 
217.661535, 20 
217.681279, 20 
217.681307, 20 
217.700816, 20 
217.724297, 20 
217.729322, 20 
217.741088, 20 
217.759584, 20 
217.759607, 20 
217.760877, 20 
217.780938, 20 
217.780947, 20 
217.803377, 20 
217.803423, 20 
217.804595, 20 
217.821349, 20 
217.844728, 20 
217.844745, 20 
217.868661, 20 
217.888616, 20 
217.89291, 20 
217.9128, 20 
217.925999, 20 
217.927294, 20 
217.927307, 20 
217.944608, 20 
217.949279, 20 
217.960705, 20 
217.981008, 20 
217.988896, 20 
218.005551, 20 
218.005579, 20 
218.005638, 20 
218.021121, 20 
218.032772, 20 
218.040807, 20 
218.056856, 20 
218.073812, 20 
218.076708, 20 
218.088776, 20 
218.092478, 20 
218.09252, 20 
218.113496, 20 
218.12537, 20 
218.125391, 20 
218.135356, 20 
218.135383, 20 
218.156653, 20 
218.169234, 20 
218.178189, 20 
218.178206, 20 
218.178263, 20 
218.196818, 20 
218.205141, 20 
218.224672, 20 
218.241065, 20 
218.241087, 20 
218.257022, 20 
218.268768, 20 
218.282251, 20 
218.282309, 20 
218.301191, 20 
218.316775, 20 
218.328735, 20 
218.33661, 20 
218.336635, 20 
218.347022, 20 
218.364705, 20 
218.375422, 20 
218.375456, 20 
218.376743, 20 
218.389681, 20 
218.401019, 20 
218.408585, 20 
218.408627, 20 
218.425559, 20 
218.440744, 20 
218.45268, 20 
218.452705, 20 
218.452761, 20 
218.468765, 20 
218.477714, 20 
218.482263, 20 
218.493331, 20 
218.505315, 20 
218.50534, 20 
218.520743, 20 
218.528874, 20 
218.528987, 20 
218.55321, 20 
218.553228, 20 
218.569152, 20 
218.569169, 20 
218.585113, 20 
218.597289, 20 
218.608805, 20 
218.608828, 20 
218.612721, 20 
218.621006, 20 
218.633022, 20 
218.633033, 20 
218.652648, 20 
218.652697, 20 
218.672819, 20 
218.672825, 20 
218.688834, 20 
218.704822, 20 
218.704919, 20 
218.704925, 20 
218.724619, 20 
218.728782, 20 
218.744869, 20 
218.768608, 20 
218.772783, 20 
218.788639, 20 
218.808632, 20 
218.808705, 20 
218.808717, 20 
218.82977, 20 
218.841058, 20 
218.841086, 20 
218.857248, 20 
218.881041, 20 
218.894316, 20 
218.895593, 20 
218.896663, 20 
218.920646, 20 
218.925207, 20 
218.941124, 20 
218.957004, 20 
218.980808, 20 
218.98475, 20 
219.00512, 20 
219.020689, 20 
219.020768, 20 
219.024923, 20 
219.036901, 20 
219.048688, 20 
219.048868, 20 
219.064772, 20 
219.076755, 20 
219.076785, 20 
219.092698, 20 
219.092779, 20 
219.108713, 20 
219.12868, 20 
219.140671, 20 
219.140695, 20 
219.152725, 20 
219.173078, 20 
219.188816, 20 
219.18887, 20 
219.208678, 20 
219.213151, 20 
219.232683, 20 
219.23737, 20 
219.25674, 20 
219.28099, 20 
219.281011, 20 
219.301121, 20 
219.30121, 20 
219.301217, 20 
219.312774, 20 
219.325172, 20 
219.334807, 20 
219.33683, 20 
219.35703, 20 
219.380653, 20 
219.381958, 20 
219.385204, 20 
219.408864, 20 
219.408896, 20 
219.432871, 20 
219.447551, 20 
219.452815, 20 
219.468731, 20 
219.484652, 20 
219.484771, 20 
219.488736, 20 
219.50189, 20 
219.512745, 20 
219.512765, 20 
219.524687, 20 
219.540813, 20 
219.556807, 20 
219.568732, 20 
219.576695, 20 
219.576759, 20 
219.576765, 20 
219.588742, 20 
219.601358, 20 
219.612797, 20 
219.625382, 20 
219.625388, 20 
219.641277, 20 
219.661547, 20 
219.661657, 20 
219.664696, 20 
219.680886, 20 
219.697104, 20 
219.705168, 20 
219.716676, 20 
219.72089, 20 
219.736825, 20 
219.748668, 20 
219.761042, 20 
219.772924, 20 
219.784922, 20 
219.784973, 20 
219.801377, 20 
219.805438, 20 
219.820919, 20 
219.821018, 20 
219.836698, 20 
219.856649, 20 
219.856675, 20 
219.876818, 20 
219.876837, 20 
219.891089, 20 
219.891864, 20 
219.916647, 20 
219.921896, 20 
219.932247, 20 
219.932636, 20 
219.949431, 20 
219.964637, 20 
219.964674, 20 
219.982032, 20 
219.985837, 20 
219.985869, 20 
220.004865, 20 
220.01682, 20 
220.016839, 20 
220.043184, 20 
220.043209, 20 
220.04512, 20 
220.060982, 20 
220.085132, 20 
220.088827, 20 
220.088898, 20 
220.11718, 20 
220.132721, 20 
220.13759, 20 
220.137693, 20 
220.160776, 20 
220.164896, 20 
220.176687, 20 
220.198709, 20 
220.198782, 20 
220.200678, 20 
220.212689, 20 
220.216671, 20 
220.236154, 20 
220.256915, 20 
220.260617, 20 
220.285481, 20 
220.296403, 20 
220.296612, 20 
220.300664, 20 
220.317519, 20 
220.328638, 20 
220.328659, 20 
220.348641, 20 
220.353701, 20 
220.372622, 20 
220.392393, 20 
220.392603, 20 
220.397275, 20 
220.413179, 20 
220.432519, 20 
220.432548, 20 
220.432641, 20 
220.449114, 20 
220.464611, 20 
220.469093, 20 
220.487155, 20 
220.488923, 20 
220.488939, 20 
220.505043, 20 
220.532651, 20 
220.536837, 20 
220.548788, 20 
220.568612, 20 
220.57271, 20 
220.588679, 20 
220.592721, 20 
220.592734, 20 
220.608629, 20 
220.621641, 20 
220.634666, 20 
220.634696, 20 
220.656634, 20 
220.661522, 20 
220.67611, 20 
220.676598, 20 
220.692621, 20 
220.697455, 20 
220.711642, 20 
220.711695, 20 
220.71385, 20 
220.73334, 20 
220.748606, 20 
220.753303, 20 
220.766903, 20 
