162.041126, 33413365 
162.073004, 33413365 
162.112826, 33413365 
162.140767, 33413365 
162.140819, 33413365 
162.176844, 33413365 
162.20924, 33413365 
162.272804, 33413365 
162.325302, 33413365 
162.325394, 33413365 
162.34927, 33413365 
162.388981, 33413365 
162.428828, 33413365 
162.476681, 33413365 
162.476727, 33413365 
162.516817, 33413365 
162.560636, 33413365 
162.600716, 33413365 
162.644932, 33413365 
162.645068, 33413365 
162.681214, 33413365 
162.71703, 33413365 
162.772738, 33413365 
162.813022, 33413365 
162.813067, 33413365 
162.856856, 33413365 
162.89263, 33413365 
162.928774, 33413365 
162.976767, 33413365 
162.976946, 33413365 
163.020683, 33413365 
163.037393, 33413365 
163.077395, 33413365 
163.105271, 33413365 
163.105302, 33413365 
163.144643, 33413365 
163.188777, 33413365 
163.216993, 33413365 
163.24471, 33413365 
163.244752, 33413365 
163.288683, 33413365 
163.316706, 33413365 
163.34872, 33413365 
163.389048, 33413365 
163.389103, 33413365 
163.425471, 33413365 
163.453283, 33413365 
163.484786, 33413365 
163.509147, 33413365 
163.541172, 33413365 
163.585209, 33413365 
163.616682, 33413365 
163.653402, 33413365 
163.653477, 33413365 
163.682798, 33413365 
163.709699, 33413365 
163.745567, 33413365 
163.772782, 33413365 
163.808678, 33413365 
163.833684, 33413365 
163.873157, 33413365 
163.908079, 33413365 
163.908126, 33413365 
163.938073, 33413365 
163.960946, 33413365 
163.992866, 33413365 
164.040692, 33413365 
164.044692, 33413365 
164.072641, 33413365 
164.10955, 33413365 
164.145325, 33413365 
164.181109, 33413365 
164.181169, 33413365 
164.209278, 33413365 
164.261308, 33413365 
164.288714, 33413365 
164.319735, 33413365 
164.319772, 33413365 
164.384836, 33413365 
164.420109, 33413365 
164.468836, 33413365 
164.509688, 33413365 
164.509934, 33413365 
164.54904, 33413365 
164.567433, 33413365 
164.617437, 33413365 
164.652357, 33413365 
164.652431, 33413365 
164.697149, 33413365 
164.734224, 33413365 
164.78116, 33413365 
164.805142, 33413365 
164.807953, 33413365 
164.862395, 33413365 
164.925791, 33413365 
164.959848, 33413365 
165.026387, 33413365 
165.068997, 33413365 
165.128237, 33413365 
165.189698, 33413365 
165.255572, 33413365 
165.255776, 33413365 
165.300081, 33413365 
165.328753, 33413365 
165.392995, 33413365 
165.436808, 33413365 
165.436936, 33413365 
165.48142, 33413365 
165.518555, 33413365 
165.556807, 33413365 
165.594359, 33413365 
165.594474, 33413365 
165.636703, 33413365 
165.684856, 33413365 
165.713091, 33413365 
165.746599, 33413365 
165.760807, 33413365 
165.788005, 33413365 
165.852657, 33413365 
165.872653, 33413365 
165.876608, 33413365 
165.909536, 33413365 
165.945541, 33413365 
165.997791, 33413365 
166.042805, 33413365 
166.042861, 33413365 
166.08905, 33413365 
166.128698, 33413365 
166.172858, 33413365 
166.216754, 33413365 
166.221206, 33413365 
166.261653, 33413365 
166.297039, 33413365 
166.325416, 33413365 
166.360759, 33413365 
166.360801, 33413365 
166.405211, 33413365 
166.444622, 33413365 
166.469085, 33413365 
166.513027, 33413365 
166.513053, 33413365 
166.544663, 33413365 
166.596674, 33413365 
166.640692, 33413365 
166.700919, 33413365 
166.705461, 33413365 
166.732943, 33413365 
166.78526, 33413365 
166.824741, 33413365 
166.868947, 33413365 
166.868993, 33413365 
166.912907, 33413365 
166.952747, 33413365 
167.000675, 33413365 
167.021663, 33413365 
167.021707, 33413365 
167.061488, 33413365 
167.092809, 33413365 
167.136679, 33413365 
167.165363, 33413365 
167.1654, 33413365 
167.208638, 33413365 
167.252617, 33413365 
167.2889, 33413365 
167.33675, 33413365 
167.340735, 33413365 
167.380677, 33413365 
167.424615, 33413365 
167.473352, 33413365 
167.49337, 33413365 
167.493417, 33413365 
167.537592, 33413365 
167.579527, 33413365 
167.621077, 33413365 
167.67443, 33413365 
167.674489, 33413365 
167.72587, 33413365 
167.773399, 33413365 
167.817004, 33413365 
167.859946, 33413365 
167.859986, 33413365 
167.893319, 33413365 
167.93712, 33413365 
167.973401, 33413365 
168.003063, 33413365 
168.003127, 33413365 
168.05284, 33413365 
168.089919, 33413365 
168.132643, 33413365 
168.162764, 33413365 
168.162792, 33413365 
168.20473, 33413365 
168.259726, 33413365 
168.304664, 33413365 
168.340943, 33413365 
168.344618, 33413365 
168.388728, 33413365 
168.41664, 33413365 
168.460765, 33413365 
168.500683, 33413365 
168.50072, 33413365 
168.533565, 33413365 
168.565169, 33413365 
168.605383, 33413365 
168.646289, 33413365 
168.646347, 33413365 
168.693226, 33413365 
168.737416, 33413365 
168.771089, 33413365 
168.794137, 33413365 
168.794193, 33413365 
168.848698, 33413365 
168.88869, 33413365 
168.929611, 33413365 
168.961459, 33413365 
168.997328, 33413365 
169.020852, 33413365 
169.06482, 33413365 
169.085864, 33413365 
169.085979, 33413365 
169.120669, 33413365 
169.157079, 33413365 
169.204814, 33413365 
169.252664, 33413365 
169.301079, 33413365 
169.333537, 33413365 
169.373381, 33413365 
169.412195, 33413365 
169.41226, 33413365 
169.444661, 33413365 
169.481074, 33413365 
169.509049, 33413365 
169.552733, 33413365 
169.612707, 33413365 
169.641614, 33413365 
169.68944, 33413365 
169.737039, 33413365 
169.740668, 33413365 
169.784766, 33413365 
169.8332, 33413365 
169.872993, 33413365 
169.908618, 33413365 
169.940835, 33413365 
169.984667, 33413365 
170.00867, 33413365 
170.053921, 33413365 
170.054174, 33413365 
170.116687, 33413365 
170.164662, 33413365 
170.192656, 33413365 
170.248989, 33413365 
170.292805, 33413365 
170.336729, 33413365 
170.373435, 33413365 
170.429573, 33413365 
170.429668, 33413365 
170.46872, 33413365 
170.493475, 33413365 
170.541317, 33413365 
170.593029, 33413365 
170.633072, 33413365 
170.680857, 33413365 
170.728729, 33413365 
170.769167, 33413365 
170.772627, 33413365 
170.804882, 33413365 
170.833485, 33413365 
170.892172, 33413365 
170.913296, 33413365 
170.968631, 33413365 
170.993052, 33413365 
171.036924, 33413365 
171.056981, 33413365 
171.057032, 33413365 
171.084763, 33413365 
171.128955, 33413365 
171.169516, 33413365 
171.192762, 33413365 
171.229492, 33413365 
171.260948, 33413365 
171.321101, 33413365 
171.360999, 33413365 
171.361082, 33413365 
171.404905, 33413365 
171.424892, 33413365 
171.469034, 33413365 
171.513118, 33413365 
171.549496, 33413365 
171.596769, 33413365 
171.637906, 33413365 
171.660313, 33413365 
171.661128, 33413365 
171.701211, 33413365 
171.721008, 33413365 
171.765399, 33413365 
171.804832, 33413365 
171.836675, 33413365 
171.860646, 33413365 
171.890259, 33413365 
171.923776, 33413365 
171.924818, 33413365 
171.965777, 33413365 
172.00897, 33413365 
172.040695, 33413365 
172.07715, 33413365 
172.113051, 33413365 
172.144755, 33413365 
172.156861, 33413365 
172.191862, 33413365 
172.192734, 33413365 
172.236762, 33413365 
172.2733, 33413365 
172.313548, 33413365 
172.339616, 33413365 
172.401057, 33413365 
172.433158, 33413365 
172.46507, 33413365 
172.507279, 33413365 
172.507332, 33413365 
172.552886, 33413365 
172.593019, 33413365 
172.608743, 33413365 
172.65994, 33413365 
172.660618, 33413365 
172.69085, 33413365 
172.737623, 33413365 
172.788854, 33413365 
172.840942, 33413365 
172.845098, 33413365 
172.888625, 33413365 
172.920864, 33413365 
172.972773, 33413365 
173.019624, 33413365 
173.021, 33413365 
173.049488, 33413365 
173.100893, 33413365 
173.149022, 33413365 
173.181138, 33413365 
173.181187, 33413365 
173.224655, 33413365 
173.254326, 33413365 
173.296876, 33413365 
173.32879, 33413365 
173.328869, 33413365 
173.376895, 33413365 
173.396229, 33413365 
173.437502, 33413365 
173.479108, 33413365 
173.479145, 33413365 
173.524855, 33413365 
173.557283, 33413365 
173.593108, 33413365 
173.631459, 33413365 
173.63265, 33413365 
173.676688, 33413365 
173.700732, 33413365 
173.756144, 33413365 
173.803056, 33413365 
173.803119, 33413365 
173.840725, 33413365 
173.865624, 33413365 
173.912887, 33413365 
173.958259, 33413365 
173.958295, 33413365 
173.993042, 33413365 
174.032932, 33413365 
174.069044, 33413365 
174.10768, 33413365 
174.107747, 33413365 
174.153038, 33413365 
174.184782, 33413365 
174.215482, 33413365 
174.249384, 33413365 
174.289243, 33413365 
174.329195, 33413365 
174.364785, 33413365 
174.402452, 33413365 
174.402567, 33413365 
174.440665, 33413365 
174.484692, 33413365 
174.508652, 33413365 
174.545046, 33413365 
174.585575, 33413365 
174.61746, 33413365 
174.665188, 33413365 
174.700786, 33413365 
174.700885, 33413365 
174.749459, 33413365 
174.796858, 33413365 
174.828884, 33413365 
174.864627, 33413365 
174.892836, 33413365 
174.929444, 33413365 
174.965372, 33413365 
175.002565, 33413365 
175.00328, 33413365 
175.028901, 33413365 
175.081079, 33413365 
175.117077, 33413365 
175.148897, 33413365 
175.188899, 33413365 
175.220752, 33413365 
175.256688, 33413365 
175.291474, 33413365 
175.293701, 33413365 
175.32868, 33413365 
175.365354, 33413365 
175.400652, 33413365 
175.439556, 33413365 
175.43962, 33413365 
175.468533, 33413365 
175.508626, 33413365 
175.544645, 33413365 
175.58475, 33413365 
175.58872, 33413365 
175.624976, 33413365 
175.662663, 33413365 
175.697453, 33413365 
175.737089, 33413365 
175.737218, 33413365 
175.765216, 33413365 
175.801317, 33413365 
175.829371, 33413365 
175.866053, 33413365 
175.869021, 33413365 
175.904953, 33413365 
175.935933, 33413365 
175.972809, 33413365 
175.994454, 33413365 
175.996605, 33413365 
176.041581, 33413365 
176.077527, 33413365 
176.113335, 33413365 
176.146278, 33413365 
176.149285, 33413365 
176.189186, 33413365 
176.232965, 33413365 
176.268982, 33413365 
176.282896, 33413365 
176.2848, 33413365 
176.321037, 33413365 
176.356697, 33413365 
176.384256, 33413365 
176.437544, 33413365 
176.440734, 33413365 
176.472631, 33413365 
176.513302, 33413365 
176.557175, 33413365 
176.597148, 33413365 
176.597227, 33413365 
176.656764, 33413365 
176.708735, 33413365 
176.765052, 33413365 
176.800728, 33413365 
176.805482, 33413365 
176.825503, 33413365 
176.864665, 33413365 
176.909243, 33413365 
176.941833, 33413365 
176.989101, 33413365 
177.028714, 33413365 
177.084703, 33413365 
177.100442, 33413365 
177.100527, 33413365 
177.150193, 33413365 
177.188728, 33413365 
177.236704, 33413365 
177.281348, 33413365 
177.324792, 33413365 
177.365003, 33413365 
177.400653, 33413365 
177.420858, 33413365 
177.420953, 33413365 
177.468688, 33413365 
177.508686, 33413365 
177.545031, 33413365 
177.58473, 33413365 
177.620931, 33413365 
177.644686, 33413365 
177.697198, 33413365 
177.720734, 33413365 
177.725018, 33413365 
177.760656, 33413365 
177.780971, 33413365 
177.83277, 33413365 
177.864682, 33413365 
177.90159, 33413365 
177.934571, 33413365 
177.976788, 33413365 
178.004203, 33413365 
178.004362, 33413365 
178.049211, 33413365 
178.084174, 33413365 
178.125052, 33413365 
178.161123, 33413365 
178.20469, 33413365 
178.249312, 33413365 
178.308639, 33413365 
178.357371, 33413365 
178.361001, 33413365 
178.401069, 33413365 
178.429546, 33413365 
178.481065, 33413365 
178.532931, 33413365 
178.580634, 33413365 
178.636955, 33413365 
178.672955, 33413365 
178.704724, 33413365 
178.709697, 33413365 
178.737336, 33413365 
178.775812, 33413365 
178.829137, 33413365 
178.868937, 33413365 
178.904654, 33413365 
178.932853, 33413365 
178.972663, 33413365 
179.017666, 33413365 
179.020606, 33413365 
179.073499, 33413365 
179.10061, 33413365 
179.133225, 33413365 
179.163036, 33413365 
179.164605, 33413365 
179.209187, 33413365 
179.236119, 33413365 
179.26872, 33413365 
179.304864, 33413365 
179.305593, 33413365 
179.34092, 33413365 
179.380699, 33413365 
179.412908, 33413365 
179.444403, 33413365 
179.445041, 33413365 
179.480721, 33413365 
179.513348, 33413365 
179.540927, 33413365 
179.586596, 33413365 
179.588596, 33413365 
179.62902, 33413365 
179.664809, 33413365 
179.696692, 33413365 
179.733896, 33413365 
179.733934, 33413365 
179.784667, 33413365 
179.832689, 33413365 
179.857494, 33413365 
179.896683, 33413365 
179.89754, 33413365 
179.936695, 33413365 
179.984858, 33413365 
179.997012, 33413365 
180.036972, 33413365 
180.066866, 33413365 
180.096765, 33413365 
180.132689, 33413365 
180.181656, 33413365 
180.181685, 33413365 
180.220756, 33413365 
180.260862, 33413365 
180.277288, 33413365 
180.306655, 33413365 
180.306713, 33413365 
180.344968, 33413365 
180.389025, 33413365 
180.432898, 33413365 
180.464767, 33413365 
180.464817, 33413365 
180.500717, 33413365 
180.537627, 33413365 
180.568912, 33413365 
180.59651, 33413365 
180.596548, 33413365 
180.636462, 33413365 
180.677319, 33413365 
180.708668, 33413365 
180.744513, 33413365 
180.744553, 33413365 
180.782476, 33413365 
180.800873, 33413365 
180.840811, 33413365 
180.880646, 33413365 
180.880676, 33413365 
180.925501, 33413365 
180.957415, 33413365 
180.993406, 33413365 
181.021045, 33413365 
181.024708, 33413365 
181.061204, 33413365 
181.114218, 33413365 
181.160888, 33413365 
181.203513, 33413365 
181.203617, 33413365 
181.236715, 33413365 
181.285019, 33413365 
181.323171, 33413365 
181.360827, 33413365 
181.364782, 33413365 
181.396877, 33413365 
181.42515, 33413365 
181.464048, 33413365 
181.501176, 33413365 
181.504905, 33413365 
181.536854, 33413365 
181.572648, 33413365 
181.588709, 33413365 
181.64158, 33413365 
181.642873, 33413365 
181.693441, 33413365 
181.735301, 33413365 
181.761326, 33413365 
181.79717, 33413365 
181.801345, 33413365 
181.841121, 33413365 
181.881049, 33413365 
181.908912, 33413365 
181.936834, 33413365 
181.94078, 33413365 
181.981159, 33413365 
182.033211, 33413365 
182.0621, 33413365 
182.093435, 33413365 
182.125327, 33413365 
182.153144, 33413365 
182.189115, 33413365 
182.224657, 33413365 
182.224717, 33413365 
182.260972, 33413365 
182.293686, 33413365 
182.328736, 33413365 
182.360684, 33413365 
182.388691, 33413365 
182.41967, 33413365 
182.464684, 33413365 
182.491038, 33413365 
182.491098, 33413365 
182.521309, 33413365 
182.571423, 33413365 
182.633064, 33413365 
182.672652, 33413365 
182.716793, 33413365 
182.734168, 33413365 
182.781638, 33413365 
182.837149, 33413365 
182.837233, 33413365 
182.868652, 33413365 
182.88478, 33413365 
182.933224, 33413365 
182.97304, 33413365 
183.012965, 33413365 
183.048839, 33413365 
183.080675, 33413365 
183.100686, 33413365 
183.100754, 33413365 
183.153995, 33413365 
183.180785, 33413365 
183.209687, 33413365 
183.240758, 33413365 
183.28905, 33413365 
183.309197, 33413365 
183.356744, 33413365 
183.388073, 33413365 
183.388122, 33413365 
183.424901, 33413365 
183.456644, 33413365 
183.496997, 33413365 
183.542378, 33413365 
183.545475, 33413365 
183.581473, 33413365 
183.621289, 33413365 
183.660219, 33413365 
183.69224, 33413365 
183.692877, 33413365 
183.729053, 33413365 
183.768969, 33413365 
183.808818, 33413365 
183.848707, 33413365 
183.885658, 33413365 
183.941593, 33413365 
183.969572, 33413365 
184.004978, 33413365 
184.009281, 33413365 
184.041212, 33413365 
184.068656, 33413365 
184.104716, 33413365 
184.154819, 33413365 
184.180929, 33413365 
184.220808, 33413365 
184.252949, 33413365 
184.298455, 33413365 
184.298514, 33413365 
184.342036, 33413365 
184.380641, 33413365 
184.397284, 33413365 
184.440628, 33413365 
184.472837, 33413365 
184.500994, 33413365 
184.532954, 33413365 
184.579759, 33413365 
184.579883, 33413365 
184.623825, 33413365 
184.660665, 33413365 
184.696879, 33413365 
184.740697, 33413365 
184.785267, 33413365 
184.808846, 33413365 
184.833145, 33413365 
184.86786, 33413365 
184.86861, 33413365 
184.900943, 33413365 
184.932636, 33413365 
184.976943, 33413365 
185.012661, 33413365 
185.053569, 33413365 
185.080867, 33413365 
185.120639, 33413365 
185.159963, 33413365 
185.16077, 33413365 
185.205156, 33413365 
185.24144, 33413365 
185.272936, 33413365 
185.308944, 33413365 
185.356663, 33413365 
185.384703, 33413365 
185.449002, 33413365 
185.479241, 33413365 
185.479372, 33413365 
185.526182, 33413365 
185.580692, 33413365 
185.605048, 33413365 
185.646862, 33413365 
185.700865, 33413365 
185.740789, 33413365 
185.789644, 33413365 
185.820921, 33413365 
185.821051, 33413365 
185.84541, 33413365 
185.877396, 33413365 
185.917249, 33413365 
185.952686, 33413365 
185.952714, 33413365 
185.997077, 33413365 
186.033016, 33413365 
186.068841, 33413365 
186.102475, 33413365 
186.104712, 33413365 
186.151158, 33413365 
186.197262, 33413365 
186.240679, 33413365 
186.264757, 33413365 
186.264818, 33413365 
186.30121, 33413365 
186.337111, 33413365 
186.377006, 33413365 
186.41295, 33413365 
186.413024, 33413365 
186.436852, 33413365 
186.472797, 33413365 
186.504796, 33413365 
186.557531, 33413365 
186.597378, 33413365 
186.633361, 33413365 
186.669219, 33413365 
186.709054, 33413365 
186.709129, 33413365 
186.744924, 33413365 
186.76871, 33413365 
186.800943, 33413365 
186.844675, 33413365 
186.880669, 33413365 
186.928747, 33413365 
186.965514, 33413365 
186.990648, 33413365 
186.990768, 33413365 
187.024732, 33413365 
187.057195, 33413365 
187.085956, 33413365 
187.11278, 33413365 
187.148982, 33413365 
187.180696, 33413365 
187.220771, 33413365 
187.268591, 33413365 
187.269065, 33413365 
187.321539, 33413365 
187.361065, 33413365 
187.401314, 33413365 
187.429132, 33413365 
187.465099, 33413365 
187.512945, 33413365 
187.552913, 33413365 
187.578837, 33413365 
187.578866, 33413365 
187.623153, 33413365 
187.652743, 33413365 
187.712808, 33413365 
187.770493, 33413365 
187.772664, 33413365 
187.816718, 33413365 
187.864715, 33413365 
187.900853, 33413365 
187.939031, 33413365 
187.93906, 33413365 
187.96874, 33413365 
188.000866, 33413365 
188.039933, 33413365 
188.059154, 33413365 
188.059189, 33413365 
188.097449, 33413365 
188.129333, 33413365 
188.181213, 33413365 
188.222047, 33413365 
188.22213, 33413365 
188.268981, 33413365 
188.312863, 33413365 
188.348915, 33413365 
188.390843, 33413365 
188.390899, 33413365 
188.425573, 33413365 
188.441484, 33413365 
188.473441, 33413365 
188.512904, 33413365 
188.517384, 33413365 
188.557198, 33413365 
188.600771, 33413365 
188.648926, 33413365 
188.688834, 33413365 
188.693169, 33413365 
188.744666, 33413365 
188.777329, 33413365 
188.825113, 33413365 
188.872775, 33413365 
188.872869, 33413365 
188.893308, 33413365 
188.925393, 33413365 
188.96104, 33413365 
189.020752, 33413365 
189.05294, 33413365 
189.084798, 33413365 
189.117666, 33413365 
189.144977, 33413365 
189.145029, 33413365 
189.173463, 33413365 
189.213482, 33413365 
189.252663, 33413365 
189.284845, 33413365 
189.316679, 33413365 
189.361059, 33413365 
189.400929, 33413365 
189.440891, 33413365 
189.440943, 33413365 
189.473183, 33413365 
189.504814, 33413365 
189.540966, 33413365 
189.597403, 33413365 
189.613447, 33413365 
189.661251, 33413365 
189.693129, 33413365 
189.726637, 33413365 
189.726696, 33413365 
189.768974, 33413365 
189.807981, 33413365 
189.840779, 33413365 
189.880682, 33413365 
189.909633, 33413365 
189.941145, 33413365 
189.969488, 33413365 
190.010101, 33413365 
190.010193, 33413365 
190.05279, 33413365 
190.113049, 33413365 
190.148975, 33413365 
190.189028, 33413365 
190.205183, 33413365 
190.240737, 33413365 
190.272666, 33413365 
190.295104, 33413365 
190.297554, 33413365 
190.335159, 33413365 
190.36864, 33413365 
190.404984, 33413365 
190.449141, 33413365 
190.484787, 33413365 
190.527612, 33413365 
190.580692, 33413365 
190.620728, 33413365 
190.620827, 33413365 
190.660674, 33413365 
190.693405, 33413365 
190.725341, 33413365 
190.772762, 33413365 
190.809245, 33413365 
190.83049, 33413365 
190.86912, 33413365 
190.900894, 33413365 
190.904915, 33413365 
190.936768, 33413365 
190.972754, 33413365 
191.008819, 33413365 
191.053447, 33413365 
191.085477, 33413365 
191.125456, 33413365 
191.188735, 33413365 
191.232678, 33413365 
191.232743, 33413365 
191.272675, 33413365 
191.308669, 33413365 
191.332814, 33413365 
191.372671, 33413365 
191.372755, 33413365 
191.417554, 33413365 
191.461459, 33413365 
191.504611, 33413365 
191.524333, 33413365 
191.524925, 33413365 
191.569093, 33413365 
191.604995, 33413365 
191.640972, 33413365 
191.676893, 33413365 
191.720675, 33413365 
191.760759, 33413365 
191.80552, 33413365 
191.846505, 33413365 
191.847059, 33413365 
191.884621, 33413365 
191.917236, 33413365 
191.957262, 33413365 
191.99267, 33413365 
192.020971, 33413365 
192.056863, 33413365 
192.088727, 33413365 
192.116673, 33413365 
192.120617, 33413365 
192.149038, 33413365 
192.182721, 33413365 
192.221324, 33413365 
192.261632, 33413365 
192.265492, 33413365 
192.309137, 33413365 
192.34105, 33413365 
192.384991, 33413365 
192.40891, 33413365 
192.412901, 33413365 
192.468932, 33413365 
192.508743, 33413365 
192.549551, 33413365 
192.596754, 33413365 
192.601402, 33413365 
192.655607, 33413365 
192.70878, 33413365 
192.749025, 33413365 
192.785014, 33413365 
192.785073, 33413365 
192.816759, 33413365 
192.852681, 33413365 
192.892792, 33413365 
192.928776, 33413365 
192.933489, 33413365 
192.968788, 33413365 
193.000815, 33413365 
193.04491, 33413365 
193.089069, 33413365 
193.089125, 33413365 
193.113124, 33413365 
193.153003, 33413365 
193.188783, 33413365 
193.248942, 33413365 
193.252674, 33413365 
193.305524, 33413365 
193.340732, 33413365 
193.380767, 33413365 
193.422096, 33413365 
193.422184, 33413365 
193.461151, 33413365 
193.495305, 33413365 
193.527272, 33413365 
193.560637, 33413365 
193.576671, 33413365 
193.624717, 33413365 
193.640703, 33413365 
193.684111, 33413365 
193.684192, 33413365 
193.725455, 33413365 
193.760813, 33413365 
193.812871, 33413365 
193.861016, 33413365 
193.921135, 33413365 
193.956866, 33413365 
194.008756, 33413365 
194.069062, 33413365 
194.06917, 33413365 
194.100677, 33413365 
194.156651, 33413365 
194.208615, 33413365 
194.232748, 33413365 
194.237066, 33413365 
194.286928, 33413365 
194.316871, 33413365 
194.364783, 33413365 
194.404866, 33413365 
194.404932, 33413365 
194.449533, 33413365 
194.48585, 33413365 
194.533211, 33413365 
194.572759, 33413365 
194.572952, 33413365 
194.616486, 33413365 
194.657035, 33413365 
194.692655, 33413365 
194.710477, 33413365 
194.710576, 33413365 
194.752875, 33413365 
194.784708, 33413365 
194.815848, 33413365 
194.851435, 33413365 
194.851486, 33413365 
194.893302, 33413365 
194.925156, 33413365 
194.969136, 33413365 
195.021006, 33413365 
195.021178, 33413365 
195.05688, 33413365 
195.098154, 33413365 
195.157667, 33413365 
195.181006, 33413365 
195.181989, 33413365 
195.234302, 33413365 
195.2654, 33413365 
195.285148, 33413365 
195.315045, 33413365 
195.315106, 33413365 
195.348797, 33413365 
195.388904, 33413365 
195.436926, 33413365 
195.484662, 33413365 
195.5127, 33413365 
195.556797, 33413365 
195.597793, 33413365 
195.633359, 33413365 
195.633516, 33413365 
195.669485, 33413365 
195.688669, 33413365 
195.716836, 33413365 
195.773048, 33413365 
195.812677, 33413365 
195.864713, 33413365 
195.912825, 33413365 
195.941706, 33413365 
195.941769, 33413365 
195.984871, 33413365 
196.021928, 33413365 
196.06869, 33413365 
196.112764, 33413365 
196.117032, 33413365 
196.148783, 33413365 
196.188835, 33413365 
196.228708, 33413365 
196.269622, 33413365 
196.269658, 33413365 
196.289591, 33413365 
196.332711, 33413365 
196.377463, 33413365 
196.416672, 33413365 
196.416703, 33413365 
196.452772, 33413365 
196.485087, 33413365 
196.512958, 33413365 
196.552794, 33413365 
196.552856, 33413365 
196.584642, 33413365 
196.620748, 33413365 
196.656663, 33413365 
196.696684, 33413365 
196.729349, 33413365 
196.744637, 33413365 
196.789263, 33413365 
196.832698, 33413365 
196.83273, 33413365 
196.868952, 33413365 
196.912995, 33413365 
196.960709, 33413365 
196.992852, 33413365 
196.992893, 33413365 
197.032638, 33413365 
197.07353, 33413365 
197.11333, 33413365 
197.152098, 33413365 
197.152219, 33413365 
197.191956, 33413365 
197.209184, 33413365 
197.239421, 33413365 
197.284787, 33413365 
197.31291, 33413365 
197.356809, 33413365 
197.397625, 33413365 
197.434603, 33413365 
197.434671, 33413365 
197.46077, 33413365 
197.512787, 33413365 
197.54123, 33413365 
197.587992, 33413365 
197.605103, 33413365 
197.637023, 33413365 
197.680872, 33413365 
197.724666, 33413365 
197.724865, 33413365 
197.777124, 33413365 
197.820898, 33413365 
197.865348, 33413365 
197.912673, 33413365 
197.948646, 33413365 
197.989043, 33413365 
198.01295, 33413365 
198.06869, 33413365 
198.072896, 33413365 
198.112674, 33413365 
198.161028, 33413365 
198.180811, 33413365 
198.204794, 33413365 
198.209435, 33413365 
198.24461, 33413365 
198.281376, 33413365 
198.317204, 33413365 
198.352669, 33413365 
198.352791, 33413365 
198.396643, 33413365 
198.420882, 33413365 
198.456655, 33413365 
198.488744, 33413365 
198.529384, 33413365 
198.565624, 33413365 
198.588689, 33413365 
198.628479, 33413365 
198.628892, 33413365 
198.653263, 33413365 
198.691865, 33413365 
198.731058, 33413365 
198.776949, 33413365 
198.83328, 33413365 
198.863588, 33413365 
198.942084, 33413365 
198.993558, 33413365 
198.997993, 33413365 
199.021269, 33413365 
199.06468, 33413365 
199.098836, 33413365 
199.145094, 33413365 
199.180817, 33413365 
199.224682, 33413365 
199.27462, 33413365 
199.318164, 33413365 
199.321392, 33413365 
199.345512, 33413365 
199.39344, 33413365 
199.452724, 33413365 
199.517064, 33413365 
199.544996, 33413365 
199.5888, 33413365 
199.628704, 33413366 
199.673595, 33413366 
199.673689, 33413366 
199.717044, 33413366 
199.760649, 33413366 
199.800745, 33413366 
199.825095, 33413366 
199.857024, 33413366 
199.905482, 33413366 
199.936774, 33413366 
199.968233, 33413366 
199.969913, 33413366 
199.988745, 33413366 
200.029573, 33413366 
200.065615, 33413366 
200.109381, 33413366 
200.136662, 33413366 
200.169171, 33413366 
200.208725, 33413366 
200.25114, 33413366 
200.251322, 33413366 
200.276949, 33413366 
200.316616, 33413366 
200.360705, 33413366 
200.40085, 33413366 
200.448824, 33413366 
200.480703, 33413366 
200.517153, 33413366 
200.549204, 33413366 
200.549292, 33413366 
200.589122, 33413366 
200.616678, 33413366 
200.648649, 33413366 
200.668932, 33413366 
200.696844, 33413366 
200.7328, 33413366 
200.777623, 33413366 
200.816791, 33413366 
200.816878, 33413366 
200.853413, 33413366 
200.888685, 33413366 
200.933474, 33413366 
200.965133, 33413366 
201.00134, 33413366 
201.044837, 33413366 
201.084283, 33413366 
201.11003, 33413366 
201.112696, 33413366 
201.149335, 33413366 
201.192914, 33413366 
201.232886, 33413366 
201.276875, 33413366 
201.313256, 33413366 
201.360982, 33413366 
201.392957, 33413366 
201.42456, 33413366 
201.424639, 33413366 
201.464835, 33413366 
201.513801, 33413366 
201.549721, 33413366 
201.58152, 33413366 
201.612655, 33413366 
201.645252, 33413366 
201.668743, 33413366 
201.706822, 33413366 
201.706883, 33413366 
201.741162, 33413366 
201.772894, 33413366 
201.812891, 33413366 
201.848804, 33413366 
201.884986, 33413366 
201.925458, 33413366 
201.961525, 33413366 
201.993559, 33413366 
201.993604, 33413366 
202.024633, 33413366 
202.053237, 33413366 
202.09313, 33413366 
202.144316, 33413366 
202.144609, 33413366 
202.168855, 33413366 
202.236643, 33413366 
202.265662, 33413366 
202.314324, 33413366 
202.314407, 33413366 
202.368705, 33413366 
202.397341, 33413366 
202.441108, 33413366 
202.481373, 33413366 
202.48141, 33413366 
202.520657, 33413366 
202.556352, 33413366 
202.593137, 33413366 
202.632368, 33413366 
202.632407, 33413366 
202.672786, 33413366 
202.705214, 33413366 
202.748455, 33413366 
202.78792, 33413366 
202.787973, 33413366 
202.829559, 33413366 
202.860937, 33413366 
202.909109, 33413366 
202.936903, 33413366 
202.93695, 33413366 
202.972763, 33413366 
203.021062, 33413366 
203.072697, 33413366 
203.112123, 33413366 
203.112656, 33413366 
203.169331, 33413366 
203.208728, 33413366 
203.245038, 33413366 
203.26914, 33413366 
203.269253, 33413366 
203.308831, 33413366 
203.35273, 33413366 
203.404852, 33413366 
203.440704, 33413366 
203.485351, 33413366 
203.529238, 33413366 
203.564825, 33413366 
203.581158, 33413366 
203.581245, 33413366 
203.616738, 33413366 
203.656897, 33413366 
203.692671, 33413366 
203.724696, 33413366 
203.764672, 33413366 
203.781636, 33413366 
203.821475, 33413366 
203.860809, 33413366 
203.860866, 33413366 
203.89731, 33413366 
203.940663, 33413366 
203.985124, 33413366 
203.997015, 33413366 
204.028966, 33413366 
204.072954, 33413366 
204.108705, 33413366 
204.149621, 33413366 
204.149679, 33413366 
204.185535, 33413366 
204.216702, 33413366 
204.244648, 33413366 
204.29288, 33413366 
204.34136, 33413366 
204.372846, 33413366 
204.396775, 33413366 
204.444769, 33413366 
204.448802, 33413366 
204.484756, 33413366 
204.516871, 33413366 
204.544699, 33413366 
204.591037, 33413366 
204.591066, 33413366 
204.632683, 33413366 
204.668816, 33413366 
204.702503, 33413366 
204.741695, 33413366 
204.741771, 33413366 
204.784937, 33413366 
204.81035, 33413366 
204.844712, 33413366 
204.87765, 33413366 
204.915304, 33413366 
204.940633, 33413366 
204.993341, 33413366 
205.032042, 33413366 
205.032118, 33413366 
205.065906, 33413366 
205.104701, 33413366 
205.125659, 33413366 
205.164824, 33413366 
205.19285, 33413366 
205.220786, 33413366 
205.248757, 33413366 
205.290924, 33413366 
205.290998, 33413366 
205.317075, 33413366 
205.356751, 33413366 
205.384695, 33413366 
205.421297, 33413366 
205.445104, 33413366 
205.472789, 33413366 
205.516728, 33413366 
205.552945, 33413366 
205.553008, 33413366 
205.592832, 33413366 
205.625647, 33413366 
205.664799, 33413366 
205.696372, 33413366 
205.737495, 33413366 
205.764773, 33413366 
205.812855, 33413366 
205.865985, 33413366 
205.866115, 33413366 
205.900913, 33413366 
205.972775, 33413366 
205.996665, 33413366 
206.040618, 33413366 
206.084688, 33413366 
206.123343, 33413366 
206.153237, 33413366 
206.192839, 33413366 
206.196927, 33413366 
206.220869, 33413366 
206.26916, 33413366 
206.304933, 33413366 
206.344716, 33413366 
206.381611, 33413366 
206.41356, 33413366 
206.456776, 33413366 
206.491977, 33413366 
206.492049, 33413366 
206.529543, 33413366 
206.570428, 33413366 
206.620671, 33413366 
206.660769, 33413366 
206.698904, 33413366 
206.744715, 33413366 
206.786264, 33413366 
206.840427, 33413366 
206.844981, 33413366 
206.885465, 33413366 
206.921177, 33413366 
206.963232, 33413366 
207.009308, 33413366 
207.06113, 33413366 
207.112631, 33413366 
207.137639, 33413366 
207.191435, 33413366 
207.192645, 33413366 
207.240749, 33413366 
207.289188, 33413366 
207.324609, 33413366 
207.360616, 33413366 
207.380666, 33413366 
207.416686, 33413366 
207.48084, 33413366 
207.533674, 33413366 
207.53726, 33413366 
207.581482, 33413366 
207.624846, 33413366 
207.673254, 33413366 
207.709162, 33413366 
207.752887, 33413366 
207.780948, 33413366 
207.804891, 33413366 
207.843368, 33413366 
207.844616, 33413366 
207.88464, 33413366 
207.912826, 33413366 
207.934199, 33413366 
207.967238, 33413366 
207.967304, 33413366 
208.005929, 33413366 
208.041209, 33413366 
208.076688, 33413366 
208.097776, 33413366 
208.097812, 33413366 
208.14897, 33413366 
208.181229, 33413366 
208.220694, 33413366 
208.257678, 33413366 
208.25771, 33413366 
208.289667, 33413366 
208.316728, 33413366 
208.35331, 33413366 
208.372724, 33413366 
208.372756, 33413366 
208.408647, 33413366 
208.452686, 33413366 
208.46908, 33413366 
208.505064, 33413366 
208.505093, 33413366 
208.548682, 33413366 
208.588909, 33413366 
208.628642, 33413366 
208.665885, 33413366 
208.665946, 33413366 
208.705002, 33413366 
208.740746, 33413366 
208.78078, 33413366 
208.809147, 33413366 
208.848616, 33413366 
208.876758, 33413366 
208.90883, 33413366 
208.956714, 33413366 
208.959371, 33413366 
208.984649, 33413366 
209.025524, 33413366 
209.049533, 33413366 
209.093449, 33413366 
209.143148, 33413366 
209.173235, 33413366 
209.225588, 33413366 
209.265046, 33413366 
209.26894, 33413366 
209.299627, 33413366 
209.336701, 33413366 
209.356794, 33413366 
209.404869, 33413366 
209.453459, 33413366 
209.492711, 33413366 
209.529229, 33413366 
209.572515, 33413366 
209.572603, 33413366 
209.609065, 33413366 
209.629173, 33413366 
209.661431, 33413366 
209.696829, 33413366 
209.701121, 33413366 
209.740812, 33413366 
209.769077, 33413366 
209.812854, 33413366 
209.84088, 33413366 
209.845416, 33413366 
209.880684, 33413366 
209.912771, 33413366 
209.945237, 33413366 
209.974119, 33413366 
209.974148, 33413366 
210.004957, 33413366 
210.036869, 33413366 
210.07097, 33413366 
210.106244, 33413366 
210.106311, 33413366 
210.137259, 33413366 
210.176848, 33413366 
210.196811, 33413366 
210.240441, 33413366 
210.240481, 33413366 
210.272734, 33413366 
210.309257, 33413366 
210.340999, 33413366 
210.375803, 33413366 
210.376704, 33413366 
210.419493, 33413366 
210.456715, 33413366 
210.496635, 33413366 
210.536207, 33413366 
210.564752, 33413366 
210.585431, 33413366 
210.625311, 33413366 
210.660734, 33413366 
210.665146, 33413366 
210.697115, 33413366 
210.728656, 33413366 
210.769015, 33413366 
210.79293, 33413366 
210.836863, 33413366 
210.877658, 33413366 
210.9127, 33413366 
210.945485, 33413366 
210.945561, 33413366 
210.97673, 33413366 
211.004684, 33413366 
211.044616, 33413366 
211.065089, 33413366 
211.093112, 33413366 
211.137358, 33413366 
211.180782, 33413366 
211.216763, 33413366 
211.220702, 33413366 
211.260622, 33413366 
211.305552, 33413366 
211.337412, 33413366 
211.36532, 33413366 
211.417261, 33413366 
211.452615, 33413366 
211.477326, 33413366 
211.513022, 33413366 
211.513081, 33413366 
211.548813, 33413366 
211.588812, 33413366 
211.624716, 33413366 
211.667697, 33413366 
211.712812, 33413366 
211.765298, 33413366 
211.785247, 33413366 
211.825114, 33413366 
211.827468, 33413366 
211.879349, 33413366 
211.916848, 33413366 
211.952684, 33413366 
211.993638, 33413366 
212.020702, 33413366 
212.056608, 33413366 
212.116708, 33413366 
212.144652, 33413366 
212.144756, 33413366 
212.21267, 33413366 
212.253426, 33413366 
212.285076, 33413366 
212.320811, 33413366 
212.380978, 33413366 
212.424931, 33413366 
212.464832, 33413366 
212.496404, 33413366 
212.497242, 33413366 
212.537224, 33413366 
212.57706, 33413366 
212.621011, 33413366 
212.664581, 33413366 
212.664926, 33413366 
212.70456, 33413366 
212.740678, 33413366 
212.777655, 33413366 
212.818938, 33413366 
212.818978, 33413366 
212.872624, 33413366 
212.892628, 33413366 
212.925204, 33413366 
212.959548, 33413366 
212.959578, 33413366 
212.997029, 33413366 
213.05288, 33413366 
213.100835, 33413366 
213.141227, 33413366 
213.141389, 33413366 
213.188821, 33413366 
213.232888, 33413366 
213.268775, 33413366 
213.312847, 33413366 
213.344303, 33413366 
213.380988, 33413366 
213.400773, 33413366 
213.430147, 33413366 
213.430199, 33413366 
213.464688, 33413366 
213.484736, 33413366 
213.533551, 33413366 
213.567386, 33413366 
213.567442, 33413366 
213.597452, 33413366 
213.641208, 33413366 
213.680759, 33413366 
213.72563, 33413366 
213.725692, 33413366 
213.756974, 33413366 
213.800836, 33413366 
213.83676, 33413366 
213.870771, 33413366 
213.872742, 33413366 
213.908909, 33413366 
213.952756, 33413366 
213.961486, 33413366 
213.995229, 33413366 
213.997329, 33413366 
214.026289, 33413366 
214.065158, 33413366 
214.093091, 33413366 
214.128723, 33413366 
214.172681, 33413366 
214.188858, 33413366 
214.236862, 33413366 
214.262679, 33413366 
214.264662, 33413366 
214.293567, 33413366 
214.356646, 33413366 
214.377691, 33413366 
214.417217, 33413366 
214.461017, 33413366 
214.501023, 33413366 
214.552927, 33413366 
214.587528, 33413366 
214.588666, 33413366 
214.62124, 33413366 
214.662436, 33413366 
214.693413, 33413366 
214.725445, 33413366 
214.745354, 33413366 
214.772761, 33413366 
214.813149, 33413366 
214.849068, 33413366 
214.853028, 33413366 
214.900881, 33413366 
214.952751, 33413366 
214.998063, 33413366 
215.040692, 33413366 
215.081425, 33413366 
215.10461, 33413366 
215.14183, 33413366 
215.189197, 33413366 
215.192848, 33413366 
215.217082, 33413366 
215.260923, 33413366 
215.292928, 33413366 
215.330686, 33413366 
215.332623, 33413366 
215.378012, 33413366 
215.428644, 33413366 
215.472654, 33413366 
215.50734, 33413366 
215.508599, 33413366 
215.545158, 33413366 
215.584666, 33413366 
215.610371, 33413366 
215.632965, 33413366 
215.664865, 33413366 
215.69283, 33413366 
215.724774, 33413366 
215.776948, 33413366 
215.781545, 33413366 
215.820655, 33413366 
215.866728, 33413366 
215.90516, 33413366 
215.944825, 33413366 
215.944886, 33413366 
215.984981, 33413366 
216.016752, 33413366 
216.052806, 33413366 
216.099811, 33413366 
216.100635, 33413366 
216.148644, 33413366 
216.169532, 33413366 
216.205455, 33413366 
216.248972, 33413366 
216.25331, 33413366 
216.293604, 33413366 
216.344723, 33413366 
216.388991, 33413366 
216.423645, 33413366 
216.423722, 33413366 
216.460714, 33413366 
216.486565, 33413366 
216.529586, 33413366 
216.561542, 33413366 
216.561598, 33413366 
216.61338, 33413366 
216.649226, 33413366 
216.684658, 33413366 
216.720149, 33413366 
216.720245, 33413366 
216.744652, 33413366 
216.784842, 33413366 
216.832682, 33413366 
216.87292, 33413366 
216.91369, 33413366 
216.949059, 33413366 
216.992672, 33413366 
217.005442, 33413366 
217.00549, 33413366 
217.041268, 33413366 
217.07686, 33413366 
217.117315, 33413366 
217.157093, 33413366 
217.188765, 33413366 
217.216675, 33413366 
217.248667, 33413366 
217.282798, 33413366 
217.282833, 33413366 
217.325936, 33413366 
217.373013, 33413366 
217.408774, 33413366 
217.435543, 33413366 
217.435604, 33413366 
217.489014, 33413366 
217.536788, 33413366 
217.584744, 33413366 
217.623506, 33413366 
217.623572, 33413366 
217.65907, 33413366 
217.699404, 33413366 
217.700081, 33413366 
217.700095, 33413386 
217.700805, 33413386 
217.741071, 33413366 
217.776821, 33413366 
217.780904, 33413366 
217.803414, 33413366 
217.844751, 33413366 
217.892936, 33413366 
217.927313, 33413366 
217.928654, 33413366 
217.960724, 33413366 
218.005573, 33413366 
218.032789, 33413366 
218.073831, 33413366 
218.073861, 33413366 
218.092983, 33413366 
218.135342, 33413366 
218.169251, 33413366 
218.203642, 33413366 
218.203684, 33413366 
218.241081, 33413366 
218.282233, 33413366 
218.3168, 33413366 
218.346975, 33413366 
218.347016, 33413366 
218.376752, 33413366 
218.409472, 33413366 
218.452699, 33413366 
218.477731, 33413366 
218.482203, 33413366 
218.505334, 33413366 
218.533238, 33413366 
218.569163, 33413366 
218.597319, 33413366 
218.597421, 33413366 
218.621025, 33413366 
218.672796, 33413366 
218.704802, 33413366 
218.728732, 33413366 
218.728776, 33413366 
218.772795, 33413366 
218.80871, 33413366 
218.841092, 33413366 
218.894352, 33413366 
218.895575, 33413366 
218.941098, 33413366 
218.982023, 33413366 
219.020787, 33413366 
219.048776, 33413366 
219.048852, 33413366 
219.076778, 33413366 
219.108734, 33413366 
219.15269, 33413366 
219.188842, 33413366 
219.232661, 33413366 
219.25677, 33413366 
219.301224, 33413366 
219.334824, 33413366 
219.336818, 33413366 
219.380675, 33413366 
219.428634, 33413366 
219.452964, 33413366 
219.488757, 33413366 
219.524667, 33413366 
219.556828, 33413366 
219.588717, 33413366 
219.625295, 33413366 
219.625376, 33413366 
219.660768, 33413366 
219.697079, 33413366 
219.720826, 33413366 
219.761005, 33413366 
219.784966, 33413366 
219.821026, 33413366 
219.856681, 33413366 
219.891876, 33413366 
219.892612, 33413366 
219.932267, 33413366 
219.96466, 33413366 
220.004794, 33413366 
220.041818, 33413366 
220.043173, 33413366 
220.06516, 33413366 
220.117246, 33413366 
220.160802, 33413366 
220.19989, 33413366 
220.199928, 33413366 
220.233812, 33413366 
220.285516, 33413366 
220.317499, 33413366 
220.348659, 33413366 
220.353647, 33413366 
220.397265, 33413366 
220.43254, 33413366 
220.464632, 33413366 
220.502159, 33413366 
220.50502, 33413366 
220.54877, 33413366 
220.572729, 33413366 
220.608663, 33413366 
220.655893, 33413366 
220.656624, 33413366 
220.676606, 33413366 
220.711685, 33413366 
220.75328, 33413366 
