0.74712, 33316803 
0.74717, 33316803 
0.747175, 33551448 
0.747205, 33551448 
0.74721, 33316803 
0.747226, 33316803 
0.747231, 33316803 
0.747275, 33316803 
0.747291, 33316803 
0.747296, 33316804 
0.747334, 33316803 
0.747339, 33316804 
0.982509, 33316797 
0.982519, 33316797 
0.982524, 33316797 
0.98253, 33316797 
0.982535, 33316797 
0.982541, 33316797 
0.982546, 33316797 
0.982552, 33316797 
0.982558, 33316797 
0.982564, 33316797 
0.982571, 33316797 
0.982576, 33316797 
0.982582, 33316797 
0.982588, 33316797 
0.982594, 33316797 
0.982599, 33316797 
0.982605, 33316797 
0.98261, 33316797 
0.982616, 33316797 
0.982623, 33316797 
0.982628, 33316797 
0.982633, 33316797 
0.982639, 33316797 
0.982644, 33316797 
0.98265, 33316797 
0.982667, 33316797 
0.982672, 33316797 
0.983125, 33316797 
0.983179, 33316797 
0.983185, 33316797 
0.98319, 33316797 
0.983196, 33316797 
0.983274, 33316797 
0.983282, 33316797 
0.983287, 33316797 
0.983293, 33316797 
0.983299, 33316797 
0.983352, 33316797 
0.983906, 33316797 
0.983915, 33316797 
0.98392, 33316797 
0.983926, 33316797 
0.983959, 33316797 
0.983965, 33316797 
0.983971, 33316797 
0.983977, 33316797 
0.98403, 33316797 
0.984035, 33316797 
0.984226, 33316797 
0.984234, 33316797 
0.98424, 33316797 
0.984245, 33316797 
0.984251, 33316797 
0.984256, 33316797 
0.984262, 33316797 
0.984315, 33316797 
0.98432, 33316797 
0.984328, 33316797 
0.985207, 33316797 
0.985213, 33316797 
0.985218, 33316797 
0.985223, 33316797 
0.985229, 33316797 
0.985234, 33316797 
0.985286, 33316797 
0.985291, 33316797 
0.985298, 33316797 
0.985304, 33316797 
0.985309, 33316797 
0.985315, 33316797 
0.98532, 33316797 
0.985326, 33316797 
0.985331, 33316797 
0.985382, 33316797 
0.985387, 33316797 
0.985393, 33316797 
0.985401, 33316797 
0.985408, 33316797 
0.985413, 33316797 
0.985419, 33316797 
0.985424, 33316797 
0.98543, 33316797 
0.985483, 33316797 
0.985489, 33316797 
0.985494, 33316797 
0.9855, 33316797 
0.985505, 33316797 
0.98551, 33316797 
0.985518, 33316797 
0.985884, 33316797 
0.986446, 33316797 
0.986513, 33316797 
0.986519, 33316797 
0.986524, 33316804 
0.986554, 33316804 
0.986565, 33316804 
0.9867, 33316804 
0.990507, 33316804 
0.990551, 33316804 
0.990568, 33316804 
0.990598, 33316804 
0.990604, 33316804 
0.990622, 33316804 
0.990627, 33316778 
0.990641, 33316804 
0.990652, 33316804 
0.990665, 33316804 
0.990687, 33316804 
0.990699, 33316804 
0.99071, 33316804 
0.991408, 33316804 
0.99142, 33316804 
0.991431, 33316804 
0.991512, 33316804 
0.991517, 33316804 
0.991545, 33316804 
0.991551, 33316804 
0.99158, 33316804 
0.991592, 33551448 
0.991616, 33316804 
0.991627, 33316804 
0.991639, 33316804 
0.99165, 33316804 
0.991674, 33316804 
0.991691, 33316804 
0.991713, 33316804 
0.991718, 33316804 
0.991737, 33316804 
0.991753, 33316804 
0.994496, 33316804 
0.994549, 33316804 
0.994586, 33316804 
0.994602, 33316804 
0.994632, 33316804 
0.994661, 33316804 
0.994667, 33316804 
0.994672, 33316804 
0.994678, 33316804 
0.994694, 33316804 
0.994776, 33316804 
0.994811, 33316804 
0.994841, 33316804 
0.994853, 33316804 
0.994864, 33316804 
0.994876, 33316804 
0.994911, 33316804 
0.994923, 33316804 
0.998491, 33316804 
0.998554, 33316804 
0.998561, 33316804 
0.998626, 33316804 
0.998638, 33316804 
0.998693, 33316804 
0.998797, 33316804 
0.998841, 33316802 
0.99889, 33316804 
0.998908, 33316804 
0.998951, 33316802 
0.998963, 33316801 
0.999006, 33316801 
1.026795, 33316778 
1.062707, 33316778 
1.090483, 33316778 
1.130536, 33316778 
1.130588, 33316778 
1.150489, 33316778 
1.190499, 33316778 
1.210634, 33316778 
1.210695, 33316778 
1.254489, 33316778 
1.282516, 33316778 
1.310526, 33316778 
1.346507, 33316778 
1.386913, 33316778 
1.426845, 33316778 
1.454817, 33316778 
1.494607, 33316778 
1.494667, 33316778 
1.538843, 33316778 
1.579362, 33316778 
1.607888, 33316778 
1.643298, 33316778 
1.670784, 33316778 
1.710539, 33316778 
1.750923, 33316778 
1.778562, 33316778 
1.778637, 33316778 
1.82272, 33316778 
1.862682, 33316778 
1.90667, 33316778 
1.938668, 33316778 
1.970751, 33316778 
2.002559, 33316778 
2.034652, 33316778 
2.06703, 33316778 
2.067101, 33316778 
2.11103, 33316778 
2.146499, 33316778 
2.162618, 33316778 
2.203039, 33316778 
2.238605, 33316778 
2.294717, 33316778 
2.330492, 33316778 
2.368982, 33316778 
2.369072, 33316778 
2.403331, 33316778 
2.446522, 33316778 
2.483073, 33316778 
2.519076, 33316778 
2.546959, 33316778 
2.578707, 33316778 
2.61062, 33316778 
2.645145, 33316778 
2.64524, 33316778 
2.687341, 33316778 
2.712257, 33316778 
2.75522, 33316778 
2.794541, 33316778 
2.830569, 33316778 
2.866876, 33316778 
2.907447, 33316778 
2.950689, 33316778 
2.950744, 33316778 
2.99062, 33316778 
3.030647, 33316778 
3.071586, 33316778 
3.092327, 33316778 
3.092363, 33316778 
3.124418, 33316778 
3.155147, 33316778 
3.190519, 33316778 
3.241594, 33316778 
3.241642, 33316778 
3.262872, 33316778 
3.294502, 33316778 
3.330512, 33316778 
3.363623, 33316778 
3.36658, 33316778 
3.39854, 33316778 
3.434488, 33316778 
3.470582, 33316778 
3.498554, 33316778 
3.534446, 33316778 
3.570461, 33316778 
3.598525, 33316778 
3.626922, 33316778 
3.626952, 33316778 
3.658887, 33316778 
3.694824, 33316778 
3.718591, 33316778 
3.746551, 33316778 
3.746581, 33316778 
3.782727, 33316778 
3.82269, 33316778 
3.86661, 33316778 
3.890625, 33316778 
3.890684, 33316778 
3.914537, 33316778 
3.943412, 33316778 
3.974616, 33316778 
4.026867, 33316778 
4.026972, 33316778 
4.058885, 33316778 
4.098762, 33316778 
4.147011, 33316778 
4.178662, 33316778 
4.178771, 33316778 
4.218566, 33316778 
4.255807, 33316778 
4.283091, 33316778 
4.325906, 33316778 
4.326039, 33316778 
4.367067, 33316778 
4.410603, 33316778 
4.455066, 33316778 
4.474776, 33316778 
4.514569, 33316778 
4.546561, 33316778 
4.587029, 33316778 
4.624712, 33316778 
4.624812, 33316778 
4.639043, 33316778 
4.686998, 33316778 
4.750689, 33316778 
4.79145, 33316778 
4.826702, 33316778 
4.86714, 33316778 
4.915484, 33316778 
4.943148, 33316778 
4.947421, 33316778 
5.003802, 33316778 
5.039769, 33316778 
5.063099, 33316778 
5.098964, 33316778 
5.134942, 33316778 
5.16289, 33316778 
5.210802, 33316778 
5.258546, 33316778 
5.258609, 33316778 
5.2926, 33316778 
5.320203, 33316778 
5.34732, 33316778 
5.36734, 33316778 
5.411236, 33316778 
5.451065, 33316778 
5.479036, 33316778 
5.513847, 33316778 
5.514949, 33316778 
5.546639, 33316778 
5.589524, 33316778 
5.630513, 33316778 
5.674566, 33316778 
5.711438, 33316778 
5.749067, 33316778 
5.787345, 33316778 
5.813309, 33316778 
5.81462, 33316778 
5.862994, 33316778 
5.907091, 33316778 
5.928484, 33316778 
5.966759, 33316778 
6.01056, 33316778 
6.046476, 33316778 
6.080176, 33316778 
6.117557, 33316778 
6.117641, 33316778 
6.139223, 33316778 
6.171084, 33316778 
6.194315, 33316778 
6.2349, 33316778 
6.270961, 33316778 
6.302921, 33316778 
6.334813, 33316778 
6.367399, 33316778 
6.367645, 33316778 
6.402632, 33316778 
6.438652, 33316778 
6.475446, 33316778 
6.514486, 33316778 
6.555556, 33316778 
6.591031, 33316778 
6.630987, 33316778 
6.661398, 33316778 
6.6615, 33316778 
6.683231, 33316778 
6.742739, 33316778 
6.794544, 33316778 
6.831409, 33316778 
6.860792, 33316779 
6.894569, 33316779 
6.918469, 33316779 
6.95853, 33316779 
6.960522, 33316779 
6.998954, 33316779 
7.030796, 33316779 
7.058743, 33316779 
7.098638, 33316779 
7.098673, 33316779 
7.118877, 33316779 
7.162668, 33316779 
7.18253, 33316779 
7.217519, 33316779 
7.218523, 33316779 
7.243313, 33316779 
7.275589, 33316779 
7.311169, 33316779 
7.346533, 33316779 
7.391257, 33316779 
7.43487, 33316779 
7.470639, 33316779 
7.489238, 33316779 
7.48934, 33316779 
7.538587, 33316779 
7.578789, 33316779 
7.634695, 33316779 
7.665539, 33316779 
7.710789, 33316779 
7.754994, 33316779 
7.798495, 33316779 
7.818833, 33316779 
7.818917, 33316779 
7.854633, 33316779 
7.898666, 33316779 
7.93451, 33316779 
7.974679, 33316779 
8.026666, 33316779 
8.070528, 33316779 
8.102531, 33316779 
8.158443, 33316779 
8.158545, 33316779 
8.206758, 33316779 
8.238518, 33316779 
8.262773, 33316779 
8.302909, 33316779 
8.343848, 33316779 
8.3907, 33316779 
8.410666, 33316779 
8.439695, 33316779 
8.439734, 33316779 
8.474531, 33316779 
8.505753, 33316779 
8.543183, 33316779 
8.592008, 33316779 
8.592078, 33316779 
8.638572, 33316779 
8.690507, 33316779 
8.728988, 33316779 
8.770358, 33316779 
8.770465, 33316779 
8.795227, 33316779 
8.834502, 33316779 
8.882982, 33316779 
8.913468, 33316779 
8.972613, 33316779 
8.994572, 33316779 
9.034757, 33316779 
9.067476, 33316779 
9.107414, 33316779 
9.162513, 33316779 
9.190985, 33316779 
9.238627, 33316779 
9.28685, 33316779 
9.318443, 33316779 
9.338885, 33316779 
9.374628, 33316779 
9.37868, 33316779 
9.414525, 33316779 
9.447384, 33316779 
9.483315, 33316779 
9.517824, 33316779 
9.554158, 33316779 
9.579092, 33316779 
9.611379, 33316779 
9.641699, 33316779 
9.64312, 33316779 
9.674882, 33316779 
9.706506, 33316779 
9.742475, 33316779 
9.79447, 33316779 
9.818484, 33316779 
9.861233, 33316779 
9.895926, 33316779 
9.934483, 33316779 
9.934623, 33316779 
9.970599, 33316779 
10.006924, 33316779 
10.038518, 33316779 
10.0748, 33316779 
10.091721, 33316779 
10.122645, 33316779 
10.154588, 33316779 
10.203443, 33316779 
10.203513, 33316779 
10.22662, 33316779 
10.254518, 33316779 
10.290726, 33316779 
10.323189, 33316779 
10.366976, 33316779 
10.406448, 33316779 
10.434832, 33316779 
10.466464, 33316779 
10.466534, 33316779 
10.506479, 33316779 
10.546517, 33316779 
10.591312, 33316779 
224.166871, 33316784 
224.210698, 33316784 
224.230652, 33316784 
224.230703, 33316784 
224.274532, 33316784 
224.298879, 33316784 
224.339209, 33316784 
224.37494, 33316784 
224.375047, 33316784 
224.418995, 33316784 
224.450917, 33316784 
224.490535, 33316784 
224.506959, 33316784 
224.507005, 33316784 
224.554732, 33316784 
224.594798, 33316784 
224.626979, 33316784 
224.662996, 33316784 
224.666535, 33316784 
224.69949, 33316784 
224.74259, 33316784 
224.779195, 33316784 
224.811174, 33316784 
224.846505, 33316784 
224.867052, 33316784 
224.910594, 33316784 
224.942613, 33316784 
224.942746, 33316784 
224.98259, 33316784 
225.010628, 33316784 
225.055745, 33316784 
225.095774, 33316784 
225.130711, 33316784 
225.158857, 33316784 
225.20281, 33316784 
225.231041, 33316784 
225.231489, 33316784 
225.262591, 33316784 
225.302884, 33316784 
225.346651, 33316784 
225.366682, 33316784 
225.402612, 33316784 
225.451195, 33316784 
225.498727, 33316784 
225.518543, 33316784 
225.51862, 33316784 
225.555541, 33316784 
225.599087, 33316784 
225.627478, 33316784 
225.666937, 33316784 
225.70314, 33316784 
225.734708, 33316784 
225.77911, 33316784 
225.843096, 33316784 
225.84362, 33316784 
225.918656, 33316784 
225.950738, 33316784 
225.971082, 33316784 
226.010673, 33316784 
226.034855, 33316784 
226.082845, 33316784 
226.114648, 33316784 
226.146597, 33316784 
226.146655, 33316784 
226.192213, 33316784 
226.234842, 33316784 
226.302468, 33316784 
226.346709, 33316784 
226.395275, 33316784 
226.462668, 33316784 
226.494662, 33316784 
226.546896, 33316784 
226.55069, 33316784 
226.570606, 33316784 
226.610614, 33316784 
226.646699, 33316784 
226.675497, 33316784 
226.710537, 33316784 
226.751151, 33316784 
226.790506, 33316784 
226.822501, 33316784 
226.822563, 33316784 
226.862499, 33316784 
226.903021, 33316784 
226.946543, 33316784 
226.970823, 33316784 
227.003517, 33316784 
227.04766, 33316784 
227.102605, 33316784 
227.144173, 33316784 
227.144218, 33316784 
227.19895, 33316784 
227.237295, 33316784 
227.29094, 33316784 
227.334727, 33316784 
227.365578, 33316784 
227.403343, 33316784 
227.447999, 33316784 
227.486834, 33316784 
227.531284, 33316784 
227.566482, 33316784 
227.586773, 33316784 
227.62748, 33316784 
227.664193, 33316784 
227.702768, 33316784 
227.738579, 33316784 
227.774542, 33316784 
227.774572, 33316784 
227.798535, 33316784 
227.839351, 33316784 
227.86341, 33316784 
227.919269, 33316784 
227.919563, 33316784 
227.979333, 33316784 
228.042866, 33316784 
228.079016, 33316784 
228.106604, 33316784 
228.106638, 33316784 
228.158747, 33316784 
228.242758, 33316784 
228.278603, 33316784 
228.334643, 33316784 
228.334689, 33316784 
228.363218, 33316784 
228.390568, 33316784 
228.430939, 33316784 
228.483142, 33316784 
228.483732, 33316784 
228.52332, 33316784 
228.571136, 33316784 
228.611147, 33316784 
228.65854, 33316784 
228.658587, 33316784 
228.690585, 33316784 
228.730967, 33316784 
228.786996, 33316784 
228.826924, 33316784 
228.826973, 33316784 
228.862843, 33316784 
228.898953, 33316784 
228.946631, 33316784 
228.994574, 33316784 
228.994607, 33316784 
229.027492, 33316784 
229.07982, 33316784 
229.122621, 33316784 
229.154669, 33316784 
229.154714, 33316784 
229.182702, 33316784 
229.21513, 33316784 
229.266514, 33316784 
229.302667, 33316784 
229.30273, 33316784 
229.338686, 33316784 
229.358512, 33316784 
229.394733, 33316784 
229.487645, 33316784 
229.487684, 33316784 
229.56654, 33316784 
229.610536, 33316784 
229.631348, 33316784 
229.676087, 33316784 
229.677046, 33316784 
229.726589, 33316784 
229.756956, 33316784 
229.80281, 33316784 
229.832099, 33316784 
229.832204, 33316784 
229.878899, 33316784 
229.94147, 33316784 
229.995005, 33316784 
230.019089, 33316784 
230.050637, 33316784 
230.084286, 33316784 
230.122653, 33316784 
230.160891, 33316784 
230.161144, 33316784 
230.194557, 33316784 
230.230671, 33316784 
230.275054, 33316784 
230.303016, 33316784 
230.338584, 33316784 
230.371652, 33316784 
230.438675, 33316784 
230.483163, 33316784 
230.483583, 33316784 
230.510672, 33316784 
230.542643, 33316784 
230.570583, 33316784 
230.615246, 33316784 
230.654919, 33316784 
230.69073, 33316784 
230.73096, 33316784 
230.774804, 33316784 
230.774882, 33316784 
230.806712, 33316784 
230.842543, 33316784 
230.870597, 33316784 
230.899583, 33316784 
230.931331, 33316784 
230.971273, 33316784 
231.010557, 33316784 
231.054615, 33316784 
231.054649, 33316784 
231.096457, 33316784 
231.154834, 33316784 
231.235936, 33316784 
231.257182, 33316784 
231.257334, 33316784 
231.310571, 33316784 
231.338615, 33316784 
231.362982, 33316784 
231.430558, 33316784 
231.430813, 33316784 
231.462886, 33316784 
231.551925, 33316784 
231.59631, 33316784 
231.635886, 33316784 
231.639169, 33316784 
231.677831, 33316784 
231.72951, 33316784 
231.778983, 33316784 
231.79723, 33316784 
231.798668, 33316784 
231.850654, 33316784 
231.895889, 33316784 
231.919392, 33316784 
231.961057, 33316784 
231.963426, 33316784 
232.003163, 33316784 
232.038537, 33316784 
232.05499, 33316784 
232.087344, 33316784 
232.090924, 33316784 
232.122904, 33316785 
232.153787, 33316785 
232.194658, 33316785 
232.239142, 33316785 
232.242561, 33316785 
232.286763, 33316785 
232.315326, 33316785 
232.350524, 33316785 
232.407734, 33316785 
232.411346, 33316785 
232.463543, 33316785 
232.506611, 33316785 
232.562654, 33316785 
232.605416, 33316785 
232.605485, 33316785 
232.639446, 33316785 
232.658569, 33316785 
232.693422, 33316785 
232.754513, 33316785 
232.754569, 33316785 
232.778778, 33316785 
232.830483, 33316785 
232.872663, 33316785 
232.898565, 33316785 
232.898603, 33316785 
232.947055, 33316785 
232.990525, 33316785 
233.031398, 33316785 
233.070572, 33316785 
233.070643, 33316785 
233.111614, 33316785 
233.151176, 33316785 
233.194951, 33316785 
233.243038, 33316785 
233.28276, 33316785 
233.326464, 33316785 
233.362499, 33316785 
233.387053, 33316785 
233.391438, 33316785 
233.430571, 33316785 
233.463348, 33316785 
233.495217, 33316785 
233.538731, 33316785 
233.567007, 33316785 
233.594948, 33316785 
233.626824, 33316785 
233.667364, 33316785 
233.667462, 33316785 
233.710792, 33316785 
233.738507, 33316785 
233.782634, 33316785 
233.795507, 33316785 
233.843617, 33316785 
233.866883, 33316785 
233.907476, 33316785 
233.963892, 33316785 
233.963967, 33316785 
234.026782, 33316785 
234.066623, 33316785 
234.09865, 33316785 
234.142707, 33316785 
234.179315, 33316785 
234.2228, 33316785 
234.262918, 33316785 
234.292646, 33316785 
234.292891, 33316785 
234.38298, 33316785 
234.414598, 33316785 
234.488212, 33316785 
234.531517, 33316785 
234.574543, 33316785 
234.615091, 33316785 
234.658526, 33316785 
234.688202, 33316785 
234.688346, 33316785 
234.731117, 33316785 
234.766914, 33316785 
234.798738, 33316785 
234.847884, 33316785 
234.886662, 33316785 
234.930467, 33316785 
234.977754, 33316785 
235.018624, 33316785 
235.022659, 33316785 
235.058644, 33316785 
235.09087, 33316785 
235.139034, 33316785 
235.170891, 33316785 
235.202892, 33316785 
235.242579, 33316785 
235.30272, 33316785 
235.384827, 33316785 
235.386026, 33316785 
235.435257, 33316785 
235.511742, 33316785 
235.567333, 33316785 
235.610596, 33316785 
235.650787, 33316785 
235.699322, 33316785 
235.718539, 33316785 
235.759234, 33316785 
235.759626, 33316785 
235.803029, 33316785 
235.858933, 33316785 
235.878887, 33316785 
235.910755, 33316785 
235.910796, 33316785 
235.946647, 33316785 
235.97858, 33316785 
236.030511, 33316785 
236.069705, 33316785 
236.070096, 33316785 
236.099692, 33316785 
236.147065, 33316785 
236.178495, 33316785 
236.202555, 33316785 
236.203172, 33316785 
236.246937, 33316785 
236.278526, 33316785 
236.29448, 33316785 
236.326616, 33316785 
236.330667, 33316785 
236.362557, 33316785 
236.399253, 33316785 
236.446459, 33316785 
236.468949, 33316785 
236.471329, 33316785 
236.514423, 33316785 
236.555057, 33316785 
236.578468, 33316785 
236.609331, 33316785 
236.610827, 33316785 
236.65084, 33316785 
236.681884, 33316785 
236.719547, 33316785 
236.745632, 33316785 
236.746472, 33316785 
236.790718, 33316785 
236.807432, 33316785 
236.83959, 33316785 
236.86372, 33316785 
236.866917, 33316785 
236.898508, 33316785 
236.93246, 33316785 
236.966656, 33316785 
237.002418, 33316785 
237.003015, 33316785 
237.039186, 33316785 
237.066766, 33316785 
237.106107, 33316785 
237.125477, 33316785 
237.126461, 33316785 
237.16248, 33316785 
237.178632, 33316785 
237.211404, 33316785 
237.240356, 33316785 
237.243241, 33316785 
237.28266, 33316785 
237.299051, 33316785 
237.335476, 33316785 
237.371226, 33316785 
237.371304, 33316785 
237.403257, 33316785 
237.434986, 33316785 
237.470915, 33316785 
237.510567, 33316785 
237.510606, 33316785 
237.550874, 33316785 
237.582666, 33316785 
237.622689, 33316785 
237.68652, 33316785 
237.686583, 33316785 
237.710757, 33316785 
237.752182, 33316785 
237.770858, 33316785 
237.813805, 33316785 
237.878464, 33316785 
237.898554, 33316785 
237.922613, 33316785 
237.961583, 33316785 
237.963254, 33316785 
237.99455, 33316785 
238.030507, 33316785 
238.086549, 33316785 
238.107038, 33316785 
238.155287, 33316785 
238.194645, 33316785 
238.222565, 33316785 
238.250811, 33316785 
238.25094, 33316785 
238.286477, 33316785 
238.322556, 33316785 
238.334569, 33316785 
238.363395, 33316785 
238.410511, 33316785 
238.45066, 33316785 
238.475063, 33316785 
238.51898, 33316785 
238.51909, 33316785 
238.546697, 33316785 
238.582633, 33316785 
238.618933, 33316785 
238.65889, 33316785 
238.699399, 33316785 
238.73048, 33316785 
238.767192, 33316785 
238.798793, 33316785 
238.80303, 33316785 
238.815149, 33316785 
238.846989, 33316785 
238.874994, 33316785 
238.90265, 33316785 
238.950899, 33316785 
238.99454, 33316785 
239.022909, 33316785 
239.055401, 33316785 
239.059396, 33316785 
239.094547, 33316785 
239.131174, 33316785 
239.159792, 33316785 
239.199084, 33316785 
239.242919, 33316785 
239.278735, 33316785 
239.306779, 33316785 
239.338605, 33316785 
239.342884, 33316785 
239.374631, 33316785 
239.414576, 33316785 
239.459747, 33316785 
239.483061, 33316785 
239.515178, 33316785 
239.554552, 33316785 
239.590958, 33316785 
239.610581, 33316785 
239.615251, 33316785 
239.647751, 33316785 
239.683054, 33316785 
239.718661, 33316785 
239.751089, 33316785 
239.770549, 33316785 
239.810565, 33316785 
239.847673, 33316785 
239.874241, 33316785 
239.875074, 33316785 
239.918699, 33316785 
239.955078, 33316785 
239.990895, 33316785 
240.021765, 33316785 
240.021825, 33316785 
240.052042, 33316785 
240.08724, 33316785 
240.130667, 33316785 
240.171786, 33316785 
240.171829, 33316785 
240.215324, 33316785 
240.259243, 33316785 
240.298568, 33316785 
240.334597, 33316785 
240.334675, 33316785 
240.377186, 33316785 
240.41068, 33316785 
240.450737, 33316785 
240.49471, 33316785 
240.494743, 33316785 
240.530472, 33316785 
240.550533, 33316785 
240.599244, 33316785 
240.626684, 33316785 
240.631169, 33316785 
240.662536, 33316785 
240.706983, 33316785 
240.738902, 33316785 
240.75848, 33316785 
240.758546, 33316785 
240.782543, 33316785 
240.810648, 33316785 
240.850579, 33316785 
240.866538, 33316785 
240.870543, 33316785 
240.906885, 33316785 
240.950492, 33316785 
240.978471, 33316785 
241.015305, 33316785 
241.018489, 33316785 
241.059077, 33316785 
241.098967, 33316785 
241.123022, 33316785 
241.166731, 33316785 
241.166776, 33316785 
241.202617, 33316785 
241.238539, 33316785 
241.278483, 33316785 
241.314489, 33316785 
241.314534, 33316785 
241.334695, 33316785 
241.363961, 33316785 
241.403076, 33316785 
241.438712, 33316785 
241.438749, 33316785 
241.478646, 33316785 
241.502933, 33316785 
241.538811, 33316785 
241.583264, 33316785 
241.586621, 33316785 
241.618511, 33316785 
241.654622, 33316785 
241.690462, 33316785 
241.722631, 33316785 
241.742658, 33316785 
241.783511, 33316785 
241.826578, 33316785 
241.862764, 33316785 
241.862912, 33316785 
241.906547, 33316785 
241.946934, 33316785 
241.986798, 33316785 
242.011101, 33316785 
242.051028, 33316785 
242.091244, 33316785 
242.110727, 33316785 
242.150614, 33316785 
242.150691, 33316785 
242.195367, 33316785 
242.218805, 33316785 
242.254833, 33316785 
242.286883, 33316785 
242.334581, 33316785 
242.374593, 33316785 
242.402483, 33316785 
242.439341, 33316785 
242.439401, 33316785 
242.478839, 33316785 
242.518509, 33316785 
242.534606, 33316785 
242.566619, 33316785 
242.598543, 33316785 
242.642806, 33316785 
242.676054, 33316785 
242.706681, 33316785 
242.706759, 33316785 
242.738645, 33316785 
242.786993, 33316785 
242.818503, 33316785 
242.855322, 33316785 
242.890988, 33316785 
242.922716, 33316785 
242.954468, 33316785 
242.986601, 33316785 
242.987007, 33316785 
243.014935, 33316785 
243.046923, 33316785 
243.078458, 33316785 
243.122511, 33316785 
243.150745, 33316785 
243.174718, 33316785 
243.207072, 33316785 
243.235318, 33316785 
243.235375, 33316785 
243.263727, 33316785 
243.290509, 33316785 
243.327017, 33316785 
243.362669, 33316785 
243.39056, 33316785 
243.418846, 33316785 
243.450679, 33316785 
243.486748, 33316785 
243.486867, 33316785 
243.510524, 33316785 
243.542493, 33316785 
243.602527, 33316785 
243.643133, 33316785 
243.671136, 33316785 
243.703031, 33316785 
243.734963, 33316785 
243.770863, 33316785 
243.770898, 33316785 
243.794611, 33316785 
243.834585, 33316785 
243.858617, 33316785 
243.890527, 33316785 
243.894585, 33316785 
243.934846, 33316785 
243.966504, 33316785 
243.998511, 33316785 
244.030725, 33316785 
244.030863, 33316785 
244.066599, 33316785 
244.091418, 33316785 
244.126513, 33316785 
244.166471, 33316785 
244.170542, 33316785 
244.202829, 33316785 
244.248019, 33316785 
244.302462, 33316785 
244.326846, 33316785 
244.33146, 33316785 
244.366714, 33316785 
244.390623, 33316785 
244.431492, 33316785 
244.474945, 33316785 
244.474998, 33316785 
244.494973, 33316785 
244.538806, 33316785 
244.575203, 33316785 
244.60663, 33316785 
244.610491, 33316785 
244.634634, 33316785 
244.670899, 33316785 
244.707414, 33316785 
244.738516, 33316785 
244.738561, 33316785 
244.770469, 33316785 
244.810514, 33316785 
244.85488, 33316785 
244.883081, 33316785 
244.88314, 33316785 
244.910597, 33316785 
244.946773, 33316785 
244.982562, 33316785 
245.010593, 33316785 
245.014711, 33316785 
245.042693, 33316785 
245.063378, 33316785 
245.094932, 33316785 
245.124157, 33316785 
245.124216, 33316785 
245.163145, 33316785 
245.186549, 33316785 
245.223571, 33316785 
245.255152, 33316785 
245.29093, 33316785 
245.330836, 33316785 
245.362612, 33316785 
245.395342, 33316785 
245.395423, 33316785 
245.418633, 33316785 
245.455339, 33316785 
245.48246, 33316785 
245.520604, 33316785 
245.551186, 33316785 
245.579082, 33316785 
245.622502, 33316785 
245.668861, 33316785 
245.668985, 33316785 
245.6945, 33316785 
245.734607, 33316785 
245.7547, 33316785 
245.803354, 33316785 
245.854488, 33316785 
245.871323, 33316785 
245.914539, 33316785 
245.964505, 33316785 
245.964617, 33316785 
245.998598, 33316785 
246.038773, 33316785 
246.08257, 33316785 
246.130536, 33316785 
246.171514, 33316785 
246.208697, 33316785 
246.250477, 33316785 
246.285497, 33316785 
246.285572, 33316785 
246.33048, 33316785 
246.377504, 33316785 
246.415623, 33316785 
246.450634, 33316785 
246.474612, 33316785 
246.506127, 33316785 
246.550753, 33316785 
246.594431, 33316785 
246.594616, 33316785 
246.619647, 33316785 
246.654504, 33316785 
246.685886, 33316785 
246.714955, 33316785 
246.754521, 33316785 
246.799378, 33316785 
246.834737, 33316785 
246.853956, 33316785 
246.85407, 33316785 
246.89934, 33316785 
246.93058, 33316785 
246.960527, 33316785 
247.003301, 33316785 
247.026654, 33316785 
247.06327, 33316785 
247.106909, 33316785 
247.15479, 33316785 
247.154853, 33316785 
247.186943, 33316785 
247.234864, 33316785 
247.2655, 33316785 
247.298924, 33316785 
247.339379, 33316785 
247.374457, 33316785 
247.411058, 33316785 
247.430543, 33316785 
247.434852, 33316785 
247.47061, 33316785 
247.518786, 33316785 
247.55098, 33316785 
247.582824, 33316785 
247.610544, 33316785 
247.627002, 33316785 
247.671509, 33316785 
247.712416, 33316785 
247.712591, 33316785 
247.746841, 33316785 
247.807195, 33316785 
247.827081, 33316785 
247.862465, 33316785 
247.862498, 33316785 
247.886935, 33316785 
247.930773, 33316785 
247.958649, 33316785 
247.994939, 33316785 
247.995054, 33316785 
248.034593, 33316785 
248.062738, 33316785 
248.095324, 33316785 
248.12331, 33316785 
248.174588, 33316785 
248.214462, 33316785 
248.250538, 33316785 
248.282767, 33316785 
248.282811, 33316785 
248.330483, 33316785 
248.374821, 33316785 
248.414478, 33316785 
248.450527, 33316785 
248.450597, 33316785 
248.470455, 33316785 
248.503242, 33316785 
248.52711, 33316785 
248.57142, 33316785 
248.571454, 33316785 
248.599024, 33316785 
248.642843, 33316785 
248.666509, 33316785 
248.694794, 33316785 
248.694831, 33316785 
248.726717, 33316785 
248.754514, 33316785 
248.790867, 33316785 
248.826496, 33316785 
248.826551, 33316785 
248.850984, 33316785 
248.898511, 33316785 
248.942806, 33316785 
249.00721, 33316785 
249.010913, 33316785 
249.067082, 33316785 
249.119639, 33316785 
249.146907, 33316785 
249.186748, 33316785 
249.190719, 33316785 
249.218917, 33316785 
249.250546, 33316785 
249.29088, 33316785 
249.330657, 33316785 
249.330724, 33316785 
249.366444, 33316785 
249.395044, 33316785 
249.442994, 33316785 
249.48731, 33316785 
249.487434, 33316785 
249.522913, 33316785 
249.574744, 33316785 
249.606701, 33316785 
249.646495, 33316785 
249.646554, 33316785 
249.688112, 33316785 
249.72316, 33316785 
249.751767, 33316785 
249.794896, 33316785 
249.794958, 33316785 
249.827096, 33316785 
249.878605, 33316785 
249.894924, 33316785 
249.930763, 33316785 
249.966721, 33316785 
249.990483, 33316785 
250.026605, 33316785 
250.066612, 33316785 
250.07099, 33316785 
250.11586, 33316785 
250.126511, 33316785 
250.159218, 33316785 
250.191111, 33316785 
250.222885, 33316785 
250.286614, 33316785 
250.339238, 33316785 
250.374771, 33316785 
250.378783, 33316785 
250.471948, 33316785 
250.514984, 33316785 
250.56742, 33316785 
250.610581, 33316785 
250.643155, 33316785 
250.683093, 33316785 
250.718655, 33316785 
250.750877, 33316785 
250.754793, 33316785 
250.790968, 33316785 
250.838534, 33316785 
250.87452, 33316785 
250.903834, 33316785 
250.93446, 33316785 
250.971493, 33316785 
251.002502, 33316785 
251.038551, 33316785 
251.043039, 33316785 
251.071834, 33316785 
251.110722, 33316785 
251.142863, 33316785 
251.174722, 33316785 
251.206689, 33316785 
251.23919, 33316785 
251.278477, 33316785 
251.32715, 33316785 
251.327525, 33316785 
251.358492, 33316785 
251.386601, 33316785 
251.414546, 33316785 
251.466632, 33316785 
251.48254, 33316785 
251.5106, 33316785 
251.546544, 33316785 
251.590615, 33316785 
251.59068, 33316785 
251.61853, 33316785 
251.654729, 33316785 
251.687428, 33316785 
251.730795, 33316785 
251.751244, 33316785 
251.782529, 33316785 
251.807334, 33316785 
251.842466, 33316785 
251.842528, 33316785 
251.890852, 33316785 
251.926646, 33316785 
251.950777, 33316785 
251.978586, 33316785 
252.018546, 33316785 
252.055536, 33316785 
252.111038, 33316785 
252.142687, 33316785 
252.142772, 33316785 
252.186714, 33316785 
252.206983, 33316785 
252.255225, 33316785 
252.294937, 33316785 
252.29497, 33316785 
252.330523, 33316785 
252.354517, 33316785 
252.382586, 33316785 
252.418541, 33316785 
252.418585, 33316785 
252.458497, 33316785 
252.494677, 33316785 
252.534538, 33316785 
252.571476, 33316785 
252.571729, 33316785 
252.58719, 33316785 
252.618591, 33316785 
252.651024, 33316785 
252.678624, 33316785 
252.678657, 33316785 
252.710822, 33316785 
252.742655, 33316785 
252.778507, 33316785 
252.802549, 33316785 
252.802582, 33316785 
252.846677, 33316785 
252.886567, 33316785 
252.919178, 33316785 
252.958555, 33316785 
252.994518, 33316785 
253.034943, 33316785 
253.062462, 33316785 
253.082711, 33316785 
253.082751, 33316785 
253.123015, 33316785 
253.146616, 33316785 
253.182579, 33316785 
253.223396, 33316785 
253.223628, 33316785 
253.25936, 33316785 
253.275156, 33316785 
253.317047, 33316785 
253.358645, 33316785 
253.358683, 33316785 
253.410581, 33316785 
253.430821, 33316785 
253.466531, 33316785 
253.498703, 33316785 
253.502595, 33316785 
253.534611, 33316785 
253.566462, 33316785 
253.602478, 33316785 
253.627401, 33316785 
253.670515, 33316785 
253.706535, 33316785 
253.754975, 33316785 
253.770971, 33316785 
253.774924, 33316785 
253.818567, 33316785 
253.858544, 33316785 
253.89847, 33316785 
253.922731, 33316785 
253.962543, 33316785 
254.010729, 33316785 
254.035374, 33316785 
254.07055, 33316785 
254.070618, 33316785 
254.11115, 33316785 
254.150614, 33316785 
254.178892, 33316785 
254.218775, 33316785 
254.242479, 33316785 
254.278563, 33316785 
254.314596, 33316785 
254.351473, 33316785 
254.351526, 33316785 
254.391495, 33316785 
254.430604, 33316785 
254.471106, 33316785 
254.518586, 33316785 
254.55855, 33316785 
254.57531, 33316785 
254.60658, 33316785 
254.626735, 33316785 
254.626784, 33316785 
254.654556, 33316785 
254.682471, 33316785 
254.718712, 33316785 
254.751372, 33316785 
254.783314, 33316785 
254.814475, 33316785 
254.84645, 33316785 
254.878953, 33316785 
254.879009, 33316785 
254.922885, 33316785 
254.958863, 33316785 
254.982797, 33316785 
255.014649, 33316785 
255.042572, 33316785 
255.07468, 33316785 
255.106737, 33316785 
255.147278, 33316785 
255.147354, 33316785 
255.183021, 33316785 
255.206518, 33316785 
255.250964, 33316785 
255.29493, 33316785 
255.33481, 33316785 
255.358721, 33316785 
255.40264, 33316785 
255.430625, 33316785 
255.430704, 33316785 
255.466838, 33316785 
255.51137, 33316785 
255.539291, 33316785 
255.567075, 33316785 
255.598666, 33316785 
255.642753, 33316785 
255.67862, 33316785 
255.714434, 33316785 
255.714503, 33316785 
255.746722, 33316785 
255.794509, 33316785 
255.843475, 33316785 
255.879355, 33316785 
255.910505, 33316785 
255.939352, 33316785 
255.974667, 33316785 
256.003356, 33316785 
256.003472, 33316785 
256.03909, 33316785 
256.06681, 33316785 
256.090721, 33316785 
256.12246, 33316785 
256.158847, 33316785 
256.19445, 33316785 
256.223349, 33316785 
256.266567, 33316785 
256.266626, 33316785 
256.298469, 33316785 
256.33448, 33316785 
256.358669, 33316785 
256.394719, 33316785 
256.430922, 33316785 
256.466497, 33316785 
256.498644, 33316785 
256.522727, 33316785 
256.522757, 33316785 
256.554507, 33316785 
256.598429, 33316785 
256.63068, 33316785 
256.66651, 33316785 
256.666566, 33316785 
256.69917, 33316785 
256.715054, 33316785 
256.750683, 33316785 
256.783, 33316785 
256.78304, 33316785 
256.822837, 33316785 
256.85896, 33316785 
256.890712, 33316785 
256.934557, 33316785 
256.934607, 33316785 
256.962511, 33316785 
257.002683, 33316785 
257.030476, 33316785 
257.050562, 33316785 
257.050591, 33316785 
257.079109, 33316785 
257.12295, 33316785 
257.154556, 33316785 
257.178636, 33316785 
257.178665, 33316785 
257.218761, 33316785 
257.239336, 33316785 
257.266634, 33316785 
257.314612, 33316785 
257.314655, 33316785 
257.33488, 33316785 
257.371079, 33316785 
257.407544, 33316785 
257.422803, 33316785 
257.422851, 33316785 
257.458648, 33316785 
257.498632, 33316785 
257.542474, 33316785 
257.578788, 33316785 
257.578828, 33316785 
257.622737, 33316785 
257.658645, 33316785 
257.694474, 33316785 
257.726553, 33316785 
257.726584, 33316785 
257.762848, 33316785 
257.783371, 33316785 
257.819271, 33316785 
257.862707, 33316785 
257.86278, 33316785 
257.891722, 33316785 
257.930698, 33316785 
257.974715, 33316785 
257.994677, 33316785 
258.042513, 33316785 
258.082486, 33316785 
258.107435, 33316785 
258.150571, 33316785 
258.154542, 33316785 
258.202637, 33316785 
258.239139, 33316785 
258.255041, 33316785 
258.290685, 33316785 
258.339017, 33316785 
258.386443, 33316785 
258.414669, 33316785 
258.434838, 33316785 
258.43497, 33316785 
258.47047, 33316785 
258.514673, 33316785 
258.546894, 33316785 
258.583001, 33316785 
258.622811, 33316785 
258.666613, 33316785 
258.694604, 33316785 
258.746519, 33316785 
258.750674, 33316785 
258.794541, 33316785 
258.838622, 33316785 
258.874749, 33316785 
258.899078, 33316785 
258.938806, 33316785 
258.974626, 33316785 
259.0106, 33316785 
259.05054, 33316785 
259.050644, 33316785 
259.090442, 33316785 
259.130444, 33316785 
259.162579, 33316785 
259.198444, 33316785 
259.222773, 33316785 
259.258796, 33316785 
259.306711, 33316785 
259.342588, 33316785 
259.342648, 33316785 
259.386773, 33316785 
259.406633, 33316785 
259.447325, 33316785 
259.475313, 33316785 
259.51904, 33316785 
259.551095, 33316785 
259.582466, 33316785 
259.62677, 33316785 
259.626886, 33316785 
259.658469, 33316785 
259.686582, 33316785 
259.714678, 33316785 
259.759438, 33316785 
259.794592, 33316785 
259.826527, 33316785 
259.86254, 33316785 
259.907132, 33316785 
259.907218, 33316785 
259.931438, 33316785 
259.971342, 33316785 
260.006838, 33316785 
260.050677, 33316785 
260.050723, 33316785 
260.070971, 33316785 
260.106574, 33316785 
260.142449, 33316785 
260.182539, 33316785 
260.182607, 33316785 
260.218475, 33316785 
260.255168, 33316785 
260.271152, 33316785 
260.307011, 33316785 
260.347297, 33316785 
260.390753, 33316785 
260.426684, 33316785 
260.466912, 33316785 
260.474607, 33316785 
260.514829, 33316785 
260.543294, 33316785 
260.558853, 33316785 
260.598487, 33316785 
260.598523, 33316785 
260.635155, 33316785 
260.66698, 33316785 
260.698551, 33316785 
260.742853, 33316785 
260.742944, 33316785 
260.770773, 33316785 
260.802713, 33316785 
260.84672, 33316785 
260.887393, 33316785 
260.927781, 33316785 
260.966469, 33316785 
260.995222, 33316785 
261.035053, 33316785 
261.035129, 33316785 
261.070723, 33316785 
261.127564, 33316785 
261.164375, 33316785 
261.206578, 33316785 
261.238539, 33316785 
261.270517, 33316785 
261.307665, 33316785 
261.338673, 33316785 
261.33871, 33316785 
261.390513, 33316785 
261.423195, 33316785 
261.458999, 33316785 
261.506837, 33316785 
261.506884, 33316785 
261.535069, 33316785 
261.586778, 33316785 
261.642975, 33316785 
261.682792, 33316785 
261.682865, 33316785 
261.723245, 33316785 
261.758668, 33316785 
261.791102, 33316785 
261.822668, 33316785 
261.826986, 33316785 
261.903852, 33316785 
261.934724, 33316785 
261.976496, 33316785 
262.010694, 33316785 
262.016046, 33316785 
262.05938, 33316785 
262.09138, 33316785 
262.162694, 33316785 
262.198741, 33316785 
262.202895, 33316785 
262.243127, 33316785 
262.286828, 33316785 
262.328444, 33316785 
262.374939, 33316785 
262.374985, 33316785 
262.442815, 33316785 
262.474668, 33316785 
262.523128, 33316785 
262.558691, 33316785 
262.558744, 33316785 
262.594852, 33316785 
262.636194, 33316785 
262.666772, 33316785 
262.726901, 33316785 
262.726953, 33316785 
262.762757, 33316785 
262.795363, 33316785 
262.819351, 33316785 
262.847004, 33316785 
262.847097, 33316785 
262.906491, 33316785 
262.943023, 33316785 
262.975086, 33316785 
263.006494, 33316785 
263.006555, 33316785 
263.038677, 33316785 
263.067164, 33316785 
263.114532, 33316785 
263.155418, 33316785 
263.184706, 33316785 
263.218995, 33316785 
263.255069, 33316785 
263.315026, 33316785 
263.315129, 33316785 
263.344941, 33316785 
263.379076, 33316785 
263.411033, 33316785 
263.446553, 33316785 
263.490468, 33316785 
263.534561, 33316785 
263.562505, 33316785 
263.602819, 33316785 
263.602881, 33316785 
263.634478, 33316785 
263.675534, 33316785 
263.722551, 33316785 
263.75102, 33316785 
263.77866, 33316785 
263.80268, 33316785 
263.834549, 33316785 
263.871332, 33316785 
263.874775, 33316785 
263.926649, 33316785 
263.967482, 33316785 
264.007358, 33316785 
264.072053, 33316785 
264.111006, 33316785 
264.178817, 33316785 
264.215698, 33316785 
264.263557, 33316785 
264.264618, 33316785 
264.323358, 33316785 
264.358627, 33316785 
264.390991, 33316785 
264.459187, 33316785 
264.515363, 33316785 
264.546759, 33316785 
264.586943, 33316785 
264.635021, 33316785 
264.662846, 33316785 
264.723424, 33316785 
264.758834, 33316785 
264.787664, 33316785 
264.834509, 33316785 
264.874969, 33316785 
264.915001, 33316785 
264.932599, 33316785 
264.932664, 33316785 
264.98253, 33316785 
265.022512, 33316785 
265.058475, 33316785 
265.078714, 33316785 
265.122573, 33316785 
265.155538, 33316785 
265.203406, 33316785 
265.238455, 33316785 
265.239224, 33316785 
265.283856, 33316785 
265.323307, 33316785 
265.362789, 33316785 
265.37874, 33316785 
265.422524, 33316785 
265.463044, 33316785 
265.498707, 33316785 
265.528638, 33316785 
265.528699, 33316785 
265.566507, 33316785 
265.59853, 33316785 
265.642509, 33316785 
265.673861, 33316785 
265.673917, 33316785 
265.70286, 33316785 
265.746736, 33316785 
265.783109, 33316785 
265.823302, 33316785 
265.823342, 33316785 
265.858492, 33316785 
265.895301, 33316785 
265.918993, 33316785 
265.95995, 33316785 
265.959999, 33316785 
265.992994, 33316785 
266.02318, 33316785 
266.070964, 33316785 
266.111094, 33316785 
266.111125, 33316785 
266.147217, 33316785 
266.186776, 33316785 
266.222554, 33316785 
266.256997, 33316785 
266.257053, 33316785 
266.290489, 33316785 
266.338524, 33316785 
266.378492, 33316785 
266.416575, 33316785 
266.41672, 33316785 
266.459075, 33316785 
266.498997, 33316785 
266.526717, 33316785 
266.570986, 33316785 
266.610915, 33316785 
266.646948, 33316785 
266.67904, 33316785 
266.709301, 33316785 
266.709363, 33316785 
266.750544, 33316785 
266.782667, 33316785 
266.806587, 33316785 
266.838526, 33316785 
266.883429, 33316785 
266.919907, 33316785 
266.958447, 33316785 
266.992155, 33316785 
266.992219, 33316785 
267.030501, 33316785 
267.075327, 33316785 
267.107233, 33316785 
267.131239, 33316785 
267.17116, 33316785 
267.210873, 33316785 
267.247194, 33316785 
267.276068, 33316785 
267.276156, 33316785 
267.298876, 33316785 
267.334662, 33316785 
267.37851, 33316785 
267.418523, 33316785 
267.459233, 33316785 
267.494587, 33316785 
267.522566, 33316785 
267.552407, 33316785 
267.552737, 33316785 
267.591012, 33316785 
267.626914, 33316785 
267.658724, 33316785 
267.697636, 33316785 
267.697677, 33316785 
267.733423, 33316785 
267.75945, 33316785 
267.78769, 33316785 
267.818075, 33316785 
267.818138, 33316785 
267.866522, 33316785 
267.893494, 33316785 
267.938747, 33316785 
267.958562, 33316785 
267.958601, 33316785 
267.998039, 33316785 
268.03452, 33316785 
268.066703, 33316785 
268.097297, 33316785 
268.097339, 33316785 
268.143254, 33316785 
268.178019, 33316785 
268.203313, 33316785 
268.237486, 33316785 
268.237522, 33316785 
268.287009, 33316785 
268.31556, 33316785 
268.350963, 33316785 
268.382719, 33316785 
268.38278, 33316785 
268.423186, 33316785 
268.460274, 33316785 
268.499518, 33316785 
268.529851, 33316785 
268.529891, 33316785 
268.566567, 33316785 
268.60644, 33316785 
268.62281, 33316785 
268.666884, 33316785 
268.666952, 33316785 
268.682509, 33316785 
268.722644, 33316785 
268.770558, 33316785 
268.797132, 33316785 
268.798699, 33316785 
268.830562, 33316785 
268.866467, 33316785 
268.901393, 33316785 
268.914474, 33316785 
268.91485, 33316785 
268.963304, 33316785 
268.999152, 33316785 
269.039049, 33316785 
269.07265, 33316785 
269.110472, 33316785 
269.138484, 33316785 
269.182982, 33316785 
269.226459, 33316785 
269.259512, 33316786 
269.294547, 33316786 
269.338438, 33316786 
269.379685, 33316786 
269.418524, 33316786 
269.447399, 33316786 
269.487145, 33316786 
269.527121, 33316786 
269.530439, 33316786 
269.568182, 33316786 
269.594576, 33316786 
269.634506, 33316786 
269.679021, 33316786 
269.711316, 33316786 
269.754622, 33316786 
269.794644, 33316786 
269.824388, 33316786 
269.826426, 33316786 
269.855265, 33316786 
269.894752, 33316786 
269.934631, 33316786 
269.966454, 33316786 
270.014733, 33316786 
270.050922, 33316786 
270.090577, 33316786 
270.111645, 33316786 
270.115172, 33316786 
270.142657, 33316786 
270.19033, 33316786 
270.246884, 33316786 
270.266733, 33316786 
270.31062, 33316786 
270.331145, 33316786 
270.379473, 33316786 
270.420487, 33316786 
270.422935, 33316786 
270.450495, 33316786 
270.479183, 33316786 
270.511101, 33316786 
270.551481, 33316786 
270.587453, 33316786 
270.623025, 33316786 
270.662753, 33316786 
270.700516, 33316786 
270.702431, 33316786 
270.742463, 33316786 
270.779448, 33316786 
270.799384, 33316786 
270.831282, 33316786 
270.87513, 33316786 
270.915236, 33316786 
270.962594, 33316786 
270.983337, 33316786 
271.022608, 33316786 
271.062705, 33316786 
271.106483, 33316786 
271.146481, 33316786 
271.187293, 33316786 
271.214481, 33316786 
271.239159, 33316786 
271.283458, 33316786 
271.323008, 33316786 
271.362847, 33316786 
271.398575, 33316786 
271.44647, 33316786 
271.463636, 33316786 
271.502513, 33316786 
271.542482, 33316786 
271.581574, 33316786 
271.583275, 33316786 
271.622834, 33316786 
271.65549, 33316786 
271.686585, 33316786 
271.718585, 33316786 
271.723299, 33316786 
271.758781, 33316786 
271.782685, 33316786 
271.823163, 33316786 
271.860051, 33316786 
271.862478, 33316786 
271.902649, 33316786 
271.93848, 33316786 
271.983224, 33316786 
272.002689, 33316786 
272.007078, 33316786 
272.047051, 33316786 
272.082453, 33316786 
272.12271, 33316786 
272.160725, 33316786 
272.162745, 33316786 
272.202698, 33316786 
272.246687, 33316786 
272.267498, 33316786 
272.299962, 33316786 
272.303331, 33316786 
272.335181, 33316786 
272.370568, 33316786 
272.409811, 33316786 
272.448814, 33316786 
272.450427, 33316786 
272.490794, 33316786 
272.514516, 33316786 
272.554801, 33316786 
272.594185, 33316786 
272.64268, 33316786 
272.658787, 33316786 
272.691469, 33316786 
272.72964, 33316786 
272.730446, 33316786 
272.787511, 33316786 
272.814432, 33316786 
272.866475, 33316786 
272.910783, 33316786 
272.950478, 33316786 
272.99447, 33316786 
273.01875, 33316786 
273.055003, 33316786 
273.096222, 33316786 
273.130465, 33316786 
273.166467, 33316786 
273.191393, 33316786 
273.2229, 33316786 
273.262917, 33316786 
273.306514, 33316786 
273.346307, 33316786 
273.346458, 33316786 
273.391454, 33316786 
273.419333, 33316786 
273.455259, 33316786 
273.499215, 33316786 
273.543247, 33316786 
273.57406, 33316786 
273.622814, 33316786 
273.651663, 33316786 
273.65477, 33316786 
273.68654, 33316786 
273.717747, 33316786 
273.75449, 33316786 
273.779473, 33316786 
273.812281, 33316786 
273.848943, 33316786 
273.890483, 33316786 
273.93022, 33316786 
273.930795, 33316786 
273.974578, 33316786 
274.018484, 33316786 
274.066238, 33316786 
274.086636, 33316786 
274.11392, 33316786 
274.155362, 33316786 
274.190998, 33316786 
274.230759, 33316786 
274.235196, 33316786 
274.275143, 33316786 
274.310796, 33316786 
274.342511, 33316786 
274.378621, 33316786 
274.39859, 33316786 
274.442637, 33316786 
274.474602, 33316786 
274.509518, 33316786 
274.510906, 33316786 
274.550514, 33316786 
274.567351, 33316786 
274.611297, 33316786 
274.651155, 33316786 
274.690686, 33316786 
274.714973, 33316786 
274.742706, 33316786 
274.769381, 33316786 
274.769783, 33316786 
274.815867, 33316786 
274.858689, 33316786 
274.894766, 33316786 
274.923553, 33316786 
274.951322, 33316786 
274.987182, 33316786 
275.019074, 33316786 
275.050446, 33316786 
275.050622, 33316786 
275.094446, 33316786 
275.111087, 33316786 
275.170743, 33316786 
275.197197, 33316786 
275.198756, 33316786 
275.237086, 33316786 
275.270491, 33316786 
275.286462, 33316786 
275.326521, 33316786 
275.330659, 33316786 
275.367137, 33316786 
275.41133, 33316786 
275.451014, 33316786 
275.485199, 33316786 
275.486433, 33316786 
275.522529, 33316786 
275.55474, 33316786 
275.602828, 33316786 
275.654595, 33316786 
275.654657, 33316786 
275.679361, 33316786 
275.716271, 33316786 
275.759191, 33316786 
275.807164, 33316786 
275.810927, 33316786 
275.8631, 33316786 
275.89056, 33316786 
275.942955, 33316786 
275.982602, 33316786 
275.982652, 33316786 
276.015639, 33316786 
276.048688, 33316786 
276.091205, 33316786 
276.118732, 33316786 
276.118762, 33316786 
276.170437, 33316786 
276.191059, 33316786 
276.234897, 33316786 
276.25877, 33316786 
276.258837, 33316786 
276.29051, 33316786 
276.314792, 33316786 
276.358569, 33316786 
276.39469, 33316786 
276.394742, 33316786 
276.415461, 33316786 
276.4428, 33316786 
276.482562, 33316786 
276.514741, 33316786 
276.514815, 33316786 
276.551102, 33316786 
276.602859, 33316786 
276.65872, 33316786 
276.683325, 33316786 
276.726531, 33316786 
276.770482, 33316786 
276.830721, 33316786 
276.858942, 33316786 
276.859017, 33316786 
276.894489, 33316786 
276.931167, 33316786 
276.958518, 33316786 
276.998623, 33316786 
277.02287, 33316786 
277.078556, 33316786 
277.123077, 33316786 
277.158646, 33316786 
277.158717, 33316786 
277.18714, 33316786 
277.223462, 33316786 
277.255178, 33316786 
277.286581, 33316786 
277.322467, 33316786 
277.366834, 33316786 
277.402775, 33316786 
277.442661, 33316786 
277.446526, 33316786 
277.474577, 33316786 
277.523454, 33316786 
277.551551, 33316786 
277.610854, 33316786 
277.646559, 33316786 
277.666704, 33316786 
277.71086, 33316786 
277.738673, 33316786 
277.73877, 33316786 
277.774779, 33316786 
277.826686, 33316786 
277.862476, 33316786 
277.883188, 33316786 
277.910436, 33316786 
277.955533, 33316786 
277.978625, 33316786 
278.019672, 33316786 
278.019799, 33316786 
278.050787, 33316786 
278.099055, 33316786 
278.130795, 33316786 
278.170834, 33316786 
278.218448, 33316786 
278.242553, 33316786 
278.274724, 33316786 
278.314988, 33316786 
278.319312, 33316786 
278.342712, 33316786 
278.395149, 33316786 
278.415623, 33316786 
278.450975, 33316786 
278.482668, 33316786 
278.522466, 33316786 
278.542626, 33316786 
278.574736, 33316786 
278.574797, 33316786 
278.602612, 33316786 
278.639219, 33316786 
278.686598, 33316786 
278.734444, 33316786 
278.77447, 33316786 
278.79054, 33316786 
278.831065, 33316786 
278.859041, 33316786 
278.85907, 33316786 
278.886668, 33316786 
278.934678, 33316786 
278.990493, 33316786 
279.018522, 33316786 
279.018553, 33316786 
279.066673, 33316786 
279.091367, 33316786 
279.131511, 33316786 
279.187281, 33316786 
279.222785, 33316786 
279.266913, 33316786 
279.30245, 33316786 
279.324161, 33316786 
279.382698, 33316786 
279.411266, 33316786 
279.462563, 33316786 
279.494489, 33316786 
279.494534, 33316786 
279.523247, 33316786 
279.570608, 33316786 
279.618492, 33316786 
279.646793, 33316786 
279.646865, 33316786 
279.695139, 33316786 
279.742482, 33316786 
279.783455, 33316786 
279.822499, 33316786 
279.822555, 33316786 
279.843307, 33316786 
279.879265, 33316786 
279.911167, 33316786 
279.959402, 33316786 
279.959531, 33316786 
280.00252, 33316786 
280.038843, 33316786 
280.066859, 33316786 
280.110509, 33316786 
280.110547, 33316786 
280.154495, 33316786 
280.186577, 33316786 
280.226623, 33316786 
280.271202, 33316786 
280.271255, 33316786 
280.298815, 33316786 
280.346856, 33316786 
280.36288, 33316786 
280.398796, 33316786 
280.398852, 33316786 
280.431603, 33316786 
280.490558, 33316786 
280.546494, 33316786 
280.586504, 33316786 
280.586564, 33316786 
280.603911, 33316786 
280.638481, 33316786 
280.670546, 33316786 
280.714916, 33316786 
280.718726, 33316786 
280.758602, 33316786 
280.802727, 33316786 
280.842772, 33316786 
280.891509, 33316786 
280.934655, 33316786 
280.959626, 33316786 
280.998683, 33316786 
281.026639, 33316786 
281.030576, 33316786 
281.074672, 33316786 
281.106582, 33316786 
281.148005, 33316786 
281.170904, 33316786 
281.218773, 33316786 
281.247117, 33316786 
281.291398, 33316786 
281.331379, 33316786 
281.331455, 33316786 
281.359271, 33316786 
281.402468, 33316786 
281.442652, 33316786 
281.474871, 33316786 
281.506618, 33316786 
281.539472, 33316786 
