8.903131, 61 
8.903251, 61 
8.903265, 61 
8.903275, 61 
8.903281, 61 
8.903289, 61 
8.903297, 61 
8.90602, 61 
8.906058, 61 
8.906063, 61 
8.906073, 61 
8.906079, 61 
8.906085, 61 
8.90609, 61 
8.906097, 61 
8.906837, 62 
8.908878, 62 
8.908897, 62 
8.909634, 62 
8.909644, 62 
8.909648, 62 
8.90968, 62 
8.909684, 62 
8.910123, 62 
8.910129, 62 
8.910133, 62 
8.910137, 62 
8.91014, 62 
8.910929, 62 
8.910936, 62 
8.91094, 62 
8.910943, 62 
8.910946, 62 
8.91095, 62 
8.910953, 62 
8.910957, 62 
8.91096, 62 
8.911508, 62 
8.911515, 62 
8.911519, 62 
8.911522, 62 
8.911526, 62 
8.911529, 62 
8.911533, 62 
8.911536, 62 
8.91154, 62 
8.912046, 62 
8.912053, 62 
8.912056, 62 
8.91206, 62 
8.912063, 62 
8.912067, 62 
8.91207, 62 
8.912073, 62 
8.912077, 62 
8.912531, 62 
8.912538, 62 
8.912541, 62 
8.912545, 62 
8.912548, 62 
8.912552, 62 
8.912555, 62 
8.912558, 62 
8.912562, 62 
8.912897, 62 
8.912903, 62 
8.912906, 62 
8.91291, 62 
8.912913, 62 
8.912917, 62 
8.91292, 62 
8.912924, 62 
8.912927, 62 
8.912946, 62 
8.91295, 62 
8.912954, 62 
8.912957, 62 
8.912961, 62 
8.912964, 62 
8.912993, 62 
8.912996, 62 
8.913, 62 
8.913003, 62 
8.913007, 62 
8.91301, 62 
8.913013, 62 
8.913017, 62 
8.91302, 62 
8.913023, 62 
8.913027, 62 
8.91303, 62 
8.913034, 62 
8.913037, 62 
8.913357, 62 
8.913363, 62 
8.913367, 62 
8.91337, 62 
8.913374, 62 
8.914107, 62 
8.914113, 62 
8.914117, 62 
8.91412, 62 
8.914124, 62 
8.914127, 62 
8.914131, 62 
8.914134, 62 
8.914148, 62 
8.914591, 62 
8.914597, 62 
8.914601, 62 
8.914604, 62 
8.914608, 62 
8.914612, 62 
8.914615, 62 
8.914619, 62 
8.914622, 62 
8.91501, 62 
8.915041, 62 
8.915046, 62 
8.915049, 62 
8.915052, 62 
8.915056, 62 
8.915059, 62 
8.915063, 62 
8.915066, 62 
8.915628, 62 
8.915634, 62 
8.915637, 62 
8.915641, 62 
8.915644, 62 
8.915668, 62 
8.915672, 62 
8.915676, 62 
8.915679, 62 
8.916125, 62 
8.91614, 62 
8.916144, 62 
8.916147, 62 
8.916151, 62 
8.916154, 62 
8.916158, 62 
8.916161, 62 
8.916166, 62 
8.916845, 62 
8.916852, 62 
8.916855, 62 
8.916859, 62 
8.916899, 62 
8.916905, 62 
8.916908, 62 
8.916912, 62 
8.916916, 62 
8.917304, 62 
8.917313, 62 
8.917317, 62 
8.91732, 62 
8.917324, 62 
8.917328, 62 
8.917331, 62 
8.917335, 62 
8.917339, 62 
8.918086, 62 
8.918114, 62 
8.918119, 62 
8.918125, 62 
8.918152, 62 
8.918158, 62 
8.918167, 62 
8.918173, 62 
8.918179, 62 
8.920619, 62 
8.920681, 62 
8.920686, 62 
8.92069, 62 
8.920693, 62 
8.92072, 62 
8.920725, 62 
8.920729, 62 
8.920733, 62 
8.921293, 62 
8.921299, 62 
8.921302, 62 
8.921306, 62 
8.921309, 62 
8.921313, 62 
8.921317, 62 
8.92132, 62 
8.921324, 62 
8.92171, 62 
8.921716, 62 
8.92172, 62 
8.921723, 62 
8.921727, 62 
8.92173, 62 
8.921734, 62 
8.921737, 62 
8.92174, 62 
8.922182, 62 
8.922187, 62 
8.922191, 62 
8.922195, 62 
8.922198, 62 
8.922201, 62 
8.922205, 62 
8.922208, 62 
8.922212, 62 
8.922598, 62 
8.922603, 62 
8.922631, 62 
8.922635, 62 
8.922639, 62 
8.922642, 62 
8.922646, 62 
8.92265, 62 
8.922653, 62 
8.923239, 62 
8.923245, 62 
8.923248, 62 
8.923252, 62 
8.923255, 62 
8.923259, 62 
8.923262, 62 
8.923265, 62 
8.923269, 62 
8.92381, 62 
8.923815, 62 
8.923818, 62 
8.923822, 62 
8.923825, 62 
8.923828, 62 
8.923832, 62 
8.923835, 62 
8.923857, 62 
8.92427, 62 
8.924275, 62 
8.924279, 62 
8.924282, 62 
8.924286, 62 
8.924289, 62 
8.924292, 62 
8.924296, 62 
8.924299, 62 
8.924683, 62 
8.924688, 62 
8.924716, 62 
8.92472, 62 
8.924723, 62 
8.924727, 62 
8.924731, 62 
8.924734, 62 
8.924738, 62 
8.925048, 62 
8.925053, 62 
8.925057, 62 
8.92506, 62 
8.925064, 62 
8.925067, 62 
8.925071, 62 
8.925074, 62 
8.925077, 62 
8.925614, 62 
8.92562, 62 
8.925667, 62 
8.925672, 62 
8.925676, 62 
8.925681, 62 
8.925685, 62 
8.925689, 62 
8.925693, 62 
8.926021, 62 
8.926056, 62 
8.926061, 62 
8.926065, 62 
8.926069, 62 
8.926072, 62 
8.926076, 62 
8.926079, 62 
8.926082, 62 
8.926627, 62 
8.926633, 62 
8.926637, 62 
8.92664, 62 
8.926644, 62 
8.926647, 62 
8.926651, 62 
8.926655, 62 
8.926658, 62 
8.927082, 62 
8.927114, 62 
8.927119, 62 
8.927122, 62 
8.927126, 62 
8.92713, 62 
8.927133, 62 
8.927137, 62 
8.92714, 62 
8.927478, 62 
8.927484, 62 
8.927487, 62 
8.927779, 62 
8.92808, 62 
8.928086, 62 
8.928089, 62 
8.92845, 62 
8.928455, 62 
8.928459, 62 
8.928462, 62 
8.928466, 62 
8.928843, 62 
8.928848, 62 
8.928851, 62 
8.928855, 62 
8.928858, 62 
8.928862, 62 
8.928865, 62 
8.928869, 62 
8.928872, 62 
8.929164, 62 
8.929169, 62 
8.929173, 62 
8.929176, 62 
8.92918, 62 
8.929184, 62 
8.929187, 62 
8.929191, 62 
8.929194, 62 
8.929505, 62 
8.929512, 62 
8.929515, 62 
8.929518, 62 
8.929522, 62 
8.929525, 62 
8.929529, 62 
8.929532, 62 
8.929536, 62 
8.92988, 62 
8.929885, 62 
8.929889, 62 
8.929892, 62 
8.929896, 62 
8.929899, 62 
8.929903, 62 
8.929906, 62 
8.929909, 62 
8.930327, 62 
8.930333, 62 
8.930361, 62 
8.930365, 62 
8.930368, 62 
8.930371, 62 
8.930375, 62 
8.930378, 62 
8.930382, 62 
8.930717, 62 
8.930722, 62 
8.930726, 62 
8.930729, 62 
8.930732, 62 
8.930737, 62 
8.93074, 62 
8.930744, 62 
8.930747, 62 
8.931034, 62 
8.93104, 62 
8.931043, 62 
8.931047, 62 
8.93105, 62 
8.931054, 62 
8.931057, 62 
8.931061, 62 
8.931064, 62 
8.931542, 62 
8.931548, 62 
8.931551, 62 
8.931554, 62 
8.931558, 62 
8.931561, 62 
8.931565, 62 
8.931569, 62 
8.9316, 62 
8.932203, 62 
8.932208, 62 
8.932211, 62 
8.932215, 62 
8.932218, 62 
8.932222, 62 
8.932225, 62 
8.932248, 62 
8.932252, 62 
8.932645, 62 
8.932675, 62 
8.93268, 62 
8.932683, 62 
8.932688, 62 
8.932691, 62 
8.932694, 62 
8.932698, 62 
8.932701, 62 
8.933068, 62 
8.933073, 62 
8.933076, 62 
8.93308, 62 
8.933093, 62 
8.933098, 62 
8.933101, 62 
8.933105, 62 
8.933109, 62 
8.933515, 62 
8.93353, 62 
8.933533, 62 
8.933538, 62 
8.933542, 62 
8.933546, 62 
8.933549, 62 
8.933554, 62 
8.933557, 62 
8.933998, 62 
8.934005, 62 
8.934009, 62 
8.934013, 62 
8.934016, 62 
8.93402, 62 
8.934024, 62 
8.934027, 62 
8.934031, 62 
8.934465, 62 
8.934472, 62 
8.934476, 62 
8.93448, 62 
8.934484, 62 
8.934487, 62 
8.934491, 62 
8.934494, 62 
8.934498, 62 
8.935, 62 
8.935007, 62 
8.93501, 62 
8.935014, 62 
8.935018, 62 
8.935021, 62 
8.935025, 62 
8.935028, 62 
8.935032, 62 
8.935513, 62 
8.935518, 62 
8.935522, 62 
8.935525, 62 
8.935529, 62 
8.935532, 62 
8.935536, 62 
8.93554, 62 
8.935544, 62 
8.936071, 62 
8.936107, 62 
8.936114, 62 
8.936119, 62 
8.936122, 62 
8.936127, 62 
8.936131, 62 
8.936135, 62 
8.936139, 62 
8.937507, 62 
8.937527, 62 
8.937531, 62 
8.937538, 62 
8.937543, 62 
8.937547, 62 
8.937552, 62 
8.937627, 62 
8.937632, 62 
8.93888, 62 
8.938915, 62 
8.938923, 62 
8.938928, 62 
8.938935, 62 
8.938942, 62 
8.938951, 62 
8.938955, 62 
8.93896, 62 
8.942585, 62 
8.942598, 62 
8.942602, 62 
8.942605, 62 
8.942609, 62 
8.942612, 62 
8.942615, 62 
8.942619, 62 
8.942622, 62 
8.943084, 62 
8.94309, 62 
8.943093, 62 
8.943097, 62 
8.9431, 62 
8.943104, 62 
8.943107, 62 
8.943111, 62 
8.943115, 62 
8.943661, 62 
8.943667, 62 
8.94367, 62 
8.943674, 62 
8.943678, 62 
8.943681, 62 
8.943685, 62 
8.943688, 62 
8.943692, 62 
8.944052, 62 
8.944068, 62 
8.944072, 62 
8.944076, 62 
8.94408, 62 
8.944083, 63 
8.944087, 63 
8.94409, 63 
8.944094, 63 
8.944474, 63 
8.944479, 63 
8.944483, 63 
8.944486, 63 
8.944489, 63 
8.944493, 63 
8.944496, 63 
8.9445, 63 
8.944503, 63 
8.944878, 63 
8.944884, 63 
8.944914, 63 
8.944918, 63 
8.944921, 63 
8.944925, 63 
8.944928, 63 
8.944932, 63 
8.944935, 63 
8.945298, 63 
8.945304, 63 
8.945308, 63 
8.945312, 63 
8.945315, 63 
8.945319, 63 
8.945322, 63 
8.945326, 63 
8.945329, 63 
8.946111, 63 
8.946118, 63 
8.946122, 63 
8.946125, 63 
8.946129, 63 
8.946133, 63 
8.946173, 63 
8.946178, 63 
8.946181, 63 
8.946597, 63 
8.946602, 63 
8.946606, 63 
8.946609, 63 
8.946613, 63 
8.946616, 63 
8.94662, 63 
8.946623, 63 
8.946626, 63 
8.946939, 63 
8.946945, 63 
8.946948, 63 
8.946952, 63 
8.946955, 63 
8.946959, 63 
8.946962, 63 
8.946965, 63 
8.946969, 63 
8.94733, 63 
8.947336, 63 
8.947364, 63 
8.947369, 63 
8.947372, 63 
8.947375, 63 
8.947379, 63 
8.947383, 63 
8.947386, 63 
8.947674, 63 
8.94768, 63 
8.947683, 63 
8.947687, 63 
8.94769, 63 
8.947694, 63 
8.947987, 63 
8.948332, 63 
8.948338, 63 
8.948341, 63 
8.948345, 63 
8.948639, 63 
8.948645, 63 
8.948648, 63 
8.948651, 63 
8.948655, 63 
8.948973, 63 
8.948979, 63 
8.949007, 63 
8.949011, 63 
8.949015, 63 
8.949372, 63 
8.949378, 63 
8.949381, 63 
8.949385, 63 
8.949389, 63 
8.949392, 63 
8.949396, 63 
8.949399, 63 
8.949403, 63 
8.950009, 63 
8.950015, 63 
8.950019, 63 
8.950022, 63 
8.950026, 63 
8.950029, 63 
8.950032, 63 
8.950036, 63 
8.950049, 63 
8.950525, 63 
8.950532, 63 
8.950535, 63 
8.950702, 63 
8.950707, 63 
8.95071, 63 
8.950714, 63 
8.950717, 63 
8.950721, 63 
8.952389, 63 
8.95245, 63 
8.952461, 63 
8.952468, 63 
8.952483, 63 
8.952498, 63 
8.952503, 63 
8.952511, 63 
8.952519, 63 
8.954506, 63 
8.954518, 63 
8.954522, 63 
8.954525, 63 
8.954529, 63 
8.954533, 63 
8.954537, 63 
8.954541, 63 
8.954544, 63 
8.959318, 63 
8.959392, 63 
8.9594, 63 
8.959407, 63 
8.959413, 63 
8.959417, 63 
8.959423, 63 
8.959426, 63 
8.959432, 63 
8.960717, 63 
8.96073, 63 
8.960734, 63 
8.960823, 63 
8.960827, 63 
8.96083, 63 
8.960834, 63 
8.960837, 63 
8.960841, 63 
8.96204, 63 
8.962049, 63 
8.962052, 63 
8.962056, 63 
8.962059, 63 
8.962062, 63 
8.962066, 63 
8.96207, 63 
8.962073, 63 
8.962605, 63 
8.962611, 63 
8.962614, 63 
8.962618, 63 
8.962621, 63 
8.962624, 63 
8.962628, 63 
8.962631, 63 
8.962635, 63 
8.963041, 63 
8.963047, 63 
8.96305, 63 
8.963053, 63 
8.963057, 63 
8.96306, 63 
8.963064, 63 
8.963067, 63 
8.96307, 63 
8.963469, 63 
8.963475, 63 
8.963479, 63 
8.963482, 63 
8.963486, 63 
8.963489, 63 
8.963493, 63 
8.963496, 63 
8.9635, 63 
8.963915, 63 
8.96392, 63 
8.963924, 63 
8.963927, 63 
8.963931, 63 
8.963934, 63 
8.964044, 63 
8.964047, 63 
8.964051, 63 
8.964434, 63 
8.964439, 63 
8.964443, 63 
8.964446, 63 
8.96445, 63 
8.964453, 63 
8.964456, 63 
8.96446, 63 
8.964464, 63 
8.964879, 63 
8.964884, 63 
8.964888, 63 
8.964891, 63 
8.964895, 63 
8.964898, 63 
8.964901, 63 
8.964905, 63 
8.964908, 63 
8.965384, 63 
8.965389, 63 
8.965393, 63 
8.965396, 63 
8.9654, 63 
8.965403, 63 
8.965406, 63 
8.96541, 63 
8.965413, 63 
8.965846, 63 
8.965852, 63 
8.965855, 63 
8.965858, 63 
8.965862, 63 
8.965866, 63 
8.965869, 63 
8.965873, 63 
8.965876, 63 
8.966304, 63 
8.966309, 63 
8.966313, 63 
8.966316, 63 
8.96632, 63 
8.966323, 63 
8.966327, 63 
8.966402, 63 
8.966406, 63 
8.966868, 63 
8.966874, 63 
8.966878, 63 
8.966881, 63 
8.966885, 63 
8.966888, 63 
8.966892, 63 
8.966895, 63 
8.966899, 63 
8.967765, 63 
8.967784, 63 
8.967789, 63 
8.967797, 63 
8.967802, 63 
8.967806, 63 
8.967811, 63 
8.967816, 63 
8.967819, 63 
8.968549, 63 
8.968587, 63 
8.968592, 63 
8.968597, 63 
8.968601, 63 
8.968607, 63 
8.968612, 63 
8.968616, 63 
8.968621, 63 
8.969528, 63 
8.969573, 63 
8.969579, 63 
8.969584, 63 
8.969592, 63 
8.969596, 63 
8.969601, 63 
8.96961, 63 
8.969619, 63 
8.970574, 63 
8.970599, 63 
8.970603, 63 
8.970607, 63 
8.97061, 63 
8.970614, 63 
8.970617, 63 
8.970723, 63 
8.970727, 63 
8.971079, 63 
8.971085, 63 
8.971089, 63 
8.971093, 63 
8.971096, 63 
8.9711, 63 
8.971103, 63 
8.971106, 63 
8.97111, 63 
8.971675, 63 
8.97169, 63 
8.971694, 63 
8.971698, 63 
8.971702, 63 
8.971706, 63 
8.971709, 63 
8.971714, 63 
8.971718, 63 
8.972781, 63 
8.972812, 63 
8.972818, 63 
8.972825, 63 
8.97283, 63 
8.972837, 63 
8.972843, 63 
8.972847, 63 
8.972854, 63 
8.97394, 63 
8.974031, 63 
8.97404, 63 
8.974046, 63 
8.974051, 63 
8.974057, 63 
8.974064, 63 
8.974069, 63 
8.974075, 63 
8.975537, 63 
8.975621, 63 
8.975632, 63 
8.975638, 63 
8.975646, 63 
8.975653, 63 
8.97566, 63 
8.975895, 63 
8.975903, 63 
8.977913, 63 
8.977934, 63 
8.977938, 63 
8.977942, 63 
8.977945, 63 
8.977949, 63 
8.977952, 63 
8.977956, 63 
8.977959, 63 
8.97863, 63 
8.978637, 63 
8.97864, 63 
8.978644, 63 
8.978647, 63 
8.978651, 63 
8.978655, 63 
8.978658, 63 
8.978662, 63 
8.979305, 63 
8.979312, 63 
8.979315, 63 
8.979319, 63 
8.979322, 63 
8.979326, 63 
8.979329, 63 
8.979333, 63 
8.979336, 63 
8.979613, 64 
8.980121, 64 
8.980127, 64 
8.980131, 64 
8.980134, 64 
8.980138, 64 
8.980141, 64 
8.980144, 64 
8.980148, 64 
8.980152, 64 
8.980693, 64 
8.980699, 64 
8.980719, 64 
8.980796, 64 
8.9808, 64 
8.980803, 64 
8.980807, 64 
8.98081, 64 
8.980813, 64 
8.98125, 64 
8.981256, 64 
8.98126, 64 
8.981263, 64 
8.981267, 64 
8.981271, 64 
8.981274, 64 
8.981277, 64 
8.981281, 64 
8.981704, 64 
8.981709, 64 
8.981713, 64 
8.981716, 64 
8.981719, 64 
8.981723, 64 
8.981726, 64 
8.981729, 64 
8.981733, 64 
8.98232, 64 
8.982326, 64 
8.98233, 64 
8.982334, 64 
8.982337, 64 
8.982341, 64 
8.982345, 64 
8.982348, 64 
8.982352, 64 
8.982815, 64 
8.98282, 64 
8.982824, 64 
8.982827, 64 
8.982831, 64 
8.982834, 64 
8.982838, 64 
8.982841, 64 
8.982929, 64 
8.983416, 64 
8.983422, 64 
8.983426, 64 
8.983429, 64 
8.983433, 64 
8.983437, 64 
8.983441, 64 
8.983444, 64 
8.983448, 64 
8.983895, 64 
8.983901, 64 
8.983905, 64 
8.983908, 64 
8.983912, 64 
8.983915, 64 
8.983918, 64 
8.983922, 64 
8.983925, 64 
8.984404, 64 
8.984425, 64 
8.984436, 64 
8.984439, 64 
8.984443, 64 
8.984447, 64 
8.98445, 64 
8.984454, 64 
8.984458, 64 
8.985061, 64 
8.985084, 64 
8.985088, 64 
8.985092, 64 
8.985097, 64 
8.985101, 64 
8.985106, 64 
8.98511, 64 
8.985114, 64 
8.986054, 64 
8.986101, 64 
8.986388, 64 
8.986397, 64 
8.986408, 64 
8.986416, 64 
8.986457, 64 
8.986469, 64 
8.986477, 64 
8.986975, 64 
8.986982, 64 
8.986986, 64 
8.986989, 64 
8.986992, 64 
8.986996, 64 
8.986999, 64 
8.987003, 64 
8.987006, 64 
8.987354, 64 
8.98736, 64 
8.987364, 64 
8.987367, 64 
8.987371, 64 
8.987374, 64 
8.987377, 64 
8.987381, 64 
8.987384, 64 
8.987752, 64 
8.987758, 64 
8.987761, 64 
8.987765, 64 
8.987768, 64 
8.987772, 64 
8.987775, 64 
8.987779, 64 
8.987783, 64 
8.988538, 64 
8.988546, 64 
8.98855, 64 
8.988553, 64 
8.988648, 64 
8.988651, 64 
8.988655, 64 
8.988658, 64 
8.988662, 64 
8.989391, 64 
8.989443, 64 
8.989448, 64 
8.989452, 64 
8.989456, 64 
8.989461, 64 
8.989467, 64 
8.989473, 64 
8.989478, 64 
8.990368, 64 
8.990407, 64 
8.990414, 64 
8.990421, 64 
8.990428, 64 
8.990432, 64 
8.990438, 64 
8.990443, 64 
8.990448, 64 
8.991259, 64 
8.991292, 64 
8.991298, 64 
8.991303, 64 
8.991306, 64 
8.99131, 64 
8.991314, 64 
8.991318, 64 
8.991322, 64 
8.992318, 64 
8.992358, 64 
8.992365, 64 
8.992374, 64 
8.992552, 64 
8.992556, 64 
8.99256, 64 
8.992564, 64 
8.992569, 64 
8.993891, 64 
8.993974, 64 
8.993985, 64 
8.993993, 64 
8.993999, 64 
8.99401, 64 
8.994019, 64 
8.994029, 64 
8.994052, 64 
8.99788, 64 
8.99789, 64 
8.997894, 64 
8.997897, 64 
8.9979, 64 
8.997904, 64 
8.997907, 64 
8.997924, 64 
8.997929, 64 
8.999873, 64 
8.99988, 64 
8.999883, 64 
8.999887, 64 
8.99989, 64 
8.999894, 64 
8.999897, 64 
8.999901, 64 
8.999919, 64 
9.000464, 64 
9.000474, 64 
9.000477, 64 
9.000482, 64 
9.000634, 64 
9.000638, 64 
9.000642, 64 
9.000645, 64 
9.000648, 64 
9.001123, 64 
9.00114, 64 
9.001145, 64 
9.001149, 64 
9.001155, 64 
9.001159, 64 
9.001165, 64 
9.001172, 64 
9.001176, 64 
9.003881, 64 
9.003918, 64 
9.003925, 64 
9.00393, 64 
9.003934, 64 
9.003938, 64 
9.003943, 64 
9.003952, 64 
9.003966, 64 
9.004535, 64 
9.004544, 64 
9.004548, 64 
9.004551, 64 
9.004554, 64 
9.004558, 64 
9.004561, 64 
9.004565, 64 
9.004568, 64 
9.00529, 64 
9.0053, 64 
9.005305, 64 
9.005309, 64 
9.005315, 64 
9.00532, 64 
9.005323, 64 
9.005327, 64 
9.00533, 64 
9.006348, 64 
9.006372, 64 
9.006377, 64 
9.006381, 64 
9.006385, 64 
9.006389, 64 
9.006393, 64 
9.006397, 64 
9.006401, 64 
9.00756, 64 
9.007611, 64 
9.00762, 64 
9.007629, 64 
9.007636, 64 
9.007663, 64 
9.00767, 64 
9.007677, 64 
9.007683, 64 
9.008811, 64 
9.008844, 64 
9.008849, 64 
9.008854, 64 
9.008859, 64 
9.008864, 64 
9.008869, 64 
9.008874, 64 
9.009178, 64 
9.011087, 64 
9.011148, 64 
9.011161, 64 
9.011168, 64 
9.011178, 64 
9.011187, 64 
9.011195, 64 
9.011213, 64 
9.011224, 64 
9.01211, 64 
9.012118, 64 
9.012121, 64 
9.012125, 64 
9.012921, 64 
9.013204, 64 
9.013628, 64 
9.013634, 64 
9.013637, 64 
9.014114, 64 
9.01412, 64 
9.014124, 64 
9.014127, 64 
9.014131, 64 
9.014672, 64 
9.014678, 64 
9.014681, 64 
9.014685, 64 
9.014688, 64 
9.014691, 64 
9.014695, 64 
9.014698, 64 
9.014702, 64 
9.015141, 64 
9.015146, 64 
9.01515, 64 
9.015153, 64 
9.015156, 64 
9.01516, 64 
9.015163, 64 
9.015167, 64 
9.015171, 64 
9.015766, 64 
9.015772, 64 
9.015776, 64 
9.015779, 64 
9.015783, 64 
9.015786, 64 
9.015789, 64 
9.015793, 64 
9.015796, 64 
9.016179, 64 
9.016184, 64 
9.016188, 64 
9.016191, 64 
9.016195, 64 
9.016198, 64 
9.016202, 64 
9.016205, 64 
9.016209, 64 
9.016654, 64 
9.01666, 64 
9.016664, 64 
9.016667, 64 
9.016671, 64 
9.016674, 64 
9.016678, 64 
9.016681, 64 
9.016768, 64 
9.017167, 64 
9.017174, 64 
9.017177, 64 
9.01718, 64 
9.017184, 64 
9.017187, 64 
9.017191, 64 
9.017194, 64 
9.017198, 64 
9.017578, 64 
9.017586, 64 
9.01759, 64 
9.017593, 64 
9.017597, 64 
9.0176, 64 
9.017604, 64 
9.017607, 64 
9.017612, 64 
9.018265, 64 
9.018304, 64 
9.018311, 64 
9.018317, 64 
9.018321, 64 
9.018325, 64 
9.01833, 64 
9.018336, 64 
9.01834, 64 
9.020101, 64 
9.020158, 64 
9.020166, 64 
9.020173, 64 
9.020181, 64 
9.020187, 64 
9.020191, 64 
9.020194, 64 
9.020198, 64 
9.020513, 64 
9.02052, 64 
9.020523, 64 
9.020527, 64 
9.02053, 64 
9.020534, 64 
9.020537, 64 
9.020541, 64 
9.020545, 64 
9.020819, 64 
9.020826, 64 
9.02083, 64 
9.020833, 64 
9.020837, 64 
9.02084, 64 
9.020844, 64 
9.020847, 64 
9.020861, 64 
9.021154, 64 
9.02116, 64 
9.021163, 64 
9.021167, 64 
9.02117, 64 
9.021254, 64 
9.021258, 64 
9.021262, 64 
9.021307, 64 
9.021632, 64 
9.021638, 64 
9.021642, 64 
9.021645, 64 
9.021648, 64 
9.021652, 64 
9.021655, 64 
9.021659, 64 
9.021662, 64 
9.021952, 64 
9.021958, 64 
9.021962, 64 
9.021965, 64 
9.021969, 64 
9.021972, 64 
9.021975, 64 
9.02198, 64 
9.021983, 64 
9.022204, 64 
9.022209, 64 
9.022213, 64 
9.022216, 64 
9.02222, 64 
9.022223, 64 
9.022226, 64 
9.02223, 64 
9.022233, 64 
9.022497, 64 
9.022504, 64 
9.022507, 64 
9.02251, 64 
9.022514, 64 
9.022517, 64 
9.022521, 64 
9.022524, 64 
9.022528, 64 
9.022755, 64 
9.02276, 64 
9.022764, 64 
9.022767, 64 
9.022771, 64 
9.022775, 64 
9.022779, 64 
9.022782, 64 
9.022786, 64 
9.023056, 64 
9.023062, 64 
9.023066, 64 
9.02307, 64 
9.023073, 64 
9.023076, 64 
9.023081, 64 
9.023225, 64 
9.023229, 64 
9.023991, 64 
9.02405, 64 
9.024059, 64 
9.024068, 64 
9.024074, 64 
9.02408, 64 
9.024085, 64 
9.024093, 64 
9.024101, 64 
9.025234, 64 
9.025245, 64 
9.025249, 64 
9.025252, 64 
9.025256, 64 
9.02526, 64 
9.025264, 64 
9.025268, 64 
9.025271, 64 
9.025796, 64 
9.025818, 64 
9.025822, 64 
9.025827, 64 
9.025832, 64 
9.025839, 64 
9.025844, 64 
9.025876, 64 
9.025889, 64 
9.027297, 64 
9.027326, 64 
9.027331, 64 
9.027335, 64 
9.027339, 64 
9.027343, 64 
9.027348, 64 
9.027354, 65 
9.02736, 65 
9.028898, 65 
9.028992, 65 
9.029003, 65 
9.029014, 65 
9.029025, 65 
9.029033, 65 
9.029041, 65 
9.029048, 65 
9.029055, 65 
9.029915, 65 
9.029925, 65 
9.029928, 65 
9.029932, 65 
9.029935, 65 
9.030043, 65 
9.030047, 65 
9.03005, 65 
9.030054, 65 
9.030428, 65 
9.030434, 65 
9.030437, 65 
9.030441, 65 
9.03046, 65 
9.030464, 65 
9.030467, 65 
9.030471, 65 
9.030474, 65 
9.030933, 65 
9.03094, 65 
9.030943, 65 
9.030947, 65 
9.03095, 65 
9.030954, 65 
9.030959, 65 
9.030963, 65 
9.030966, 65 
9.031238, 65 
9.031244, 65 
9.031247, 65 
9.031251, 65 
9.031254, 65 
9.031258, 65 
9.031261, 65 
9.031265, 65 
9.031268, 65 
9.031565, 65 
9.031572, 65 
9.031575, 65 
9.031579, 65 
9.031582, 65 
9.031586, 65 
9.031589, 65 
9.031593, 65 
9.031596, 65 
9.031819, 65 
9.031833, 65 
9.031837, 65 
9.031841, 65 
9.031844, 65 
9.031847, 65 
9.031851, 65 
9.031854, 65 
9.031951, 65 
9.032181, 65 
9.032187, 65 
9.03219, 65 
9.032193, 65 
9.032197, 65 
9.032201, 65 
9.032204, 65 
9.032208, 65 
9.032211, 65 
9.032449, 65 
9.032455, 65 
9.032458, 65 
9.032462, 65 
9.032465, 65 
9.032468, 65 
9.032761, 65 
9.03303, 65 
9.033344, 65 
9.03335, 65 
9.033354, 65 
9.033357, 65 
9.03364, 65 
9.033646, 65 
9.033649, 65 
9.033653, 65 
9.033656, 65 
9.033979, 65 
9.033985, 65 
9.033988, 65 
9.033992, 65 
9.033995, 65 
9.034369, 65 
9.03438, 65 
9.034384, 65 
9.034387, 65 
9.034391, 65 
9.034395, 65 
9.034399, 65 
9.034402, 65 
9.034407, 65 
9.035193, 65 
9.035224, 65 
9.035229, 65 
9.035234, 65 
9.035238, 65 
9.035242, 65 
9.035246, 65 
9.035253, 65 
9.035467, 65 
9.036208, 65 
9.036229, 65 
9.036233, 65 
9.036237, 65 
9.036241, 65 
9.036245, 65 
9.036257, 65 
9.036264, 65 
9.03627, 65 
9.036766, 65 
9.036772, 65 
9.036776, 65 
9.03678, 65 
9.036783, 65 
9.036786, 65 
9.03679, 65 
9.036793, 65 
9.036797, 65 
9.037214, 65 
9.037219, 65 
9.037223, 65 
9.037226, 65 
9.037229, 65 
9.037233, 65 
9.037236, 65 
9.037239, 65 
9.037243, 65 
9.037705, 65 
9.03771, 65 
9.037713, 65 
9.037717, 65 
9.037721, 65 
9.037724, 65 
9.037728, 65 
9.037731, 65 
9.037734, 65 
9.038175, 65 
9.038181, 65 
9.038184, 65 
9.038187, 65 
9.038191, 65 
9.038194, 65 
9.038198, 65 
9.038275, 65 
9.038279, 65 
9.038674, 65 
9.038679, 65 
9.038683, 65 
9.038686, 65 
9.038689, 65 
9.038693, 65 
9.038696, 65 
9.038699, 65 
9.038703, 65 
9.038919, 65 
9.038925, 65 
9.038928, 65 
9.038931, 65 
9.038935, 65 
9.038938, 65 
9.038941, 65 
9.038945, 65 
9.038948, 65 
9.039199, 65 
9.039205, 65 
9.039209, 65 
9.039215, 65 
9.039218, 65 
9.039222, 65 
9.039225, 65 
9.039228, 65 
9.039232, 65 
9.03952, 65 
9.039525, 65 
9.039545, 65 
9.039549, 65 
9.039552, 65 
9.03956, 65 
9.039565, 65 
9.039569, 65 
9.039573, 65 
9.039796, 65 
9.039817, 65 
9.039823, 65 
9.039826, 65 
9.039936, 65 
9.039941, 65 
9.039945, 65 
9.039949, 65 
9.039952, 65 
9.040197, 65 
9.040203, 65 
9.040206, 65 
9.04021, 65 
9.040213, 65 
9.040216, 65 
9.04022, 65 
9.040223, 65 
9.040227, 65 
9.040656, 65 
9.040662, 65 
9.040666, 65 
9.040687, 65 
9.040691, 65 
9.040695, 65 
9.040698, 65 
9.040702, 65 
9.040705, 65 
9.040929, 65 
9.040934, 65 
9.040938, 65 
9.040941, 65 
9.040945, 65 
9.040948, 65 
9.040951, 65 
9.040955, 65 
9.040958, 65 
9.041234, 65 
9.041247, 65 
9.041251, 65 
9.041255, 65 
9.041259, 65 
9.041263, 65 
9.041266, 65 
9.04127, 65 
9.041436, 65 
9.041725, 65 
9.041731, 65 
9.041735, 65 
9.041738, 65 
9.041742, 65 
9.041745, 65 
9.041749, 65 
9.041752, 65 
9.041756, 65 
9.042133, 65 
9.04214, 65 
9.042145, 65 
9.042149, 65 
9.042152, 65 
9.042156, 65 
9.042159, 65 
9.042164, 65 
9.042167, 65 
9.043216, 65 
9.043236, 65 
9.04324, 65 
9.043244, 65 
9.043248, 65 
9.043251, 65 
9.043255, 65 
9.043258, 65 
9.043262, 65 
9.044069, 65 
9.044097, 65 
9.044101, 65 
9.044105, 65 
9.044108, 65 
9.044112, 65 
9.044115, 65 
9.044119, 65 
9.044122, 65 
9.044603, 65 
9.044621, 65 
9.044769, 65 
9.044774, 65 
9.044779, 65 
9.044785, 65 
9.044808, 65 
9.04485, 65 
9.044897, 65 
9.045539, 65 
9.04555, 65 
9.045554, 65 
9.045558, 65 
9.045562, 65 
9.045565, 65 
9.045569, 65 
9.045572, 65 
9.045575, 65 
9.046108, 65 
9.046128, 65 
9.046134, 65 
9.046137, 65 
9.046141, 65 
9.046147, 65 
9.046152, 65 
9.046156, 65 
9.046161, 65 
9.04676, 65 
9.046777, 65 
9.046782, 65 
9.046786, 65 
9.04679, 65 
9.046814, 65 
9.04682, 65 
9.046828, 65 
9.046832, 65 
9.047899, 65 
9.047925, 65 
9.04793, 65 
9.048078, 65 
9.048083, 65 
9.04809, 65 
9.048102, 65 
9.048109, 65 
9.048112, 65 
9.048605, 65 
9.048614, 65 
9.048618, 65 
9.048621, 65 
9.048625, 65 
9.048628, 65 
9.048632, 65 
9.048635, 65 
9.048638, 65 
9.04894, 65 
9.048949, 65 
9.048953, 65 
9.048956, 65 
9.048959, 65 
9.048963, 65 
9.048966, 65 
9.04897, 65 
9.048973, 65 
9.04922, 65 
9.049225, 65 
9.049229, 65 
9.049232, 65 
9.049235, 65 
9.049239, 65 
9.049242, 65 
9.049246, 65 
9.049249, 65 
9.049544, 65 
9.04955, 65 
9.049553, 65 
9.049556, 65 
9.04956, 65 
9.049564, 65 
9.049567, 65 
9.049571, 65 
9.049574, 65 
9.050195, 65 
9.050203, 65 
9.050207, 65 
9.05021, 65 
9.050214, 65 
9.050217, 65 
9.050221, 65 
9.050224, 65 
9.050228, 65 
9.050515, 66 
9.051145, 66 
9.051178, 66 
9.051182, 66 
9.051186, 66 
9.05119, 66 
9.051194, 66 
9.051197, 66 
9.051201, 66 
9.051206, 66 
9.052172, 66 
9.052238, 66 
9.052243, 66 
9.052249, 66 
9.052504, 66 
9.05251, 66 
9.052516, 66 
9.052522, 66 
9.052527, 66 
9.053686, 66 
9.053694, 66 
9.053698, 66 
9.053701, 66 
9.053717, 66 
9.053721, 66 
9.053724, 66 
9.053728, 66 
9.053732, 66 
9.054178, 66 
9.054184, 66 
9.054187, 66 
9.054191, 66 
9.054194, 66 
9.054198, 66 
9.054201, 66 
9.054204, 66 
9.054208, 66 
9.054678, 66 
9.054683, 66 
9.054687, 66 
9.05469, 66 
9.054694, 66 
9.054697, 66 
9.0547, 66 
9.054704, 66 
9.054707, 66 
9.055134, 66 
9.05514, 66 
9.055143, 66 
9.055147, 66 
9.05515, 66 
9.055154, 66 
9.055158, 66 
9.055161, 66 
9.055165, 66 
9.055523, 66 
9.055528, 66 
9.055532, 66 
9.055535, 66 
9.055539, 66 
9.055542, 66 
9.055546, 66 
9.055549, 66 
9.055553, 66 
9.055942, 66 
9.055949, 66 
9.055952, 66 
9.055955, 66 
9.055959, 66 
9.055962, 66 
9.055966, 66 
9.055969, 66 
9.055972, 66 
9.056324, 66 
9.05633, 66 
9.056334, 66 
9.056443, 66 
9.056447, 66 
9.05645, 66 
9.056454, 66 
9.056457, 66 
9.056461, 66 
9.056816, 66 
9.056822, 66 
9.056826, 66 
9.056829, 66 
9.056833, 66 
9.056836, 66 
9.05684, 66 
9.056843, 66 
9.056848, 66 
9.05734, 66 
9.057347, 66 
9.05735, 66 
9.057354, 66 
9.057357, 66 
9.057361, 66 
9.057364, 66 
9.057368, 66 
9.057372, 66 
9.057784, 66 
9.05779, 66 
9.057813, 66 
9.057817, 66 
9.05782, 66 
9.057824, 66 
9.057827, 66 
9.057831, 66 
9.057834, 66 
9.058237, 66 
9.058244, 66 
9.058248, 66 
9.058252, 66 
9.058255, 66 
9.058259, 66 
9.058262, 66 
9.058266, 66 
9.058272, 66 
9.058901, 66 
9.058917, 66 
9.058921, 66 
9.058926, 66 
9.058929, 66 
9.058933, 66 
9.058936, 66 
9.05894, 66 
9.058944, 66 
9.059589, 66 
9.059628, 66 
9.059638, 66 
9.060005, 66 
9.060011, 66 
9.060014, 66 
9.060019, 66 
9.060024, 66 
9.060028, 66 
9.061037, 66 
9.061068, 66 
9.061076, 66 
9.061081, 66 
9.061086, 66 
9.061092, 66 
9.0611, 66 
9.061105, 66 
9.061109, 66 
9.062049, 66 
9.062082, 66 
9.062087, 66 
9.062092, 66 
9.062097, 66 
9.062101, 66 
9.062107, 66 
9.062114, 66 
9.062119, 66 
9.063147, 66 
9.063207, 66 
9.063214, 66 
9.063225, 66 
9.063231, 66 
9.063239, 66 
9.063245, 66 
9.063263, 66 
9.063273, 66 
9.065228, 66 
9.065246, 66 
9.065249, 66 
9.065253, 66 
9.065258, 66 
9.065262, 66 
9.065266, 66 
9.06527, 66 
9.065273, 66 
9.065832, 66 
9.065855, 66 
9.065859, 66 
9.065863, 66 
9.065866, 66 
9.06587, 66 
9.065873, 66 
9.065877, 66 
9.06588, 66 
9.066273, 66 
9.066384, 66 
9.066388, 66 
9.066391, 66 
9.066395, 66 
9.066398, 66 
9.066401, 66 
9.066405, 66 
9.066408, 66 
9.067325, 66 
9.067332, 66 
9.067336, 66 
9.067339, 66 
9.067343, 66 
9.067346, 66 
9.06735, 66 
9.067354, 66 
9.067358, 66 
9.067649, 66 
9.067654, 66 
9.067658, 66 
9.067661, 66 
9.067664, 66 
9.067668, 66 
9.067672, 66 
9.067675, 66 
9.067679, 66 
9.068013, 66 
9.068021, 66 
9.068024, 66 
9.068028, 66 
9.068031, 66 
9.068035, 66 
9.068038, 66 
9.068042, 66 
9.068046, 66 
9.068412, 66 
9.068423, 66 
9.068427, 66 
9.068431, 66 
9.068435, 66 
9.068438, 66 
9.068441, 66 
9.068445, 66 
9.068448, 66 
9.068925, 66 
9.068943, 66 
9.068947, 66 
9.069162, 66 
9.069167, 66 
9.069171, 66 
9.069178, 66 
9.069182, 66 
9.069188, 66 
9.069893, 66 
9.069927, 66 
9.069934, 66 
9.069939, 66 
9.069945, 66 
9.069953, 66 
9.069959, 66 
9.069968, 66 
9.069983, 66 
9.070535, 66 
9.070542, 66 
9.070545, 66 
9.070549, 66 
9.070552, 66 
9.070555, 66 
9.070559, 66 
9.070562, 66 
9.070565, 66 
9.070845, 66 
9.070851, 66 
9.070855, 66 
9.070858, 66 
9.070862, 66 
9.070865, 66 
9.070868, 66 
9.070872, 66 
9.070875, 66 
9.073871, 66 
9.073877, 66 
9.073881, 66 
9.073884, 66 
9.07389, 66 
9.073893, 66 
9.073897, 66 
9.073901, 66 
9.073904, 66 
9.076357, 66 
9.076379, 66 
9.076384, 66 
9.076388, 66 
9.076487, 66 
9.076491, 66 
9.076495, 66 
9.076498, 66 
9.076502, 66 
9.076971, 66 
9.076978, 66 
9.076982, 66 
9.076985, 66 
9.077535, 66 
9.078015, 66 
9.079009, 66 
9.079046, 66 
9.080156, 66 
9.080174, 66 
9.080178, 66 
9.080997, 66 
9.081051, 66 
9.081056, 66 
9.082463, 66 
9.082503, 66 
9.082509, 66 
9.082517, 66 
9.082523, 66 
9.08351, 66 
9.083534, 66 
9.083542, 66 
9.083546, 66 
9.083549, 66 
9.084145, 66 
9.084156, 66 
9.08416, 66 
9.084165, 66 
9.084169, 66 
9.084174, 66 
9.084178, 66 
9.084181, 66 
9.084184, 66 
9.086461, 66 
9.086549, 66 
9.086562, 66 
9.086573, 66 
9.086587, 66 
9.087042, 66 
9.087051, 66 
9.087055, 66 
9.087059, 66 
9.092681, 66 
9.092692, 66 
9.092695, 66 
9.092699, 66 
9.092702, 66 
9.092707, 66 
9.092715, 66 
9.09272, 66 
9.092724, 66 
9.094074, 66 
9.094096, 66 
9.094099, 66 
9.094103, 66 
9.094107, 66 
9.09411, 66 
9.094114, 66 
9.094117, 66 
9.094121, 66 
9.094925, 66 
9.094944, 66 
9.09495, 66 
9.094954, 66 
9.094957, 66 
9.094962, 66 
9.094966, 66 
9.09497, 66 
9.094973, 66 
9.096193, 66 
9.096222, 66 
9.096231, 66 
9.096242, 66 
9.096247, 66 
9.096254, 66 
9.096273, 66 
9.096285, 66 
9.096291, 66 
9.097395, 66 
9.097457, 66 
9.097465, 66 
9.097472, 66 
9.097482, 66 
9.098287, 66 
9.098311, 66 
9.098324, 66 
9.098335, 66 
9.099748, 66 
9.099758, 66 
9.099762, 66 
9.099766, 66 
9.099769, 66 
9.099772, 66 
9.099776, 66 
9.099779, 66 
9.099783, 66 
9.101142, 66 
9.101152, 66 
9.101156, 66 
9.101159, 66 
9.101163, 66 
9.101166, 66 
9.10117, 66 
9.101173, 66 
9.101177, 66 
9.102053, 66 
9.10207, 66 
9.102193, 66 
9.102203, 66 
9.10221, 66 
9.102216, 66 
9.102222, 66 
9.102228, 66 
9.102233, 66 
9.103703, 66 
9.103791, 66 
9.103797, 66 
9.103801, 66 
9.103807, 66 
9.103814, 66 
9.103818, 66 
9.103825, 66 
9.103831, 66 
9.104487, 66 
9.104494, 66 
9.104497, 66 
9.1045, 66 
9.104504, 66 
9.104507, 66 
9.104511, 66 
9.104514, 66 
9.104517, 66 
9.104917, 66 
9.104924, 66 
9.104928, 66 
9.104931, 66 
9.104935, 66 
9.104938, 66 
9.104942, 66 
9.104945, 66 
9.104948, 66 
9.105346, 66 
9.105352, 66 
9.105356, 66 
9.10536, 66 
9.105363, 66 
9.105366, 66 
9.105459, 66 
9.105463, 66 
9.105466, 66 
9.10599, 66 
9.105996, 66 
9.105999, 66 
9.106003, 66 
9.106006, 66 
9.10601, 66 
9.106013, 66 
9.106016, 66 
9.10602, 66 
9.106389, 66 
9.106395, 66 
9.106398, 66 
9.106402, 66 
9.106406, 66 
9.106409, 66 
9.106412, 66 
9.106416, 66 
9.106419, 66 
9.106798, 66 
9.106804, 66 
9.106807, 66 
9.106811, 66 
9.106814, 66 
9.106817, 66 
9.106821, 66 
9.106824, 66 
9.106828, 66 
9.107195, 66 
9.107201, 66 
9.107205, 66 
9.107208, 66 
9.107212, 66 
9.107215, 66 
9.107219, 66 
9.107222, 66 
9.107226, 66 
9.10759, 66 
9.107596, 66 
9.107599, 66 
9.107603, 66 
9.107606, 66 
9.107609, 66 
9.107613, 66 
9.107706, 66 
9.107709, 66 
9.108149, 66 
9.108155, 66 
9.108158, 66 
9.108162, 66 
9.108165, 66 
9.108168, 66 
9.108172, 66 
9.108175, 66 
9.108179, 66 
9.108727, 66 
9.108734, 66 
9.108737, 67 
9.108741, 67 
9.108745, 67 
9.108748, 67 
9.108752, 67 
9.108755, 67 
9.108759, 67 
9.10903, 67 
9.10904, 67 
9.109043, 67 
9.109047, 67 
9.10905, 67 
9.109054, 67 
9.109057, 67 
9.109061, 67 
9.109064, 67 
9.109399, 67 
9.109409, 67 
9.109413, 67 
9.109417, 67 
9.109421, 67 
9.109425, 67 
9.10943, 67 
9.109434, 67 
9.109439, 67 
9.110023, 67 
9.110049, 67 
9.110318, 67 
9.110325, 67 
9.110331, 67 
9.110335, 67 
9.110341, 67 
9.110345, 67 
9.11035, 67 
9.112016, 67 
9.112037, 67 
9.112041, 67 
9.112044, 67 
9.112048, 67 
9.112052, 67 
9.112055, 67 
9.112059, 67 
9.112062, 67 
9.112569, 67 
9.112592, 67 
9.112615, 67 
9.112661, 67 
9.11267, 67 
9.112679, 67 
9.112684, 67 
9.112692, 67 
9.1127, 67 
9.116382, 67 
9.116395, 67 
9.116399, 67 
9.116403, 67 
9.116406, 67 
9.116409, 67 
9.116413, 67 
9.116416, 67 
9.11642, 67 
9.116971, 67 
9.116978, 67 
9.116982, 67 
9.116985, 67 
9.116989, 67 
9.116992, 67 
9.116996, 67 
9.116999, 67 
9.117088, 67 
9.117542, 67 
9.117548, 67 
9.117552, 67 
9.117555, 67 
9.11756, 67 
9.117565, 67 
9.117569, 67 
9.117573, 67 
9.117577, 67 
9.118099, 67 
9.118109, 67 
9.118113, 67 
9.118116, 67 
9.11812, 67 
9.118123, 67 
9.118127, 67 
9.118441, 67 
9.119708, 67 
9.119744, 67 
9.11975, 67 
9.120349, 67 
9.120357, 67 
9.120361, 67 
9.120364, 67 
9.120367, 67 
9.120756, 67 
9.120767, 67 
9.120771, 67 
9.120774, 67 
9.120777, 67 
9.121152, 67 
9.121158, 67 
9.121161, 67 
9.121164, 67 
9.121168, 67 
9.121171, 67 
9.121175, 67 
9.121178, 67 
9.121261, 67 
9.121656, 67 
9.121663, 67 
9.121666, 67 
9.12167, 67 
9.121673, 67 
9.121677, 67 
9.12168, 67 
9.121683, 67 
9.121688, 67 
9.122087, 67 
9.122093, 67 
9.122096, 67 
9.1221, 67 
9.122103, 67 
9.122107, 67 
9.12211, 67 
9.122113, 67 
9.122117, 67 
9.122518, 67 
9.122523, 67 
9.122527, 67 
9.12253, 67 
9.122534, 67 
9.122537, 67 
9.122541, 67 
9.122544, 67 
9.122548, 67 
9.122988, 67 
9.122994, 67 
9.122997, 67 
9.123001, 67 
9.123004, 67 
9.123007, 67 
9.123011, 67 
9.123014, 67 
9.123017, 67 
9.123293, 67 
9.123298, 67 
9.123357, 67 
9.123361, 67 
9.123365, 67 
9.123368, 67 
9.123372, 67 
9.123375, 67 
9.123379, 67 
9.123634, 67 
9.12364, 67 
9.123644, 67 
9.123647, 67 
9.12365, 67 
9.123654, 67 
9.123657, 67 
9.123661, 67 
9.123664, 67 
9.123925, 67 
9.123931, 67 
9.123934, 67 
9.123938, 67 
9.123941, 67 
9.123944, 67 
9.123949, 67 
9.123952, 67 
9.123956, 67 
9.124257, 67 
9.124263, 67 
9.124266, 67 
9.12427, 67 
9.124273, 67 
9.124277, 67 
9.12428, 67 
9.124284, 67 
9.124287, 67 
9.12459, 67 
9.124595, 67 
9.124598, 67 
9.124602, 67 
9.124605, 67 
9.124609, 67 
9.124612, 67 
9.124616, 67 
9.12462, 67 
9.12497, 67 
9.124976, 67 
9.12504, 67 
9.125044, 67 
9.125047, 67 
9.125051, 67 
9.125054, 67 
9.125057, 67 
9.125061, 67 
9.125399, 67 
9.125404, 67 
9.125408, 67 
9.125411, 67 
9.125415, 67 
9.125418, 67 
9.125422, 67 
9.125425, 67 
9.125429, 67 
9.125852, 67 
9.125858, 67 
9.125862, 67 
9.125865, 67 
9.125869, 67 
9.125872, 67 
9.125876, 67 
9.125879, 67 
9.125882, 67 
9.126306, 67 
9.126313, 67 
9.126316, 67 
9.12632, 67 
9.126323, 67 
9.126327, 67 
9.12633, 67 
9.126334, 67 
9.126338, 67 
9.126689, 67 
9.126696, 67 
9.1267, 67 
9.126704, 67 
9.126708, 67 
9.126712, 67 
9.126715, 67 
9.126719, 67 
9.126722, 67 
9.127261, 67 
9.127281, 67 
9.127393, 67 
9.127397, 67 
9.127401, 67 
9.127404, 67 
9.127407, 67 
9.127411, 67 
9.127414, 67 
9.127985, 67 
9.127996, 67 
9.127999, 67 
9.128003, 67 
9.128006, 67 
9.12801, 67 
9.128013, 67 
9.128017, 67 
9.12802, 67 
9.128773, 67 
9.128814, 67 
9.128819, 67 
9.128823, 67 
9.128829, 67 
9.128836, 67 
9.128845, 67 
9.128851, 67 
9.128856, 67 
9.129925, 67 
9.129942, 67 
9.129946, 67 
9.129949, 67 
9.129953, 67 
9.129957, 67 
9.12996, 67 
9.129964, 67 
9.129967, 67 
9.130495, 67 
9.130503, 67 
9.130506, 67 
9.13051, 67 
9.130514, 67 
9.130517, 67 
9.130521, 67 
9.130524, 67 
9.130528, 67 
9.131399, 67 
9.131464, 67 
9.131642, 67 
9.13165, 67 
9.131657, 67 
9.131661, 67 
9.131667, 67 
9.131675, 67 
9.131681, 67 
9.132588, 67 
9.132601, 67 
9.132605, 67 
9.132608, 67 
9.132612, 67 
9.132615, 67 
9.13262, 67 
9.132623, 67 
9.132627, 67 
9.133024, 67 
9.133031, 67 
9.133034, 67 
9.133038, 67 
9.133041, 67 
9.133044, 67 
9.133048, 67 
9.133051, 67 
9.133055, 67 
9.133344, 67 
9.13335, 67 
9.133353, 67 
9.133357, 67 
9.13336, 67 
9.133364, 67 
9.133367, 67 
9.133371, 67 
9.133374, 67 
9.133782, 67 
9.133788, 67 
9.133791, 67 
9.133795, 67 
9.133799, 67 
9.133802, 67 
9.133805, 67 
9.133809, 67 
9.133813, 67 
9.134277, 67 
9.134283, 67 
9.134352, 67 
9.134359, 67 
9.134363, 67 
9.134367, 67 
9.134371, 67 
9.134374, 67 
9.134378, 67 
9.134751, 67 
9.134759, 67 
9.134763, 67 
9.134767, 67 
9.13477, 67 
9.134774, 67 
9.134777, 67 
9.134781, 67 
9.134784, 67 
9.135171, 67 
9.135189, 67 
9.135194, 67 
9.135199, 67 
9.135204, 67 
9.135208, 67 
9.135213, 67 
9.135217, 67 
9.135222, 67 
9.135815, 67 
9.135829, 67 
9.135834, 67 
9.135838, 67 
9.135842, 67 
9.135847, 67 
9.135852, 67 
9.135856, 67 
9.13586, 67 
9.136312, 67 
9.136324, 67 
9.136328, 67 
9.136332, 67 
9.136336, 67 
9.136341, 67 
9.136345, 67 
9.136354, 67 
9.13636, 67 
9.136838, 67 
9.136845, 67 
9.137152, 68 
9.13756, 68 
9.137566, 68 
9.137569, 68 
9.137573, 68 
9.137576, 68 
9.137909, 68 
9.137914, 68 
9.137918, 68 
9.137921, 68 
9.137925, 68 
9.138316, 68 
9.138321, 68 
9.138325, 68 
9.138328, 68 
9.138331, 68 
9.138335, 68 
9.138338, 68 
9.138342, 68 
9.138345, 68 
9.138726, 68 
9.138731, 68 
9.138735, 68 
9.138738, 68 
9.138742, 68 
9.138745, 68 
9.138748, 68 
9.138752, 68 
9.138755, 68 
9.139149, 68 
9.139154, 68 
9.139158, 68 
9.139162, 68 
9.139165, 68 
9.139169, 68 
9.139172, 68 
9.139176, 68 
9.139179, 68 
9.139715, 68 
9.13972, 68 
9.139724, 68 
9.139727, 68 
9.139731, 68 
9.139734, 68 
9.139738, 68 
9.139741, 68 
9.139798, 68 
9.140183, 68 
9.140189, 68 
9.140192, 68 
9.140195, 68 
9.140199, 68 
9.140202, 68 
9.140206, 68 
9.140209, 68 
9.140212, 68 
9.140622, 68 
9.140629, 68 
9.140633, 68 
9.140636, 68 
9.14064, 68 
9.140644, 68 
9.140648, 68 
9.140651, 68 
9.140654, 68 
9.141142, 68 
9.141148, 68 
9.141153, 68 
9.141156, 68 
9.14116, 68 
9.141163, 68 
9.141166, 68 
9.14117, 68 
9.141173, 68 
9.141681, 68 
9.141701, 68 
9.141712, 68 
9.141723, 68 
9.141726, 68 
9.14173, 68 
9.141733, 68 
9.141737, 68 
9.14174, 68 
9.142207, 68 
9.142214, 68 
9.142217, 68 
9.142221, 68 
9.142224, 68 
9.142228, 68 
9.142231, 68 
9.142235, 68 
9.142296, 68 
9.142749, 68 
9.142761, 68 
9.142765, 68 
9.142769, 68 
9.142772, 68 
9.142776, 68 
9.14278, 68 
9.142783, 68 
9.142787, 68 
9.143229, 68 
9.143235, 68 
9.143239, 68 
9.143243, 68 
9.143246, 68 
9.14325, 68 
9.143253, 68 
9.143256, 68 
9.14326, 68 
9.143615, 68 
9.143624, 68 
9.143628, 68 
9.143632, 68 
9.143635, 68 
9.14364, 68 
9.143643, 68 
9.143647, 68 
9.14365, 68 
9.144455, 68 
9.144479, 68 
9.144484, 68 
9.144488, 68 
9.144495, 68 
9.144502, 68 
9.144506, 68 
9.144513, 68 
9.14452, 68 
9.145716, 68 
9.145728, 68 
9.145732, 68 
9.145735, 68 
9.145739, 68 
9.145742, 68 
9.145746, 68 
9.145749, 68 
9.145789, 68 
9.146898, 68 
9.146917, 68 
9.146921, 68 
9.146924, 68 
9.146928, 68 
9.146931, 68 
9.146935, 68 
9.146938, 68 
9.146941, 68 
9.148625, 68 
9.148677, 68 
9.148687, 68 
9.148694, 68 
9.148701, 68 
9.148709, 68 
9.148718, 68 
9.148725, 68 
9.148733, 68 
9.149709, 68 
9.149719, 68 
9.149723, 68 
9.149727, 68 
9.14973, 68 
9.149733, 68 
9.149737, 68 
9.14974, 68 
9.149744, 68 
9.150251, 68 
9.150258, 68 
9.150262, 68 
9.150266, 68 
9.150269, 68 
9.150274, 68 
9.150277, 68 
9.150281, 68 
9.150284, 68 
9.150687, 68 
9.150694, 68 
9.150698, 68 
9.150701, 68 
9.150704, 68 
9.150708, 68 
9.150711, 68 
9.150715, 68 
9.150753, 68 
9.15114, 68 
9.151151, 68 
9.151155, 68 
9.151159, 68 
9.151162, 68 
9.151167, 68 
9.151171, 68 
9.151176, 68 
9.15118, 68 
9.151786, 68 
9.151798, 68 
9.151801, 68 
9.151805, 68 
9.151809, 68 
9.151812, 68 
9.151816, 68 
9.151819, 68 
9.151823, 68 
9.158548, 68 
9.158558, 68 
9.158562, 68 
9.158565, 68 
9.158568, 68 
9.158572, 68 
9.158575, 68 
9.158579, 68 
9.158583, 68 
9.158972, 68 
9.158978, 68 
9.158981, 68 
9.158985, 68 
9.158988, 68 
9.158992, 68 
9.158995, 68 
9.158999, 68 
9.159002, 68 
9.159312, 68 
9.15932, 68 
9.159323, 68 
9.159327, 68 
9.15933, 68 
9.159334, 68 
9.159337, 68 
9.159341, 68 
9.159378, 68 
9.159891, 68 
9.159897, 68 
9.159901, 68 
9.159905, 68 
9.159908, 68 
9.159912, 68 
9.159915, 68 
9.159919, 68 
9.159922, 68 
9.160392, 68 
9.160402, 68 
9.160406, 68 
9.16041, 68 
9.160413, 68 
9.160417, 68 
9.16042, 68 
9.160424, 68 
9.160428, 68 
9.161144, 68 
9.161159, 68 
9.161163, 68 
9.161166, 68 
9.16117, 68 
9.161174, 68 
9.161177, 68 
9.161181, 68 
9.161185, 68 
9.161767, 68 
9.161779, 68 
9.161782, 68 
9.161787, 68 
9.161791, 68 
9.161794, 68 
9.161798, 68 
9.161801, 68 
9.161805, 68 
9.163101, 68 
9.163132, 68 
9.163138, 68 
9.163144, 68 
9.163149, 68 
9.163155, 68 
9.163161, 68 
9.163167, 68 
9.16386, 68 
9.164626, 68 
9.164657, 68 
9.164663, 68 
9.164667, 68 
9.16467, 68 
9.164675, 68 
9.164679, 68 
9.164684, 68 
9.164689, 68 
9.165575, 68 
9.165623, 68 
9.165633, 68 
9.165639, 68 
9.166642, 68 
9.167004, 68 
9.171867, 68 
9.171878, 68 
9.171881, 68 
9.172504, 68 
9.172511, 68 
9.172514, 68 
9.172518, 68 
9.172521, 68 
9.172923, 68 
9.17293, 68 
9.172934, 68 
9.172937, 68 
9.17294, 68 
9.173306, 68 
9.173311, 68 
9.173314, 68 
9.173318, 68 
9.173321, 68 
9.173325, 68 
9.173328, 68 
9.173332, 68 
9.173335, 68 
9.173749, 68 
9.173755, 68 
9.173758, 68 
9.173762, 68 
9.173766, 68 
9.173769, 68 
9.173773, 68 
9.173776, 68 
9.174644, 68 
9.175076, 68 
9.175082, 68 
9.175086, 68 
9.17509, 68 
9.175093, 68 
9.175097, 68 
9.1751, 68 
9.175104, 68 
9.175107, 68 
9.175429, 68 
9.175435, 68 
9.175448, 68 
9.175452, 68 
9.175455, 68 
9.175458, 68 
9.175462, 68 
9.175465, 68 
9.175469, 68 
9.175865, 68 
9.175872, 68 
9.175876, 68 
9.175879, 68 
9.175883, 68 
9.175898, 68 
9.175902, 68 
9.175905, 68 
9.17591, 68 
9.176591, 68 
9.176601, 68 
9.176604, 68 
9.176608, 68 
9.176612, 68 
9.176616, 68 
9.176619, 68 
9.176622, 68 
9.177193, 68 
9.178157, 68 
9.178171, 68 
9.178174, 68 
9.178178, 68 
9.178182, 68 
9.178185, 68 
9.17819, 68 
9.178196, 68 
9.178202, 68 
9.179516, 68 
9.17958, 68 
9.179588, 68 
9.179594, 68 
9.179605, 68 
9.179617, 68 
9.179624, 68 
9.179635, 68 
9.179646, 68 
9.181585, 68 
9.181612, 68 
9.181616, 68 
9.18162, 68 
9.181624, 68 
9.181628, 68 
9.181633, 68 
9.181636, 68 
9.18164, 68 
9.185462, 68 
9.185487, 68 
9.185495, 68 
9.185499, 68 
9.185506, 68 
9.18551, 68 
9.185514, 68 
9.185518, 68 
9.185524, 68 
9.187697, 68 
9.187711, 68 
9.187715, 68 
9.187718, 68 
9.18788, 68 
9.187884, 68 
9.187887, 68 
9.187891, 68 
9.187895, 68 
9.188562, 68 
9.188568, 68 
9.188572, 68 
9.188575, 68 
9.188579, 68 
9.188582, 68 
9.188585, 68 
9.188589, 68 
9.188592, 68 
9.189138, 68 
9.189143, 68 
9.189147, 68 
9.18915, 68 
9.189154, 68 
9.189157, 68 
9.18916, 68 
9.189164, 68 
9.189167, 68 
9.189579, 68 
9.189585, 68 
9.189588, 68 
9.189592, 68 
9.189595, 68 
9.189599, 68 
9.189603, 68 
9.189606, 68 
9.18961, 68 
9.190057, 68 
9.190063, 68 
9.190066, 68 
9.190069, 68 
9.190073, 68 
9.190077, 68 
9.19008, 68 
9.190083, 68 
9.190087, 68 
9.190471, 68 
9.190477, 68 
9.191172, 68 
9.191176, 68 
9.19118, 68 
9.191183, 68 
9.191187, 68 
9.19119, 68 
9.191194, 68 
9.191611, 68 
9.191618, 68 
9.191621, 68 
9.191625, 68 
9.191628, 68 
9.191632, 68 
9.191636, 68 
9.191639, 68 
9.191643, 68 
9.192025, 68 
9.192032, 68 
9.192036, 68 
9.19204, 68 
9.192043, 68 
9.192048, 68 
9.192051, 68 
9.192056, 68 
9.192061, 68 
9.1925, 68 
9.192506, 68 
9.19251, 68 
9.192513, 68 
9.192517, 68 
9.19252, 68 
9.192524, 68 
9.192527, 68 
9.192531, 68 
9.193196, 68 
9.193206, 68 
9.193409, 68 
9.193413, 68 
9.193417, 68 
9.193421, 68 
9.193425, 69 
9.193429, 69 
9.193449, 69 
9.194117, 69 
9.194124, 69 
9.194129, 69 
9.194132, 69 
9.194136, 69 
9.194139, 69 
9.194142, 69 
9.194146, 69 
9.194149, 69 
9.194745, 69 
9.194768, 69 
9.194772, 69 
9.194777, 69 
9.19478, 69 
9.194785, 69 
9.194789, 69 
9.194795, 69 
9.194799, 69 
9.195944, 69 
9.196052, 69 
9.196063, 69 
9.196228, 69 
9.19625, 69 
9.19626, 69 
9.196271, 69 
9.19628, 69 
9.196292, 69 
9.202005, 69 
9.202037, 69 
9.202041, 69 
9.202045, 69 
9.202049, 69 
9.202052, 69 
9.202056, 69 
9.202059, 69 
9.202063, 69 
9.202881, 69 
9.202915, 69 
9.202923, 69 
9.202928, 69 
9.202933, 69 
9.202939, 69 
9.202944, 69 
9.202948, 69 
9.205726, 69 
9.206184, 69 
9.206192, 69 
9.206196, 69 
9.206199, 69 
9.206202, 69 
9.206206, 69 
9.206209, 69 
9.206213, 69 
9.206217, 69 
9.206813, 69 
9.206819, 69 
9.206822, 69 
9.206826, 69 
9.206829, 69 
9.206832, 69 
9.206836, 69 
9.206839, 69 
9.206843, 69 
9.207272, 69 
9.207278, 69 
9.207281, 69 
9.207285, 69 
9.207288, 69 
9.207292, 69 
9.207297, 69 
9.207304, 69 
9.207307, 69 
9.207801, 69 
9.207807, 69 
9.20781, 69 
9.207814, 69 
9.207817, 69 
9.20782, 69 
9.207824, 69 
9.207827, 69 
9.207831, 69 
9.208489, 69 
9.208497, 69 
9.2085, 69 
9.208504, 69 
9.208507, 69 
9.208511, 69 
9.208515, 69 
9.208519, 69 
9.208522, 69 
9.2091, 69 
9.209111, 69 
9.209932, 69 
9.210257, 69 
9.210751, 69 
9.210761, 69 
9.211042, 69 
9.21105, 69 
9.211054, 69 
9.211773, 69 
9.211796, 69 
9.211803, 69 
9.213299, 69 
9.21366, 69 
9.215922, 69 
9.215974, 69 
9.21598, 69 
9.215986, 69 
9.215993, 69 
9.216001, 69 
9.216011, 69 
9.216018, 69 
9.216023, 69 
9.218654, 69 
9.218682, 69 
9.218688, 69 
9.218693, 69 
9.218701, 69 
9.218717, 69 
9.218722, 69 
9.218726, 69 
9.21873, 69 
9.219363, 69 
9.219372, 69 
9.219375, 69 
9.219379, 69 
9.219382, 69 
9.219386, 69 
9.21939, 69 
9.219393, 69 
9.219397, 69 
9.219924, 69 
9.219932, 69 
9.219935, 69 
9.219939, 69 
9.219942, 69 
9.219945, 69 
9.219949, 69 
9.219952, 69 
9.219956, 69 
9.220924, 69 
9.220933, 69 
9.220937, 69 
9.220941, 69 
9.220944, 69 
9.220948, 69 
9.220951, 69 
9.220955, 69 
9.220958, 69 
9.221393, 69 
9.2214, 69 
9.221403, 69 
9.221406, 69 
9.222163, 69 
9.222167, 69 
9.222171, 69 
9.222174, 69 
9.222179, 69 
9.222565, 69 
9.22257, 69 
9.222574, 69 
9.222577, 69 
9.22258, 69 
9.222585, 69 
9.222588, 69 
9.222591, 69 
9.222595, 69 
9.223002, 69 
9.223007, 69 
9.223011, 69 
9.223014, 69 
9.223017, 69 
9.223021, 69 
9.223024, 69 
9.223028, 69 
9.223031, 69 
9.223377, 69 
9.223382, 69 
9.223386, 69 
9.223389, 69 
9.223393, 69 
9.223396, 69 
9.2234, 69 
9.223403, 69 
9.223407, 69 
9.223815, 69 
9.22382, 69 
9.223824, 69 
9.223827, 69 
9.223831, 69 
9.223835, 69 
9.223838, 69 
9.223841, 69 
9.223845, 69 
9.224421, 69 
9.224427, 69 
9.224431, 69 
9.224434, 69 
9.224437, 69 
9.224441, 69 
9.224445, 69 
9.224448, 69 
9.224452, 69 
9.224792, 69 
9.224798, 69 
9.224802, 69 
9.224806, 69 
9.224809, 69 
9.224812, 69 
9.224816, 69 
9.224819, 69 
9.224823, 69 
9.22505, 69 
9.225055, 69 
9.225059, 69 
9.225063, 69 
9.225066, 69 
9.225069, 69 
9.225073, 69 
9.225076, 69 
9.22508, 69 
9.225383, 69 
9.22539, 69 
9.225393, 69 
9.225396, 69 
9.2254, 69 
9.225404, 69 
9.225407, 69 
9.22635, 69 
9.226354, 69 
9.22992, 69 
9.229926, 69 
9.22993, 69 
9.229933, 69 
9.229937, 69 
9.229941, 69 
9.229944, 69 
9.229947, 69 
9.229951, 69 
9.230322, 69 
9.230327, 69 
9.230331, 69 
9.230334, 69 
9.230338, 69 
9.230341, 69 
9.230345, 69 
9.230348, 69 
9.230352, 69 
9.230747, 69 
9.230752, 69 
9.230755, 69 
9.23076, 69 
9.230763, 69 
9.230766, 69 
9.23077, 69 
9.230773, 69 
9.230777, 69 
9.231123, 69 
9.231128, 69 
9.231132, 69 
9.231135, 69 
9.231139, 69 
9.231142, 69 
9.231146, 69 
9.23115, 69 
9.231153, 69 
9.231593, 69 
9.231599, 69 
9.231602, 69 
9.231606, 69 
9.23161, 69 
9.231634, 69 
9.231637, 69 
9.231641, 69 
9.231644, 69 
9.232031, 69 
9.232036, 69 
9.23204, 69 
9.232043, 69 
9.232047, 69 
9.23205, 69 
9.232053, 69 
9.232057, 69 
9.23206, 69 
9.232514, 69 
9.232519, 69 
9.232523, 69 
9.232526, 69 
9.232529, 69 
9.232533, 69 
9.232536, 69 
9.232539, 69 
9.232543, 69 
9.232898, 69 
9.232903, 69 
9.232907, 69 
9.232911, 69 
9.232915, 69 
9.232918, 69 
9.232921, 69 
9.232925, 69 
9.232928, 69 
9.233236, 69 
9.233241, 69 
9.233245, 69 
9.233249, 69 
9.233253, 69 
9.233256, 69 
9.23326, 69 
9.233263, 69 
9.235427, 69 
9.236583, 69 
9.236618, 69 
9.236623, 69 
9.236627, 69 
9.236632, 69 
9.236636, 69 
9.23664, 69 
9.236645, 69 
9.236649, 69 
9.237317, 69 
9.237325, 69 
9.237328, 69 
9.237332, 69 
9.237335, 69 
9.237339, 69 
9.237342, 69 
9.237346, 69 
9.237349, 69 
9.237667, 69 
9.237673, 69 
9.237676, 69 
9.23768, 69 
9.237684, 69 
9.237687, 69 
9.23769, 69 
9.237694, 69 
9.237697, 69 
9.237996, 69 
9.238001, 69 
9.238005, 69 
9.238009, 69 
9.238012, 69 
9.238015, 69 
9.238019, 69 
9.238022, 69 
9.238026, 69 
9.238395, 69 
9.238401, 69 
9.238404, 69 
9.238408, 69 
9.238411, 69 
9.238415, 69 
9.238418, 69 
9.238422, 69 
9.238463, 69 
9.238833, 69 
9.238838, 69 
9.238842, 69 
9.238845, 69 
9.238849, 69 
9.238852, 69 
9.238855, 69 
9.238859, 69 
9.238862, 69 
9.239207, 69 
9.239212, 69 
9.239216, 69 
9.239219, 69 
9.239223, 69 
9.239226, 69 
9.239229, 69 
9.239233, 69 
9.239236, 69 
9.239669, 69 
9.239676, 69 
9.23968, 69 
9.239684, 69 
9.239687, 69 
9.239934, 70 
9.240288, 70 
9.240293, 70 
9.240297, 70 
9.2403, 70 
9.240304, 70 
9.240664, 70 
9.24067, 70 
9.240673, 70 
9.240677, 70 
9.24068, 70 
9.240684, 70 
9.240687, 70 
9.240691, 70 
9.240695, 70 
9.241118, 70 
9.241124, 70 
9.241149, 70 
9.241153, 70 
9.241156, 70 
9.24116, 70 
9.241163, 70 
9.241167, 70 
9.24117, 70 
9.241491, 70 
9.241497, 70 
9.2415, 70 
9.241504, 70 
9.241507, 70 
9.24151, 70 
9.241514, 70 
9.241517, 70 
9.241521, 70 
9.241941, 70 
9.241946, 70 
9.241951, 70 
9.241954, 70 
9.241958, 70 
9.241961, 70 
9.241964, 70 
9.241983, 70 
9.241991, 70 
9.242448, 70 
9.242454, 70 
9.242457, 70 
9.242461, 70 
9.242464, 70 
9.242468, 70 
9.242471, 70 
9.242474, 70 
9.242478, 70 
9.242832, 70 
9.242838, 70 
9.242842, 70 
9.242845, 70 
9.242849, 70 
9.242882, 70 
9.242886, 70 
9.242889, 70 
9.242893, 70 
9.243231, 70 
9.243236, 70 
9.24324, 70 
9.243244, 70 
9.243247, 70 
9.243251, 70 
9.243254, 70 
9.243267, 70 
9.243271, 70 
9.24362, 70 
9.243626, 70 
9.24363, 70 
9.243633, 70 
9.243637, 70 
9.24364, 70 
9.243644, 70 
9.243647, 70 
9.24365, 70 
9.244044, 70 
9.24405, 70 
9.244053, 70 
9.244057, 70 
9.24406, 70 
9.244063, 70 
9.244067, 70 
9.24407, 70 
9.244074, 70 
9.244444, 70 
9.244449, 70 
9.244453, 70 
9.244456, 70 
9.24446, 70 
9.244463, 70 
9.244467, 70 
9.24447, 70 
9.244499, 70 
9.244813, 70 
9.244819, 70 
9.244822, 70 
9.244826, 70 
9.244829, 70 
9.244833, 70 
9.244836, 70 
9.24484, 70 
9.244843, 70 
9.245203, 70 
9.245209, 70 
9.245213, 70 
9.245216, 70 
9.24522, 70 
9.245223, 70 
9.245227, 70 
9.24523, 70 
9.245234, 70 
9.245613, 70 
9.245618, 70 
9.245622, 70 
9.245625, 70 
9.245629, 70 
9.245632, 70 
9.245635, 70 
9.245639, 70 
9.245642, 70 
9.246033, 70 
9.246039, 70 
9.246043, 70 
9.246046, 70 
9.24605, 70 
9.246053, 70 
9.246056, 70 
9.246061, 70 
9.246064, 70 
9.246397, 70 
9.246403, 70 
9.246406, 70 
9.247164, 70 
9.247168, 70 
9.247172, 70 
9.247175, 70 
9.247179, 70 
9.247212, 70 
9.247536, 70 
9.247541, 70 
9.247545, 70 
9.247548, 70 
9.247551, 70 
9.247555, 70 
9.247558, 70 
9.247562, 70 
9.247565, 70 
9.247869, 70 
9.247874, 70 
9.247878, 70 
9.247881, 70 
9.247885, 70 
9.247888, 70 
9.247892, 70 
9.247895, 70 
9.247899, 70 
9.248195, 70 
9.248201, 70 
9.248205, 70 
9.248208, 70 
9.248212, 70 
9.248215, 70 
9.248218, 70 
9.248222, 70 
9.248226, 70 
9.248679, 70 
9.248685, 70 
9.248688, 70 
9.248692, 70 
9.248695, 70 
9.248699, 70 
9.248702, 70 
9.248706, 70 
9.24871, 70 
9.249045, 70 
9.24905, 70 
9.249054, 70 
9.249057, 70 
9.24906, 70 
9.249064, 70 
9.249068, 70 
9.249071, 70 
9.249074, 70 
9.249514, 70 
9.249521, 70 
9.249524, 70 
9.249528, 70 
9.249531, 70 
9.249535, 70 
9.249538, 70 
9.249541, 70 
9.249545, 70 
9.249778, 70 
9.249784, 70 
9.249787, 70 
9.249791, 70 
9.249794, 70 
9.249798, 70 
9.249801, 70 
9.249814, 70 
9.249819, 70 
9.250255, 70 
9.250261, 70 
9.250265, 70 
9.250268, 70 
9.250272, 70 
9.250276, 70 
9.251071, 70 
9.251078, 70 
9.251081, 70 
9.251338, 70 
9.251344, 70 
9.251347, 70 
9.251351, 70 
9.251355, 70 
9.251358, 70 
9.251361, 70 
9.251365, 70 
9.251368, 70 
9.251656, 70 
9.251662, 70 
9.251665, 70 
9.251669, 70 
9.251672, 70 
9.251676, 70 
9.251679, 70 
9.251683, 70 
9.251687, 70 
9.251962, 70 
9.251968, 70 
9.251972, 70 
9.251976, 70 
9.251979, 70 
9.251983, 70 
9.251986, 70 
9.252113, 70 
9.252119, 70 
9.252122, 70 
9.252125, 70 
9.25222, 70 
9.252226, 70 
9.25239, 70 
9.252396, 70 
9.252399, 70 
9.252541, 70 
9.252546, 70 
9.25255, 70 
9.252646, 70 
9.252653, 70 
9.252656, 70 
9.25266, 70 
9.252663, 70 
9.252773, 70 
9.252779, 70 
9.252782, 70 
9.252785, 70 
9.252789, 70 
9.252792, 70 
9.252796, 70 
9.252799, 70 
9.252803, 70 
9.252932, 70 
9.252938, 70 
9.252941, 70 
9.252945, 70 
9.252948, 70 
9.252952, 70 
9.252955, 70 
9.252959, 70 
9.252962, 70 
9.253098, 70 
9.253104, 70 
9.253107, 70 
9.253111, 70 
9.253114, 70 
9.253118, 70 
9.253121, 70 
9.253125, 70 
9.253128, 70 
9.253278, 70 
9.253284, 70 
9.253287, 70 
9.25329, 70 
9.253295, 70 
9.253298, 70 
9.25428, 70 
9.254465, 70 
9.254471, 70 
9.254474, 70 
9.254478, 70 
9.254624, 70 
9.254629, 70 
9.254633, 70 
9.254636, 70 
9.254639, 70 
9.254773, 70 
9.254779, 70 
9.254782, 70 
9.254786, 70 
9.25479, 70 
9.254916, 70 
9.254921, 70 
9.254924, 70 
9.254928, 70 
9.254932, 70 
9.254935, 70 
9.254939, 70 
9.254942, 70 
9.254946, 70 
9.255085, 70 
9.25509, 70 
9.255094, 70 
9.255097, 70 
9.255101, 70 
9.255104, 70 
9.255107, 70 
9.255111, 70 
9.255114, 70 
9.25527, 70 
9.255276, 70 
9.255279, 70 
9.255282, 70 
9.255287, 70 
9.25529, 70 
9.255294, 70 
9.255297, 70 
9.255301, 70 
9.25544, 70 
9.255445, 70 
9.255448, 70 
9.255452, 70 
9.255455, 70 
9.255459, 70 
9.255462, 70 
9.255465, 70 
9.255469, 70 
9.255608, 70 
9.255613, 70 
9.255617, 70 
9.25562, 70 
9.255624, 70 
9.255627, 70 
9.255631, 70 
9.255634, 70 
9.255637, 70 
9.255781, 70 
9.255786, 70 
9.255789, 70 
9.255793, 70 
9.255796, 70 
9.255799, 70 
9.255803, 70 
9.255806, 70 
9.25581, 70 
9.255958, 70 
9.255963, 70 
9.255967, 70 
9.255971, 70 
9.255974, 70 
9.255978, 70 
9.255982, 70 
9.255986, 70 
9.256412, 70 
9.256633, 70 
9.256639, 70 
9.256642, 70 
9.256646, 70 
9.256649, 70 
9.256653, 70 
9.256656, 70 
9.25666, 70 
9.256663, 70 
9.256821, 70 
9.256827, 70 
9.25683, 70 
9.256834, 70 
9.256837, 70 
9.25684, 70 
9.256844, 70 
9.256847, 70 
9.256851, 70 
9.25699, 70 
9.256995, 70 
9.256999, 70 
9.257002, 70 
9.257006, 70 
9.257009, 70 
9.257013, 70 
9.257016, 70 
9.25702, 70 
9.257162, 70 
9.257167, 70 
9.257171, 70 
9.257175, 70 
9.257178, 70 
9.257182, 70 
9.257185, 70 
9.257189, 70 
9.257211, 70 
9.257361, 70 
9.257366, 70 
9.25737, 70 
9.257373, 70 
9.257376, 70 
9.25738, 70 
9.257383, 70 
9.257386, 70 
9.25739, 70 
9.257572, 70 
9.257577, 70 
9.257581, 70 
9.257585, 70 
9.257588, 70 
9.257591, 70 
9.257595, 70 
9.257598, 70 
9.257602, 70 
9.257746, 70 
9.257751, 70 
9.257755, 70 
9.25776, 70 
9.257764, 70 
9.257767, 70 
9.257772, 70 
9.257776, 70 
9.257779, 70 
9.257925, 70 
9.25793, 70 
9.257934, 70 
9.257938, 70 
9.257941, 70 
9.257945, 70 
9.257948, 70 
9.257952, 70 
9.257955, 70 
9.258119, 70 
9.258125, 70 
9.258129, 70 
9.259107, 70 
9.259111, 70 
9.259115, 70 
9.259118, 70 
9.259122, 70 
9.259126, 70 
9.26437, 70 
9.264376, 70 
9.26438, 70 
9.264383, 70 
9.264387, 70 
9.26439, 70 
9.264394, 70 
9.264398, 70 
9.264403, 70 
9.264519, 70 
9.264525, 70 
9.264529, 70 
9.264533, 70 
9.264537, 70 
9.26454, 70 
9.264543, 70 
9.264547, 70 
9.26455, 70 
9.264853, 70 
9.264859, 70 
9.264864, 70 
9.264867, 70 
9.26487, 70 
9.264874, 70 
9.264879, 71 
9.264885, 71 
9.26489, 71 
9.265045, 71 
9.265051, 71 
9.265054, 71 
9.265057, 71 
9.265061, 71 
9.265065, 71 
9.265068, 71 
9.265071, 71 
9.265075, 71 
9.265242, 71 
9.265249, 71 
9.265253, 71 
9.265256, 71 
9.26526, 71 
9.265263, 71 
9.265267, 71 
9.26527, 71 
9.265274, 71 
9.265421, 71 
9.265426, 71 
9.26543, 71 
9.265434, 71 
9.265437, 71 
9.26544, 71 
9.265444, 71 
9.265448, 71 
9.265451, 71 
9.265631, 71 
9.265638, 71 
9.265641, 71 
9.265645, 71 
9.265648, 71 
9.265652, 71 
9.266423, 71 
9.266427, 71 
9.266431, 71 
9.266723, 71 
9.266729, 71 
9.266732, 71 
9.266736, 71 
9.26674, 71 
9.266743, 71 
9.266747, 71 
9.26675, 71 
9.266754, 71 
9.266852, 71 
9.266857, 71 
9.266861, 71 
9.266864, 71 
9.266868, 71 
9.266871, 71 
9.266874, 71 
9.266878, 71 
9.266881, 71 
9.26702, 71 
9.267025, 71 
9.267029, 71 
9.267032, 71 
9.267036, 71 
9.267039, 71 
9.267042, 71 
9.267046, 71 
9.26705, 71 
9.267205, 71 
9.267211, 71 
9.267215, 71 
9.267218, 71 
9.267221, 71 
9.267225, 71 
9.267228, 71 
9.267232, 71 
9.267235, 71 
9.267385, 71 
9.267391, 71 
9.267394, 71 
9.267398, 71 
9.267401, 71 
9.267404, 71 
9.267408, 71 
9.267411, 71 
9.267415, 71 
9.267569, 71 
9.267574, 71 
9.267578, 71 
9.267581, 71 
9.267585, 71 
9.267588, 71 
9.267592, 71 
9.267595, 71 
9.267599, 71 
9.267734, 71 
9.26774, 71 
9.267743, 71 
9.267747, 71 
9.268028, 71 
9.268032, 71 
9.268037, 71 
9.268041, 71 
9.268046, 71 
9.307391, 5 
10.409881, 33441200 
10.410386, 33441200 
10.410394, 33441191 
10.410396, 33441191 
10.410816, 33441191 
10.410823, 4 
10.411152, 4 
10.411171, 33441191 
10.41158, 4 
10.411583, 4 
10.411947, 4 
10.411954, 5 
10.41227, 5 
10.41228, 4 
10.412596, 4 
10.412912, 5 
10.413291, 4 
10.413505, 33551429 
10.413794, 4 
10.414042, 4 
10.414287, 4 
10.414562, 33441200 
10.414793, 4 
10.415012, 4 
10.415306, 4 
10.415545, 4 
10.415764, 4 
10.416078, 4 
10.416293, 4 
10.416581, 4 
10.416802, 33551429 
10.417105, 33551429 
10.417346, 33551429 
10.41737, 33441191 
10.417608, 33441191 
10.417924, 33441188 
10.418201, 33441188 
10.418532, 33441188 
10.418537, 33441197 
10.418558, 33441202 
10.41856, 33441202 
10.418887, 33441202 
10.418891, 33441202 
10.418893, 33441202 
10.419266, 33441202 
10.419299, 33441193 
10.41966, 33441193 
10.419672, 33441193 
10.419678, 33441192 
10.419682, 33441192 
10.419688, 33441189 
10.419692, 33441188 
10.420309, 33441188 
10.420325, 33441187 
10.420331, 33441202 
10.420335, 33441186 
10.420341, 33441186 
10.420348, 33441185 
10.420355, 33441185 
10.420366, 4 
10.420939, 4 
10.420952, 4 
10.421499, 4 
10.421504, 33441184 
10.42177, 33441184 
10.421774, 4 
10.421776, 33441184 
10.422059, 33441184 
10.422064, 4 
10.422309, 4 
10.422313, 4 
10.422536, 33441183 
10.422815, 4 
10.42304, 4 
10.423257, 33441183 
10.423472, 33441182 
10.423687, 33441182 
10.42391, 4 
10.424165, 33441181 
10.42438, 33441177 
10.424594, 4 
10.424815, 4 
10.425033, 33441179 
10.425266, 4 
10.425269, 4 
10.425528, 4 
10.425532, 33441179 
10.425773, 33441179 
10.425776, 4 
10.425989, 33441178 
10.426202, 4 
10.426414, 4 
10.426626, 33441180 
10.42684, 33441181 
10.427051, 4 
10.427298, 4 
10.427509, 4 
10.427722, 33441180 
10.427935, 4 
10.428159, 33441177 
10.428401, 5 
10.428617, 33441174 
10.430402, 5 
10.430692, 33441174 
10.43097, 33441173 
10.431206, 5 
10.43143, 33441173 
10.431663, 33441172 
10.431883, 5 
10.43212, 33441172 
10.432379, 33441171 
10.432631, 33441170 
10.43287, 5 
10.433084, 33441169 
10.43333, 33441151 
10.433544, 5 
10.433757, 5 
10.433995, 33441169 
10.434258, 5 
10.434262, 33441168 
10.434577, 33441168 
10.434583, 5 
10.434872, 5 
10.434876, 5 
10.435097, 33441145 
10.4351, 5 
10.435338, 5 
10.435342, 33441144 
10.435597, 33441144 
10.435601, 33441144 
10.435834, 33441143 
10.436056, 5 
10.436059, 5 
10.436358, 5 
10.436366, 5 
10.43668, 5 
10.436686, 33441143 
10.436928, 5 
10.43693, 5 
10.437278, 5 
10.437284, 33441142 
10.437628, 33441142 
10.437635, 5 
10.437895, 33441140 
10.438262, 5 
10.438584, 33441139 
10.438935, 5 
10.439215, 5 
10.439221, 33441137 
10.439574, 33441137 
10.439579, 5 
10.439582, 33441137 
10.439585, 33441136 
10.439589, 5 
10.439892, 5 
10.439898, 33441135 
10.440281, 33441135 
10.440286, 5 
10.440289, 33441134 
10.440293, 33441134 
10.440579, 33441134 
10.440583, 5 
10.44083, 5 
10.440834, 5 
10.441339, 33441135 
10.441715, 5 
10.442211, 33441133 
10.442654, 33441142 
10.443163, 5 
10.443178, 33441141 
10.443856, 33441141 
10.446362, 4 
10.447198, 4 
10.447275, 4 
10.447418, 4 
10.448889, 4 
10.448954, 4 
10.448963, 4 
10.449514, 4 
10.449526, 4 
10.449931, 4 
10.449944, 4 
10.450349, 4 
10.450352, 5 
10.450805, 5 
10.450814, 4 
10.45084, 4 
10.451255, 4 
10.451268, 4 
10.451285, 4 
10.45129, 4 
10.451656, 4 
10.45168, 33441200 
10.451688, 33441200 
10.452139, 33441200 
10.452144, 33441200 
10.452661, 33441200 
10.452714, 5 
10.45277, 5 
10.453527, 5 
10.453583, 33441200 
10.453832, 5 
10.454878, 5 
10.454896, 5 
10.454898, 5 
10.455334, 5 
10.455344, 5 
10.455349, 5 
10.455688, 5 
10.455691, 5 
10.455979, 5 
10.455986, 5 
10.456292, 5 
10.456588, 33441200 
10.456903, 33441139 
10.457168, 5 
10.457173, 33441137 
10.457175, 33441137 
10.457193, 33441134 
10.457196, 33441134 
10.457208, 5 
10.457466, 5 
10.457515, 33441200 
10.457517, 5 
10.457574, 5 
10.457605, 33441200 
10.457891, 33441200 
10.457895, 33441200 
10.471987, 33441191 
10.472205, 33441191 
142.045755, 92 
142.045966, 92 
142.04598, 65 
142.076785, 5 
142.084766, 5 
142.08497, 5 
142.085062, 70 
142.088284, 70 
142.088323, 30 
142.091921, 30 
142.091933, 67 
142.098668, 74 
142.098886, 5 
142.101622, 5 
142.101667, 5 
142.109112, 5 
142.109152, 5 
142.109166, 5 
142.114235, 5 
142.11431, 5 
142.114487, 5 
142.124793, 5 
142.124871, 5 
142.124992, 5 
142.126572, 5 
142.129617, 5 
142.136195, 5 
142.139329, 5 
142.15053, 5 
142.150606, 5 
142.15111, 5 
142.151165, 5 
142.152867, 5 
142.163516, 5 
142.16364, 5 
142.166259, 5 
142.167691, 11 
142.167752, 15 
142.16781, 19 
142.167868, 22 
142.167965, 25 
142.168014, 29 
142.168056, 32 
142.168095, 35 
142.174519, 35 
142.174541, 39 
142.174553, 42 
142.174563, 45 
142.174585, 49 
142.174766, 49 
142.176305, 52 
142.176328, 55 
142.187434, 55 
142.187682, 59 
142.187772, 62 
142.187848, 65 
142.190689, 65 
142.190721, 69 
142.190736, 72 
142.191544, 72 
142.191556, 76 
142.191762, 76 
142.191771, 79 
142.194831, 82 
142.195001, 86 
142.195136, 89 
142.195302, 92 
142.195496, 5 
142.195499, 11 
142.19589, 11 
142.196068, 8 
142.197004, 8 
142.19702, 5 
142.197231, 5 
142.19743, 5 
142.197439, 5 
142.197442, 5 
142.198071, 5 
142.198081, 5 
142.198621, 5 
142.198627, 5 
142.198982, 5 
142.19899, 5 
142.198994, 5 
142.199343, 5 
142.19935, 5 
142.199353, 5 
142.19936, 5 
142.199368, 5 
142.19939, 5 
142.199417, 1 
142.199452, 1 
142.199506, 33441200 
142.199912, 33441200 
142.199961, 33441143 
142.200376, 33441143 
142.200495, 33441192 
142.20051, 4 
142.201235, 4 
142.2013, 33441192 
142.202408, 33441192 
142.202444, 33441192 
142.202486, 33441177 
142.203457, 33441177 
142.203465, 5 
142.203492, 33441192 
142.203495, 4 
142.203501, 33441152 
142.204002, 4 
142.204004, 33441152 
142.204009, 33441176 
142.204055, 33441202 
142.204298, 33441176 
142.204493, 5 
142.204809, 5 
142.204814, 5 
142.204826, 33441135 
142.20483, 33441133 
142.204836, 4 
142.204838, 5 
142.205312, 5 
142.205317, 5 
142.20564, 5 
142.205644, 5 
142.205943, 5 
142.205952, 5 
142.206269, 4 
142.206579, 33441200 
142.2068, 5 
142.206806, 33441142 
142.206808, 5 
142.206811, 33441140 
142.20714, 33441140 
142.207147, 5 
142.207522, 5 
142.207533, 5 
142.207537, 5 
142.207539, 5 
142.207904, 5 
142.207909, 5 
142.207913, 5 
142.207915, 5 
142.20792, 33441168 
142.207922, 5 
142.207954, 5 
142.208377, 5 
142.208383, 5 
142.208596, 5 
142.2086, 5 
142.208602, 5 
142.208722, 5 
142.208726, 5 
142.208764, 33441191 
142.208778, 4 
142.20925, 4 
142.209299, 4 
142.209732, 4 
142.209737, 4 
142.209739, 4 
142.209743, 5 
142.210187, 5 
142.210196, 5 
142.210487, 5 
142.210506, 4 
142.210836, 33441197 
142.211231, 33441142 
142.211281, 33441141 
142.211312, 33441200 
142.211314, 33441200 
142.211316, 33441200 
142.211318, 33441200 
142.211332, 33441200 
142.211649, 33441200 
142.211655, 33441200 
142.211662, 33441200 
142.211665, 33441200 
142.211669, 33441200 
142.211672, 5 
142.212105, 5 
142.212115, 5 
142.21212, 5 
142.212128, 33441200 
142.212132, 4 
142.212493, 4 
142.2125, 33441200 
142.212828, 33441200 
142.212832, 33441200 
142.212835, 33441200 
142.212837, 33441200 
142.212839, 33441200 
142.213263, 33441200 
142.213268, 33441200 
142.213273, 33441200 
142.213292, 5 
142.213295, 5 
142.21367, 5 
142.213676, 5 
142.213688, 5 
142.214094, 5 
142.214098, 5 
142.214102, 5 
142.214371, 5 
142.214389, 5 
142.214394, 5 
142.21449, 5 
142.21483, 5 
142.214837, 5 
142.215076, 5 
142.215083, 5 
142.215373, 5 
142.215378, 5 
142.21538, 5 
142.215383, 5 
142.215384, 5 
142.215728, 5 
142.215734, 4 
142.215738, 5 
142.215741, 5 
142.215746, 5 
142.215853, 33441135 
142.216005, 5 
142.216352, 5 
142.21636, 5 
142.216363, 5 
142.216367, 5 
142.216373, 5 
142.216696, 5 
142.216704, 5 
142.216751, 5 
142.216867, 5 
142.216871, 5 
142.216873, 5 
142.216876, 5 
142.21688, 5 
142.216883, 5 
142.217219, 5 
142.217224, 5 
142.217226, 5 
142.217229, 5 
142.217231, 5 
142.217233, 5 
142.217236, 5 
142.217249, 5 
142.217252, 5 
142.217255, 5 
142.217349, 5 
142.21736, 5 
142.217362, 5 
142.217365, 5 
142.217411, 33441133 
142.217415, 33441133 
142.217417, 33441133 
142.218037, 33441133 
142.218042, 33441133 
142.218045, 33441133 
142.218047, 33441132 
142.21805, 33441132 
142.218053, 33441132 
142.21806, 33441132 
142.218064, 33441132 
142.21807, 33441132 
142.218497, 33441132 
142.218502, 33441132 
142.218505, 33441132 
142.218507, 33441132 
142.21851, 33441132 
142.218512, 33441132 
142.218514, 33441132 
142.218516, 33441132 
142.21905, 33441132 
142.219056, 33441132 
142.219058, 33441132 
142.21906, 33441132 
142.219063, 33441131 
142.219066, 33441131 
142.219068, 33441131 
142.21907, 33441131 
142.219072, 33441131 
142.219548, 33441131 
142.219555, 33441131 
142.219557, 33441131 
142.21956, 33441131 
142.219562, 33441131 
142.219564, 33441131 
142.219566, 33441131 
142.219645, 33441144 
142.219927, 33441144 
142.219935, 33441143 
142.219955, 33441144 
142.22009, 5 
142.220097, 5 
142.220102, 5 
142.22048, 5 
142.220493, 33441145 
142.22052, 5 
142.22053, 5 
142.220536, 33441169 
142.220674, 33441183 
142.22089, 33441183 
142.220935, 5 
142.220958, 33441188 
142.220975, 33441174 
142.220985, 33441185 
142.220997, 33441174 
142.22144, 33441174 
142.221477, 33441202 
142.222061, 33441202 
142.222101, 33441173 
142.222106, 33441173 
142.222169, 33441172 
142.222456, 33441172 
142.222465, 33441171 
142.222822, 33441171 
142.222826, 33441171 
142.222827, 33441171 
142.223081, 33441171 
142.223096, 33441172 
142.2231, 33441170 
142.223456, 33441170 
142.223461, 33441170 
142.2239, 33441170 
142.223928, 33441169 
142.224299, 33441151 
142.224497, 5 
142.224528, 33441179 
142.224818, 33441179 
142.224902, 4 
142.224911, 33441178 
142.225168, 33441178 
142.225235, 33441176 
142.225239, 33441181 
142.225517, 33441176 
142.225619, 4 
142.225958, 33441191 
142.225963, 33441180 
142.226277, 33441180 
142.226291, 4 
142.226755, 4 
142.226777, 4 
142.227049, 4 
142.227453, 4 
142.227457, 5 
142.227529, 4 
142.227757, 4 
142.227767, 4 
142.228083, 4 
142.22809, 33441192 
142.228094, 33441180 
142.228359, 33441180 
142.2285, 4 
142.228529, 33441179 
142.228531, 4 
142.228557, 4 
142.228559, 4 
142.229035, 4 
142.229118, 33441177 
142.229162, 4 
142.229995, 4 
142.23, 4 
142.230032, 4 
142.23006, 5 
142.230063, 4 
142.230068, 33441184 
142.230089, 4 
142.23012, 4 
142.230123, 33441191 
142.230704, 33441191 
142.230736, 4 
142.230741, 4 
142.230746, 33441184 
142.230792, 4 
142.230801, 33441135 
142.230842, 4 
142.230846, 4 
142.230861, 4 
142.230893, 4 
142.230897, 4 
142.230913, 4 
142.230917, 4 
142.23092, 4 
142.230923, 4 
142.230926, 4 
142.230971, 5 
142.230975, 5 
142.231434, 5 
142.231441, 5 
142.231451, 5 
142.231468, 5 
142.231909, 5 
142.232059, 4 
142.286299, 4 
142.286321, 4 
142.286327, 4 
142.28633, 4 
142.286333, 4 
142.286338, 4 
142.288434, 4 
142.288448, 4 
142.28845, 4 
142.288452, 4 
142.288454, 4 
142.288456, 4 
142.288458, 4 
142.28846, 4 
142.288462, 4 
142.289023, 4 
142.289032, 4 
142.289034, 4 
142.289128, 4 
142.289159, 4 
142.289248, 33441201 
142.289251, 33441201 
142.289282, 33441199 
142.289774, 33441199 
142.289787, 33441193 
142.289798, 33441193 
142.28981, 33441192 
142.289816, 33441189 
142.289818, 33441189 
142.289822, 4 
142.290268, 4 
142.290272, 4 
142.291124, 33441187 
142.291139, 33441186 
142.291145, 33441198 
142.291149, 33441185 
142.291157, 33441183 
142.291179, 33441182 
142.291185, 33441182 
142.29119, 33441181 
